17193336
119186692
512901029
176458410
7375981
88969533
168425817
882378971
291884446
457349477
518348389
584705143
151643031
231944194
243724
116659287
253572683
35833158
214075454
165819258
11403178
57808862
628642774
276056034
255310227
91102
58847816
31841871
1574565
832160687
8306880
775916202
3182209
519695461
314375861
665718379
12550640
214134
155275246
228503156
494118055
22838733
176300254
447916090
78008804
207609682
153398782
326712477
30478847
201766828
568755836
799411340
535317634
37388039
51224154
112220552
179029344
139071789
489903827
154316791
122758871
488336234
277571580
905682926
45359566
156278664
7893237
86288285
58767508
141054967
30841329
366806410
15087681
19337445
541340232
202455
67003239
146455152
21239072
35157025
153975464
287237922
110208713
230262194
760884
193366191
583173002
14260782
276219999
60480726
23840418
21264094
353066477
285217529
604024548
122693345
58131300
31530406
255291415
128960968
237239808
624767604
269945295
190378500
130463934
192541214
649155376
309641217
190795350
580056880
116997127
559575097
395838633
333459728
248449910
419961604
21489899
189717269
295163184
94943063
171622483
449852058
65598770
243561437
6596191
88119492
70370730
946145325
163381607
562937565
290652149
18147455
970400884
260358238
291508274
199102937
505097076
84122822
594825457
129065371
156532949
11865205
98462504
93843493
33272019
66378544
55833122
656418627
378740757
114186166
77042899
10640060
56589290
682873785
119464373
292794160
434161529
405751609
330239547
158878039
819077611
272755072
16090579
179052669
475481895
245751909
513387
398531231
418859125
3765940
577770960
28394407
40661091
283401090
142008174
230391923
311712604
97992781
222499984
46754899
281946215
5453604
10588697
2301421
534011452
11948353
72392341
204622893
5012191
604725247
46281833
84864935
70338221
115305995
10959344
10253864
106849824
267985645
1816441
387650797
33414091
166422506
657278189
129908964
160233951
25208677
555634181
173153926
896277644
50317885
249506060
6930881
2720955
96099725
413291975
120228872
429346374
39668339
89869777
76341500
153060390
164341099
378610468
316569092
317584833
742760236
453532851
709311150
96006293
39412410
4209449
119794902
877956443
52736106
47336958
318058294
32533504
380726241
22910429
316449896
413779768
173716863
411040204
3333147
469179676
31008216
186318431
101214368
12621329
80742383
139269351
135261045
277132454
48414693
153071376
668652075
598356054
100033641
574651896
481792945
11945911
39086977
476173060
196248269
186496205
236354844
185848915
370753403
105105524
78304247
9377991
689982510
763380543
233276918
293154472
45069431
34359957
157956072
55580743
164897411
22057124
174776767
96149676
107501204
43649276
159512297
530241274
228287740
257930561
89767993
83144090
20753159
109497871
283132364
188480537
81646515
93971530
10645385
10665259
588294070
369633699
318127201
167616578
299612320
220223143
106952391
93675520
180883103
252058672
401613030
1001097
218252545
441489146
33311104
270054248
603043822
3087380
585709641
573978866
163547985
47646321
169721623
70947230
505073999
116682104
535601969
41535282
541472549
11537888
248583521
34791179
133544751
724449158
418877978
726248521
210987253
42744021
462405248
444913867
12956261
514413087
66925611
15350900
198782943
5247731
377894867
38181338
665876005
13284627
166247106
9730265
625033563
124969371
119151879
341236566
24463192
323875652
54655804
54094702
410369779
214709772
6183316
755786816
438806202
335273673
220697360
527456324
202392593
328992489
94966796
180780539
419830485
191813676
375124401
451846538
5552540
197410068
18634840
131576214
69776275
331948341
8477170
166484850
167500489
428615195
369013204
363072372
359469834
420356669
95626349
274589722
318809904
36664540
276746788
3247142
186489843
552087257
454785966
43867816
47265780
112982147
51603381
779937493
40624593
752012557
219733566
444052163
53960722
408649106
277482994
360668221
522660181
70392001
315480552
319411396
283448251
83414133
16786584
78852577
416078744
21710188
247235354
31940485
50160831
717356895
69955258
725744
23802731
106041773
390952030
10086557
137252774
362950540
16055921
328710795
35879091
19934408
422267319
54271227
10167170
185127854
67226851
2881952
12916673
210391875
422468864
359571696
89355608
59942674
301406543
357183550
12603000
12899877
179265670
183315435
165808728
66919422
254207725
46443490
117603553
482684762
20341864
63722411
74641773
336693868
137321977
4784917
472845628
34135178
951785300
85865455
51063821
122657360
280874546
475139839
207578975
1489210
143758929
200112065
96001359
160518500
324942661
96890829
823410785
262854973
478391869
89328768
394675156
147330646
608597947
552849772
117086597
302032934
155709345
166058502
17524340
28751330
543264503
91530578
193338902
78567990
36823251
321397734
932584298
828021200
77729965
29777240
39652118
353191655
147184292
641185241
106048197
80305448
18266725
103456628
103829965
35315233
538005507
16458203
225192411
143112917
401416631
158399433
36472937
23906833
789491525
322480850
4444006
40135502
32919307
278448926
21866016
721555654
385158151
416585982
1518222
220723912
374431543
719713436
106657203
31427333
511534461
650055248
94279504
65648850
646517137
380336153
308651735
242660081
305664114
341510091
163611560
127518993
363088778
82854562
264578657
121429758
16956148
183385903
81398932
279247152
32614510
8088834
214776163
448484673
12794783
95549490
66293001
68199052
750217087
159582599
23643593
45640834
241553169
28855938
122525095
390654036
4070393
32280264
102334830
540830692
49362888
15281450
168586668
286741482
121603766
59882156
52873514
322943028
137345555
453921234
78820583
303928214
333678085
344428672
38678726
308065325
571567908
145076332
21371809
315179019
312949297
13585446
19759814
160142760
116902283
145318098
86828216
287868724
17840053
610987922
367524110
8080652
385173468
5452463
281833574
281118079
8589846
599581538
521883085
164420291
278901786
805403194
65916497
103829718
553106342
84655156
21268514
796725878
61356939
32877785
30017666
352953703
27773819
49166262
64032164
45007238
75745269
102573212
152796483
324986485
66176289
115432035
153103284
67077355
592890
176961048
94808928
1022728
264644762
168242705
68146067
59149286
214466543
40885813
205696865
510406093
8424125
377632601
85086201
382313371
386169668
188471748
199226944
234963817
346987815
25825823
296068241
204342653
434822438
238679214
344636404
61098339
503779103
2730007
10042990
1334965
451587543
246221592
310801949
21770797
139788708
271228831
259701091
42153242
7078301
490663043
68576848
500994835
916637415
194073110
62441499
20335285
38221125
89721695
113324842
256333790
58017563
753484125
83894816
592228360
726262225
778067136
569598753
148202810
494843179
229451857
892618292
542490813
187220433
5717554
259735328
307236075
367197537
99337445
74821744
6715165
32797869
250264623
378294787
127899152
2545472
763269327
428078586
479740228
135756
700983615
150163407
190983547
388554645
40420305
590680285
14502736
309144553
102024743
156221187
44883263
375567898
266189846
23673977
6746665
866260249
716988369
427953365
96313794
188108579
166340600
127769242
386298541
116326552
545935857
23378288
173288361
532295668
110210851
329124376
281804686
66895325
49415774
795713925
27549853
46053822
238395433
40500386
332090191
28060414
9768403
527252211
488610323
444516619
98753485
92293983
43309205
139372660
393879629
556338536
43125414
486979340
555529905
603147943
768817729
382664224
42203602
122483180
207258066
143780112
69188491
185696235
358493139
31045081
245242245
93978763
18177149
439053549
380904032
34579055
103018316
133984476
467215031
241678139
19450853
259873927
126477343
114923496
486097265
247634342
182935202
841882444
186229068
228580873
542147009
587590233
122398925
2211260
581824080
363620278
83081826
482849645
34480953
105334531
126871936
50375961
2630759
469194609
681280166
24301896
49499263
41177361
88656811
135136620
399176852
15798206
5299752
151487674
81947314
19823053
169982244
723049806
797681362
352750625
272098169
778395469
291957356
294968180
533664978
99392531
680544138
28469602
155726470
192295083
24271159
284536944
247196269
138141389
599196813
617789499
127754812
143192829
814431430
3602873
129790449
175927954
120903937
48660969
216217957
3657695
785845168
78542879
528306420
624303275
100167942
583516745
318268450
82390672
103176263
49507523
160777722
430339
366129654
170221567
375492923
407345508
49814958
171010439
458964753
313990609
38784623
537536574
381890689
774149019
596317166
4300132
103369728
255828123
157414013
10836039
493422288
19168045
73140504
348284048
229550237
5993405
34356484
51682930
161810654
58138507
17762846
45923034
563209239
473815269
312291563
150513047
276875509
72504828
77413238
8021661
137861955
320585617
48544625
470178570
183758008
175148308
61969528
320182581
513595956
254396392
519451267
200227707
545060637
96878682
119803313
487741223
255925559
14701321
30492148
511424964
10923007
16583787
319585125
236886725
128396768
689781343
90533073
431899897
30949949
382300978
117454523
383474821
235017226
499171258
201301534
385828650
445775337
266238437
405780712
270366918
4039810
189872759
307968341
12948138
667368113
3030512
562821451
158941873
1650463
302492917
70736124
17765624
94239864
408403249
418900910
449335643
36308402
496380922
657382190
17284052
682886877
235744302
738697411
15298397
555284611
29883606
87727567
311556245
431263166
293635353
859360091
112724329
17654996
72764999
155165737
128237080
189956746
72890551
2711186
314829028
203410960
64451787
42587322
381080156
