131921446
129703302
3972623
67194597
52582480
123502239
786575010
62485261
108103263
169359677
484263975
232408588
20979650
286963381
360728205
75851770
22888138
400226500
877312783
73351389
42857566
230089679
32045985
283284090
85074412
78665703
682138062
528727491
344284779
579603724
339452512
49475959
47838480
18304387
9044846
3360641
615807341
69893907
4056948
312729839
203101298
133568583
97392513
6614888
244691462
578049151
154793480
386095795
489648098
400919023
422408124
660530421
672544117
735515112
149868370
378481649
73234741
4149447
11570085
12621989
29005261
2735584
12051916
105275425
3761085
1093088
2441823
238467983
6393161
339498920
101120410
3948580
173537674
8630127
249954523
88222256
15230930
177474441
35555701
56286528
181949876
318759395
75847014
113883284
96282160
266576745
564108157
36989854
266609009
23653166
11585483
242475835
216229029
577701733
198169184
243843483
588598904
19776817
7025239
11960946
70242977
54132511
11266531
517598020
323111985
55583521
170370911
798762388
271416319
147046445
17935549
10208796
24785844
79987567
502807049
492782362
578750405
68802161
282859685
365046325
46169302
2067189
10994495
184667105
632089807
64652986
138104600
646493121
92609243
640300224
315502617
3722805
12962290
274037664
782559161
280986077
111236286
211859785
139875662
445838223
132404442
58063135
304247128
142753099
203642739
4380689
9307842
16618954
582650430
343505401
187970499
31805897
313705816
8439684
688490647
427289432
56272802
35392846
167465156
144558324
53590758
178380669
838479230
16467510
22749002
120382797
141646194
71747770
324425677
115517997
39667312
4446772
588807081
272588975
79763357
95898707
393591506
39549311
244411445
229452870
278725705
328008281
15245053
113735865
24103236
51778224
18222681
513846163
102734769
124449036
25796111
275529967
115967173
417040051
433507039
294318671
58703168
262651117
230198894
34132905
29864875
97638156
144136823
127194821
274614050
228199882
139117587
195474309
73635178
22532176
39961434
180256384
29850563
229993534
335280108
15814882
80045193
450111943
231397159
280355514
164127203
58008360
295116803
132896191
445902091
373152633
412290601
369486761
171256552
558286026
172044797
535554872
4424621
31994242
378970795
878459944
70092825
273068416
169893764
18442143
28000878
5125494
667967251
100087497
66847544
628968148
538011492
106112952
442183851
12784046
22493855
559561120
71040724
225039155
525784465
106074312
745427006
166362881
832376217
54420746
644975141
42654338
508184981
662098465
49522144
88352165
50826778
110546421
68544874
120339891
87514049
134642362
65568418
437348631
82889538
31946051
217648051
35359279
13293527
157907816
192274533
12416454
519975806
392960310
741934895
44534306
335994704
145412282
867136703
312299567
19793260
326706770
97881004
239837742
11917019
127912141
52261352
58120599
31235338
88076938
698392752
280685370
3070333
245891096
7887350
317447546
26135874
130209335
27375624
1308049
19199842
133981244
92086220
446305910
43854701
24414571
403044882
241876363
923298
30208549
4518139
270272393
446531996
149308846
660554032
52415214
177411755
23935676
11957111
264983620
51238790
477234533
541325911
20612701
257070298
40642727
14083906
13897712
269326537
142461914
28225527
189489884
57601487
131077914
36337836
95320109
490272315
338490827
108934715
133221880
503517817
234094667
647870257
323473875
53253271
191432704
779330006
71362903
331550991
74272220
532564546
127721745
126407234
13073831
59470731
251614587
183524331
22649332
337575766
132964402
58948828
79706043
176628147
445574281
137438769
146941004
27517677
252812143
757460437
18832419
255036614
663126
109633230
486084976
389589
65185151
707485625
8656968
92760486
230945863
200165100
69626431
192827074
203371889
12593716
150750844
768957899
660331636
37012031
19320678
15341199
86996366
152142260
4824961
252103856
397532102
57590358
83217281
137490916
150369705
57688380
101330340
8140517
175923348
34608984
265777507
207847792
140175037
657675137
71726050
323975221
73642081
65648749
287837944
666488621
107152614
242086005
472016657
135174081
98278952
136419357
746134783
323502972
143308578
802357524
56465517
255028432
2895772
347281602
74070203
515209108
457345505
22736514
309001445
156530246
162200487
24886925
396155392
235015359
69567930
52989166
4280893
287707828
690637033
530509853
238460304
553176773
324607528
183856463
4064541
429898629
83022740
44977885
633406909
342887899
76086832
150216847
64793849
699144316
67251675
218005010
123086714
181265113
106514451
210831848
112004276
214226849
131226040
142389580
619130485
877156834
27547358
116165824
329667698
447489557
248486504
32970618
236377459
29919523
409876761
154581484
226976276
82919334
12516007
223196279
184805830
34148616
16416443
370344753
53863250
221601654
361909182
387750281
4397917
88187331
841565131
202961052
299053104
58379359
351671789
344003920
430811612
284579370
195639649
404988506
79796250
294134800
137510250
441931891
125453281
58195567
171267161
45799008
55093959
83841267
1530010
3983612
26213332
635532039
452977100
23075843
137582240
276598506
648813685
899332
262952406
575570199
6046450
207135279
64041421
37534864
4397403
432260036
39820895
61434594
658441060
382637467
106301437
19080997
34428907
42583714
347217964
171272053
354179834
17302461
97279359
80743616
37810635
146521681
241401550
394344971
77291458
19741147
137172500
210343619
67882001
65662769
