253289166
166313530
700870763
73321098
154059476
780658361
89044679
69781310
183877991
576709469
392243323
221676909
169690467
613337667
303517093
66915383
84286142
220438294
355720680
37867905
68898442
120941316
6758816
80882869
114885352
6313697
43912049
26703652
304624931
167828448
272169143
267792819
391464949
23411638
159505380
386642366
65211310
54899958
36386908
6794825
29704221
3599096
82157075
43501878
39829956
267006453
40830212
35672947
368112916
385712659
552972645
88665598
600928359
193437096
206834507
248614294
45603965
216708415
447030160
491030153
751980550
57414301
327922666
310013333
197134099
600578851
324053455
184457262
789320898
109155725
292658326
62837332
365679943
429472301
325499980
90014361
239563927
349910746
28889549
15857770
280100306
271412297
122403727
727953208
551943098
2294737
21046992
722386321
227926538
84259064
110467974
220959522
27003827
279844936
39988840
179733797
15954787
63815418
722019020
410140278
24975194
241550637
518493928
88911196
53694782
2366006
379880559
885741318
60584148
738505945
11920353
329790064
166082033
638988363
106872495
221422807
346363194
67747125
45302142
533761769
139004435
232010484
404513290
101648289
116265872
16319932
201883437
393754922
96442625
631768413
65799232
75858911
40948634
131398927
602391714
46011093
186220302
40324002
171013869
160541833
284019705
18160375
112879572
365713166
9303169
42817594
273774171
73838699
1188115
348989301
12913971
195508311
125522904
11669963
398627
85720449
517473150
29941791
13086373
456813798
752492474
621473270
773385965
204033474
363660319
124635266
469169897
135448138
30585521
49903733
453803021
171376904
733233966
274113277
83503453
59326824
745647350
203011112
4976546
82073910
169426607
18598770
629910348
85485519
34074
58279949
10631351
213081186
121393149
505100482
81960454
23467807
338493611
35651496
12594696
61180229
653497468
420472455
302620870
76630150
643397540
91037876
256289283
36811654
63725675
103130945
33943451
40580120
1674013
466570525
66979580
510263735
20154915
403202401
68201417
44834487
56511686
125824068
530406589
426634856
54661522
200697284
151567112
368153445
24982708
165023518
136400546
93739954
440114354
49955966
243890090
340791910
258193624
387181028
3460965
25845227
128156482
149911362
50787771
392342813
471473936
150348085
3784041
703806029
126042938
146016942
368695827
792565551
100923852
17526279
3652155
88210700
46800737
147762139
495912117
233277832
59134742
5678628
140710010
13170270
536804484
1916747
156977908
40550754
217122677
90515144
577090394
540912008
782007358
813294921
429151969
329468653
62481006
621823041
78819641
119298278
90331467
625517562
318942308
755097381
5028736
214944475
401763774
64699777
517883199
45314821
78646511
93547428
134061628
89623891
31773307
707465559
461888915
187067231
433120299
5889016
228485042
30481411
43180481
398687997
6980734
346843
578585613
272010736
555047470
256167422
169852333
415926238
40094866
10962388
23003330
132917355
72780418
545624799
73854986
520837460
30480165
482266033
94471711
54653434
3911644
587540988
62190481
840921773
404855363
223461132
398186348
197599316
794227757
225186300
636518458
73295170
414572062
187307259
487765349
9383058
314039334
11009523
688786791
720729480
65560042
381128601
67701001
90520062
146751425
30792970
407373907
8092210
620643701
15699627
70710364
234404240
39469755
84846841
195930831
845937892
443784038
9267676
147727019
378895761
337904680
79729427
371411641
77515532
268445195
225695884
593186615
182112610
269222499
122373136
86306323
27269868
100150225
624774357
549358504
116791403
106594744
64755430
336328701
168392094
108661380
36605835
118146836
893349534
16901372
16092309
366835223
178771502
65006105
297792674
152330776
21473154
461676719
100494968
424417280
510937937
48172807
328308096
495873635
60035690
180846479
6758002
573329948
357659751
118441836
830648946
767495918
20460496
485494379
44089722
265899857
44630412
84606562
457685548
95095517
3900202
29913314
181428423
118359908
572912506
32029723
515495548
259729242
218678941
1814346
285355130
302706174
814126765
185446837
376805259
3133703
118094844
17188607
174247409
62207733
191263685
311821746
83679164
534527337
48028433
8516161
692756072
372393764
62107128
2525719
129310888
320825576
28397585
46028944
212087087
353346081
313770705
2481089
47032849
364670039
60717438
68594179
44246409
435348261
124398874
205985500
367669425
646619403
156715123
155647878
717458232
156883365
262844327
31054546
142653349
310819221
697190379
803032969
270488396
299499613
321243513
423559611
128677011
88092796
402624075
54694332
145624283
99178312
100477816
121036139
31979865
673099365
455771045
56259826
727420623
228327278
409422943
202944655
165705304
95246937
263861616
674938823
2809789
613693087
101373481
215591740
374434944
49977812
437071114
291704304
27428283
138822468
120579808
300408006
917114310
50426893
97178649
19285839
141319753
155483880
666762909
20610011
711009654
36322623
349373668
52894194
859467677
51301190
641525133
57890299
24639519
25778678
89560933
165224860
20563225
855384031
10107902
130895213
612546953
205683290
49883391
98121692
53565156
15170112
97415969
87685154
17547358
265773134
290897006
19408295
4211120
1529938
1275853
189279642
51945346
133244926
35264773
271729008
445426066
25504435
345696
123023535
145002727
148308663
81203388
4245859
125449917
48421036
211404050
545460090
5748710
149756498
162873571
11447060
493901032
151726513
435556576
44464564
252984721
89869475
88866718
29040581
533001284
179989468
96562600
274961569
364564911
519078816
15802274
66697012
259953324
306469601
418956360
139058351
769454877
181859241
1735819
12446090
66505234
6727016
60152515
221578708
26154746
276138732
524405318
415549963
130152543
42153653
55175949
36194806
647849504
570014026
34723645
135622470
106273461
18984791
25247146
25273818
113017619
341544790
279161696
113097598
293833811
501183151
383392868
357559726
144182138
925659515
59696213
276380839
220833993
353145984
417529486
689393491
413287484
38367741
1320862
248864799
309476812
176291192
113791171
572312874
110993448
763417355
780236290
427357858
454549884
18965080
57029798
458944595
699136935
1936
101880054
85501038
244457438
1377705
376630465
3929184
346869465
119566897
540390001
3388716
354799277
743246844
161226987
588848982
40754395
489927
360042993
115050912
19356883
8783210
58047220
54653394
75447375
6778904
44793819
339435481
444670634
134233496
125550100
335281749
4785912
36590314
68351191
377925170
7788695
430331977
691530128
1887556
854751282
52702409
364603259
323943122
62898855
139600220
8924902
189413109
420834082
181486855
32072538
508946120
43980508
282823542
340057236
9089298
521419610
824254908
33548607
874947500
138241349
69429300
141634493
47816475
54764355
52273896
10527802
53128665
358150836
768205994
175168974
742708506
47945924
545730032
293782850
86918182
188653796
27460720
266187928
230993781
102596267
61264004
170209272
517200582
45266039
165961773
475075230
425891972
187771916
30943798
461653638
552566032
6000179
371166408
199221525
50704398
108728600
551736381
135826562
283255224
662182643
5436698
143550255
78325451
881168916
153706469
187566810
165640906
243549494
459715832
208020805
445862500
364268909
73017562
336876246
208415619
310392810
121519465
735318916
356708979
677900514
651743573
149452363
139090739
323738683
300243427
76803439
86712318
47073487
418173131
2935451
868860805
17998356
69568188
168631172
809336581
590008827
99674799
11988085
76916423
41679654
30215579
3376961
448674611
645333560
90259596
6445172
107204856
446205634
20031861
25572565
238951410
803357370
158230111
660226864
302830410
45432980
929243863
1456547
662887780
284051762
3829088
46965705
655841003
305587861
3558368
265340010
423318832
30939517
555934744
316803946
174271766
16532244
25562843
181182183
4034206
23285217
204309879
438025984
381963031
646339205
18226901
2644281
124787608
210171043
140321100
20974055
69762460
52604099
235511415
263824458
315992912
81371556
534222646
793282036
455190410
151045926
76317958
399561171
54925398
117232651
6426229
8019190
54404204
175027746
346526142
46011724
18839978
48067234
274672144
178050343
124699641
23367633
158472387
19005023
256402601
500041
43121186
740766815
3086124
182528436
210687898
74655881
514854538
3590222
414461973
525995161
311284575
205097716
237472059
113792395
111569628
4755314
327549676
15296903
37851173
152852312
106008155
79768313
276118580
403810563
84466331
263063717
208139188
4106691
75066190
455278367
127824987
119965857
169379638
26650772
14381546
23726111
35298312
79301469
431948647
843259681
58414493
95162183
58017132
427921403
133822639
206330174
178984189
723995426
157611917
153423435
296195908
214375762
373606310
153227614
436237411
259480360
121663139
1370423
292420198
62068843
30060126
240991404
14751363
108439714
58504636
66145438
469539420
652661678
60333562
719900926
413684570
835592456
450731167
189924685
512803875
47774104
73956753
158606919
197829737
289350361
72725952
253592335
517493743
78818550
468455556
467710
43977300
19990918
44631166
641777137
393532336
78459998
637232905
476158455
142528993
449628577
293699198
52227338
466655501
10102871
43516364
163875419
104269704
400423916
449615998
146198983
399110124
73346048
399221139
97212949
51349920
699919803
118333555
603588816
238975073
232231544
261181353
34415358
82406911
103387487
1293698
832410385
60360082
23661337
158087002
314209910
707881441
137640286
56366383
124150581
102622635
823926
278732856
205536250
75548363
176813145
31582184
