21.198677
20.613142
19.476559
20.206209
19.852517
21.217359
21.300482
20.829209
19.734247
18.025307
18.022961
18.686510
20.695147
21.242404
20.710463
21.068875
20.605121
19.492305
18.118011
20.736662
19.958209
20.232857
20.499601
18.672622
21.280067
19.784527
20.679938
17.418304
21.001524
21.258134
18.667859
20.662535
20.963972
20.450256
20.688516
18.285401
20.888546
20.145422
20.657582
21.162594
20.258766
20.423420
21.073526
21.014474
19.749769
19.709814
20.376742
20.959387
19.787528
20.476119
19.279604
20.569653
21.055014
20.758290
20.709427
21.028846
20.875203
18.907918
20.846751
20.372064
21.197837
20.720056
21.046971
20.817120
21.287374
20.155896
20.643213
20.611051
20.843820
21.191277
19.811378
21.124651
20.137493
21.167004
20.772878
20.655453
18.760108
21.287446
18.871827
19.414050
20.020633
19.789506
20.843389
18.494021
21.080043
18.066015
20.907537
20.123705
19.266214
19.485474
20.948723
21.179150
20.975439
20.197975
20.264742
20.724213
20.870304
21.164924
21.213146
19.307617
20.826136
