21.218869
21.227061
20.411663
21.093119
21.151585
20.997355
20.275371
20.407179
20.204604
20.497429
21.006614
20.420601
21.272442
20.324166
21.114747
21.096249
20.819548
20.173755
20.695381
19.049837
20.225984
20.227996
20.923510
20.943423
20.094278
20.585980
20.006985
21.283673
21.051753
19.589285
18.980719
20.709778
19.091926
20.626035
20.297167
21.106938
19.002488
20.752188
18.845353
20.467397
17.646765
21.115629
21.137420
21.298725
18.494377
20.670403
20.894067
20.912826
21.145747
18.560477
20.848701
18.317230
20.400869
19.557202
21.013279
20.952425
20.891583
21.169445
20.687820
20.085414
18.450328
20.854513
21.138700
17.398953
19.400972
18.638444
20.939169
19.914596
20.866217
21.055365
20.679329
20.905416
20.812461
19.870780
20.654976
20.906372
21.041620
18.152707
19.717894
20.568778
19.070381
21.128431
20.668837
20.635426
17.218987
19.294980
19.787733
20.672711
16.859015
21.028949
21.114718
21.219413
19.933718
20.916432
21.241094
20.395558
21.014003
20.590430
20.621614
19.918821
20.006703
18.188582
21.222301
21.000173
20.041337
20.102194
19.981420
18.414984
20.235279
20.551460
20.357416
20.506797
19.512406
21.218348
21.266326
17.994968
21.204255
18.062442
20.739171
21.042427
20.875784
19.927882
20.936183
21.204959
21.232786
20.586195
19.504637
20.680520
21.281462
20.904737
21.063652
19.074019
20.968771
20.732097
21.136195
21.142784
20.972903
19.145325
21.029265
18.572096
20.482293
19.415840
20.306275
20.526186
21.223113
19.634230
20.602742
21.118729
18.783602
21.217845
20.521508
20.992159
19.552548
16.197239
20.859768
21.260903
20.598533
21.089222
20.255437
20.189681
20.207629
19.340083
20.061645
18.362142
20.720231
19.321573
21.025489
19.282632
19.062011
20.650449
18.320270
20.385111
20.658843
20.434881
21.151281
20.506360
20.528874
19.747527
19.322163
20.689799
19.277858
20.784942
20.019120
19.461364
20.795067
21.043978
19.181487
21.250651
20.469984
20.174534
19.284594
21.040533
20.153719
20.439917
20.909749
21.169714
20.417770
20.470687
16.730962
20.313762
21.090605
18.505975
21.043219
20.213145
20.205245
20.581152
20.856703
21.073242
20.704854
21.051904
19.651399
20.676937
19.829083
20.545215
20.936636
20.922694
18.958673
20.896516
20.849129
20.669343
21.292462
21.039076
20.106714
19.481509
18.208420
21.279910
18.071913
20.521925
19.984809
21.197888
21.116397
18.761897
21.097330
20.518607
19.985978
15.534246
21.243515
21.206407
20.873350
20.245960
20.689174
21.131594
21.177636
20.830096
19.510752
20.460955
20.129742
19.965484
18.993713
21.076613
21.071251
21.242970
20.437507
18.979959
19.059024
20.539726
21.228316
21.298914
21.224012
18.328212
21.017381
21.023735
21.283011
20.438004
18.616790
19.035246
20.019494
16.952778
17.033277
21.228062
19.757823
20.406877
21.045259
18.979855
17.917307
21.240465
20.665843
19.673863
18.443201
20.571139
21.296487
21.140981
20.023413
19.992758
21.081465
19.863624
20.996329
20.766390
18.877126
20.891203
20.850106
20.936039
20.009107
20.550947
19.152323
20.231049
20.749514
19.902026
19.733413
20.486136
19.569545
20.438840
21.140439
21.082797
20.314831
20.997433
20.787394
21.198807
21.061809
20.878993
19.865274
20.848244
20.624465
20.304703
21.202469
19.495417
20.801435
20.861024
21.013686
20.699456
19.474328
19.875739
19.885101
20.057216
20.962427
19.749541
20.841052
20.061050
20.521834
20.933491
20.989160
20.584396
19.140128
20.472893
20.073036
20.224600
17.731394
21.185839
18.965756
21.096962
20.384867
20.206567
20.111639
21.204972
20.949986
19.745585
18.688290
19.492375
20.955331
20.909740
20.961104
21.160237
21.213971
21.086748
16.705506
20.838894
17.368848
20.856920
21.042161
20.195311
19.624258
20.271419
21.101806
19.435377
21.070369
21.265240
20.599054
20.907649
20.957390
20.777438
20.231950
19.091788
21.225345
20.866750
21.162678
20.575786
21.148842
21.073782
20.609238
20.432808
20.553333
18.577567
19.345656
19.887258
21.164944
19.414576
21.165395
21.006613
21.069102
20.604338
18.730391
21.280807
21.144816
21.011279
19.300940
20.612931
20.732643
20.574379
19.574216
20.014296
18.730080
20.649360
19.867863
21.145742
17.486634
19.092783
19.658659
21.174193
21.202994
20.936033
19.428409
19.845246
21.026390
20.081035
20.559620
20.844001
20.495476
19.705238
19.836872
18.925754
20.945752
19.470675
18.690790
20.408213
21.205407
18.511289
21.208949
20.187479
20.378620
18.897844
20.797779
20.554530
20.533593
21.130377
19.604599
20.580002
21.084868
20.325141
19.788152
20.730749
18.664435
20.317518
21.076115
21.116447
20.899398
19.246639
20.154564
19.152160
19.605577
20.701429
18.523660
21.178291
20.957676
19.303859
19.384663
20.548853
18.300348
18.482938
21.077549
20.096758
15.403558
19.944053
21.044760
20.160172
21.253046
21.257360
21.085106
21.025675
19.625839
21.171683
19.574014
19.949628
19.054924
21.277145
21.242261
21.046186
21.257252
19.127966
21.005653
19.343668
20.889837
21.085920
21.171288
19.811115
21.071326
17.651800
20.701971
20.940231
18.844488
19.702554
21.298055
21.239714
20.523723
20.829597
19.956335
19.976534
20.467522
21.216575
17.643171
20.825885
21.075673
18.422174
20.990787
21.200150
17.894177
20.910565
20.670341
21.130133
21.066029
19.257890
21.285042
20.118736
21.063624
20.966406
20.345384
20.472258
21.002109
21.232636
19.292996
20.915288
19.310660
21.284777
20.553676
20.500040
20.526958
20.992107
20.965307
21.011013
20.620594
20.778817
19.801304
19.454431
20.869332
21.256514
18.526242
20.675818
20.580199
20.496246
20.329768
19.261299
20.455670
19.768041
20.472380
19.780620
21.230067
21.104044
20.878226
20.659070
20.803844
20.857951
18.476757
21.006504
20.565144
20.671739
18.241606
21.068858
19.183699
21.028875
20.687819
20.833820
20.266774
21.032890
21.058349
16.087841
20.746611
20.943614
20.367566
18.509092
21.300293
21.041993
19.647462
20.455231
21.127011
20.568313
20.608750
20.830903
19.436373
16.566487
15.858479
21.030781
20.871543
18.547148
20.282761
21.283397
20.500848
20.404871
21.047272
20.738208
19.531534
19.532795
18.295119
20.329509
21.062813
20.925044
19.859427
20.287639
19.870738
20.838578
20.016879
19.869950
19.933272
20.542280
20.648760
18.952469
21.248529
17.477207
20.973122
19.041033
17.815274
20.979112
20.972717
20.673804
20.856359
18.798840
20.641590
18.902271
20.587761
19.378015
20.633604
20.633660
19.525518
20.725703
21.186250
21.257525
19.020977
19.250442
19.549797
20.226675
21.024481
20.503511
20.757282
17.004992
21.216231
19.018039
21.261434
20.973491
21.276606
20.675079
20.911896
16.346405
19.117615
19.918434
20.368912
21.018258
20.200912
21.207664
21.132045
20.908682
21.206304
19.743686
19.635408
18.769881
21.043833
18.789994
18.018792
21.168064
18.527489
18.547477
18.644026
20.905665
20.635783
20.871364
20.684203
20.049227
20.799003
20.610640
16.371819
20.467056
17.995545
20.680153
20.076745
15.053255
21.063279
20.926608
21.020821
21.274509
20.506275
20.509815
20.870009
20.284540
20.891540
20.932160
20.076948
20.064362
20.831501
19.609128
17.337200
20.926681
19.906179
18.883577
19.760732
21.029243
20.999756
21.018629
18.275937
19.683171
19.079999
21.204337
20.843180
19.371240
20.091886
21.224808
19.384478
18.863770
20.540552
21.020438
21.210914
21.216707
19.736463
20.425919
19.292181
21.165402
19.083515
20.452796
17.206442
20.992023
20.810561
17.967104
20.010259
21.150451
19.219997
20.586405
20.827459
21.155630
18.962741
20.654623
21.212850
19.716235
20.462412
20.388194
19.705326
20.987360
19.592547
19.703897
20.901682
20.868065
21.257927
20.474872
20.735865
17.395838
21.143842
20.947791
21.188202
21.263767
19.269449
21.206683
20.704546
20.783624
21.245115
20.913012
20.517570
18.655520
17.434059
21.230815
21.063080
19.158983
20.517229
20.715812
20.169080
21.002046
21.258507
20.656996
20.178567
19.335326
20.983089
21.297257
21.063585
20.924163
20.053133
19.740630
20.953094
19.350510
21.033227
20.508270
21.258353
21.011725
19.767192
20.285224
20.237968
17.065454
18.108290
20.877630
21.236480
18.520100
20.769251
20.754366
19.582865
21.192133
19.308940
20.611475
20.853089
18.950588
17.708083
21.264801
18.870401
20.803055
21.094989
20.985249
19.383115
19.012900
21.238379
21.142101
18.960258
20.716693
19.460900
18.401009
20.119494
19.818667
19.990696
20.617439
19.880442
20.132389
19.469484
17.865456
19.811005
20.790740
20.808510
20.396574
20.603257
21.010002
21.025485
21.290204
20.937789
20.853606
21.086347
20.848469
19.905015
20.553939
20.295266
20.370880
20.451921
19.457019
19.005394
20.654860
20.966476
19.112589
20.460932
21.167569
20.219840
20.946350
20.334526
20.757618
21.155755
20.367526
20.811591
18.900831
21.294504
18.739680
20.245648
20.234885
21.108288
19.073239
20.204757
20.315548
21.009392
19.345290
16.676184
21.135233
20.541314
19.823354
18.945655
21.190763
19.869514
19.669118
20.001977
21.254571
20.122227
20.950704
20.919492
20.865371
19.950110
18.548546
18.784603
19.216253
20.128363
20.696471
18.607355
20.108933
20.828649
20.423218
20.867038
20.101568
20.323009
21.120262
20.907418
19.210667
21.113116
20.679306
21.106786
20.087120
20.819411
21.215816
18.216998
21.146396
19.133142
20.157099
20.892276
20.008819
17.553283
20.245006
21.044974
19.299808
19.969991
21.144196
19.112684
20.745456
19.931817
17.869306
20.986215
21.170720
20.498118
19.835637
19.584717
21.107539
18.585416
20.954221
21.078282
21.189931
18.969059
20.560623
18.200582
20.965399
20.374141
18.901971
20.742700
20.287125
20.407888
18.890719
20.587802
20.047641
20.474634
19.971897
20.003855
20.711204
21.272785
20.347569
19.250874
19.818250
20.428124
20.960279
19.050818
20.970240
21.241517
19.318364
20.373624
16.583376
21.132188
18.285925
21.021823
21.241011
20.658500
20.876397
20.627251
21.219542
21.006408
18.805964
19.318269
16.384712
17.607160
20.835414
19.373168
20.529919
21.006729
20.430577
17.253814
20.969397
21.083081
21.299263
21.074573
18.711404
20.725873
21.020426
21.069607
20.618602
21.187894
18.133983
20.298423
20.774781
18.905984
21.276637
20.348357
20.818352
20.839725
21.190643
20.364582
19.824454
21.115394
20.665598
18.874488
21.144904
16.754142
19.847744
19.535499
21.020856
20.874181
18.110839
20.181853
20.129442
21.186736
19.217181
