3069230 852693
334863497 775467913
146485623 79113259
457507297 77360989
2510297 42127409
76237898 7381171
2409953 22142591
6272362 8467871
31394245 171717249
446641617 207088241
74463956 816817553
719424689 765593617
175699557 780290417
72510354 7844395
79549345 335204041
65735049 317377765
997846875 200630051
133756171 42185815
539638643 276035107
2367287 11564767
8011946 161404305
22027253 132748187
30906641 6727545
251108053 257693104
188018989 17087153
11266472 66706509
143750390 5992129
201208445 415798481
305361195 621309827
1091778663 125609627
744221 7404198
64774909 609654283
543083663 384460424
1285052493 509892125
29914857 5871791
3107795 5095579
205722829 157724797
256769833 659648761
34717013 92930574
187570527 2250823
3459727 11748871
696673513 280978481
15740121 759449426
73195994 14536577
35118536 178949007
342103215 81535531
215767819 63398933
915401 404789513
1213633385 617560693
100682251 124143526
47642617 16223797
636813939 177060212
44456401 17071284
170713377 44982541
3012643 47086291
73901325 13680937
474029692 36210183
1411029917 284189909
319656910 197118233
6073183 127922428
47088159 74159567
268033071 52099031
196920618 42512417
72515155 119930266
36099863 28813461
783032947 191562953
1237332401 237160261
39490438 281002763
410458284 449843417
22721905 213019529
2278121 5087293
243821833 70024573
136079833 4787637
147314595 494350888
572902831 24542947
561839234 91792317
169653685 78435728
284408709 329619148
23817211 7943627
313823883 36621329
264805612 730528617
85010843 970994507
28164847 60787671
10596605 29898827
37833009 52158413
73877587 5182507
50530959 28458667
54071079 148167487
224237525 70286269
71957557 493027025
748569217 1043324613
11649435 76966861
53864669 12158049
311742323 950304871
1009639291 545378535
59377377 701819
239591704 153560067
213247021 412476585
391750517 187380281
80912569 81555289
62431847 75952834
432724777 29025921
935545561 12887341
59987041 23186570
4638741 4841153
330139077 39802537
422335959 16239910
3119693 13501376
21057131 641448843
201436213 157988785
169557727 671122575
158395 932208217
205303285 526963938
6121851 29445718
59005455 5069966
33334899 13931159
140073925 46237899
49459735 181228059
253874365 592965733
254070347 66764450
53283494 432527907
36582445 1050003081
232574425 11285714
21432933 603797
202393285 7722389
567701163 164107436
43430248 195543415
301704565 867578913
5726284 665461769
578692679 224314491
100831580 69694939
59288359 14203390
13049071 664723
231153173 234974966
16446295 64814719
17032583 9796383
501797027 139459575
70033135 3873937
24855485 386275953
251213079 2699648
6225 10388
10904666 81245739
41888297 33310830
30824839 130932108
55751372 30042281
15037801 244569824
119704237 834879409
277532209 547111933
189225105 271755487
21120803 144975926
71692883 153374433
459274453 17786097
227799355 8926737
526448074 14179333
19578630 854408543
61859635 9690571
22334285 5252371
364969801 50171211
262984683 261214055
10531529 307328930
1020983241 148857965
7928333 49436
136646871 100660691
154079032 5621759
109220183 330773055
57597593 358504343
169881340 478716321
90001445 140456714
733115956 69591699
1618218531 113155315
14124529 1669605297
25135385 11140609
94141562 3622071
264836127 637997885
78615397 39539893
801295599 445377775
230642106 73184347
199998030 12750353
921048273 67201459
83901595 22826532
1386932 97379
255246043 98656011
84486517 706506705
160631741 35041502
196743667 774937019
341872004 324189947
227768503 135870619
34571334 63950381
173240327 322498341
571695086 398522303
33616269 13853098
6787180 104730427
6190985 6134849
6649733 24567197
58552981 8619846
75140535 331157947
59737361 723562881
30976574 4183121
82694963 13537790
26453715 791398951
318748913 1045622269
89797451 1053174011
15132373 1418315521
26557827 62734624
6730763 716495287
503887185 35196353
430432034 50834747
112838359 53973201
40823265 841033121
24642415 329805239
90033233 1838842
266232579 581315839
47442801 156213802
45125035 12558011
68508376 28667753
13507126 135897957
21622415 264430691
834565097 25185402
24167957 1837739
724522507 72213111
107409467 426165975
184228608 483680969
1542304969 441192597
80762246 353683701
718313374 36697655
199647267 37347175
321585851 39689957
662624467 107105172
243009841 2402805
551717121 314442541
1189278193 339880257
143040109 98413296
111005998 282094821
288942972 48793415
3996771 42941959
10735039 424371
184784014 13304823
425100421 95921118
15183533 204082290
364443309 1323697733
728816 6090179
248184209 27489571
94786943 264171005
176503501 112316832
130025501 124544456
84674155 71936403
42815006 84120143
9761719 265324791
4053967 5487936
18337946 213327457
326271497 295081646
314772031 20224086
182373861 68136005
274107177 63671257
28378790 3321233
17587033 12921916
111770569 110370615
151132391 204726451
230735291 15028607
851976679 15518918
3665165 2456073
325124807 164918823
1865842543 3681067
68271299 264932266
984191833 405021973
1470715067 519655467
184414983 42119099
59153101 199693825
64545551 44486391
392672131 371640026
2957627 5353940
27649129 50864051
4867343 411109555
328217307 1242156119
334370451 506068834
207803236 12057313
573880407 134024143
20707618 70067285
67983851 179607502
633267931 266936749
13382242 396147087
1227163813 747906297
59058251 447538878
84920225 363374689
409971931 416852192
18309299 182190339
12672083 126695491
66624125 240012297
48828849 833899009
76520384 44007473
71472548 134832435
146543491 1283715
54839846 17092479
957668841 11208941
112997305 68696842
115619857 121540065
1519004681 451127757
87817079 3394815
243847215 51591359
391261597 503899865
195867665 28845608
10726636 171411021
111579635 215707427
26251865 50532818
100179684 14444443
399399061 392849205
1485625961 116580045
8819686 104382231
54293680 133976051
176764855 413510267
87047270 4889957
195831673 241454099
84762815 136909723
519764393 100952291
376225 5856453
717989 142562
9480433 389528509
363148002 368548955
38835689 150437281
267969803 1309684743
574525685 583667917
1331135627 60218067
159291134 38024173
11005023 643024406
6454727 11529635
75418303 675661203
162565105 207137273
36815826 41031115
145506712 21739845
104084551 91502294
1294196 67435651
568911505 301182411
165449937 21128194
34223219 190229916
99384229 19482542
1317669 586757
79399274 252988515
98788817 12826260
429624799 479918215
4442573 178543559
71493383 884577115
26172957 43281356
145979190 662349449
968672875 13574527
471086001 489858605
72004931 198894395
22298263 138612991
117029 4569027
752934953 454157281
133021863 365544706
84837389 476015717
66003595 23639302
197167295 374941963
47738666 5778253
1183701 12078866
10361839 115836278
49062480 1805291
141754685 132502304
1148896301 495429461
51481737 167696503
235116349 381734883
194106253 299840413
526653923 368905923
22242741 420316279
146104255 205518059
45418325 1107727537
98465403 54672067
59414965 344574946
501729321 6269144
7414927 49209892
6828361 2018372
6985801 308576
108107739 2337599
232278641 23061225
158402921 83836544
19978417 210654989
260602847 24733721
60407140 46225467
833074595 16706382
96258770 245881791
94929655 35497371
118370864 53806675
417221657 461836097
280783912 165014109
37684997 190609521
180473952 250901657
248747653 199291060
12227582 22354865
4686524 139546929
7679315 5646198
75215188 51393911
246270385 13084981
87413261 4499116
13067321 39768137
84650877 8992178
151924349 164031005
373204378 582953521
835215653 854934757
252565821 328286246
97229235 57932804
36824452 80851293
33483403 54072185
223194348 95336519
63967238 94801395
128102137 17378284
33889135 36118493
51772261 34646676
11604665 4010069
51879039 406626359
1251905 8699881
151071197 6287956
185340093 29404382
787356 6582161
535858834 273354951
63018974 374939279
616149243 292511989
399335687 68287478
449300550 14522401
464254913 26573387
62688117 20986538
212179595 259190723
48027237 374538767
20812719 73174975
1833082 189723561
1674644431 101657943
2238973 87629524
88809953 281294198
372974759 490481085
140600332 64482541
492048591 203839826
1596687219 388720043
216668479 114266499
121527701 268705455
246425405 405714101
15538853 144603024
1608191 105053635
59519032 34450659
87030854 5140323
5137854 5126185
209729449 164049181
33744215 16137583
381388545 376017601
11700185 27109889
3108386 780421
190887917 248198655
9950795 62557999
1175465879 608771647
120877156 512918691
845780647 378229563
349256659 631773864
476833962 263338433
8654157 119872265
159370097 57407712
156121021 63955777
42157541 107326694
134196558 161013043
97485379 585411277
238260124 73354363
50728157 138694173
499022 34403
426507219 59324378
4727857 2176152
810414207 188975179
304348138 369859281
183865915 154636947
910724737 79862971
614131498 123963343
98728827 208268330
58184971 71291118
320295051 217617451
165364501 54178113
58160781 869054302
12451069 12190201
74734920 23371033
63487536 46922875
252702363 1416937075
100206630 716856199
47529541 1617748693
222135593 17439665
129057460 199055447
815951757 918282601
115043867 603623927
132841721 680284177
1030049253 559933177
1213417323 481951543
51416651 5794377
7039697 83692164
81439057 139614533
715963 2540313
31699164 11583065
19823081 4584399
2998921 138944838
2134361 35573864
16366423 49156639
678180823 470349631
84366703 190114638
786929912 121366667
993565539 305027027
1393814817 41138297
227204269 148401924
167370135 397790854
14353223 43843305
27713353 572070189
47870859 275909657
358888661 11224115
105502315 91153087
530330555 260113071
110623003 65955169
181860093 1621000649
53111429 57142625
22739198 21003481
47541119 23406798
1185399231 548181151
48225815 32107967
863199875 436783099
1944089 1632939897
54212317 930519438
68569939 929422729
1154969415 136137983
16775399 311847911
574087857 119147801
795214595 426861599
448842636 241839641
118813003 845381438
937963 7141133
68740577 105375425
5921381 489062720
222805829 46268848
269131516 621344197
89887583 890097571
629558065 20385434
12751312 21484291
5371379 198256782
591959393 7579425
343782161 716814481
904098233 633089613
41442305 18508908
64284817 29018546
1038851 5343687
54701427 148911725
9095227 90640471
4828547 21647811
266253559 16074555
149283675 97447087
104863630 48155921
138803653 3202427
26725083 87812971
15927887 4222739
92118949 14279739
113374020 40620169
104426976 55248185
216984439 59271757
234617701 635900829
36242747 169474107
277518017 259047281
1327165077 506909633
21102323 131229455
1400567843 10981051
782656287 7901462
126783325 418430521
109213065 31894037
3080753 5787601
1054398335 617878571
1017033827 95112891
44777527 654239
340708141 8188821
220074539 41578956
384131939 18964458
65987 48551117
25374953 40813805
592941677 390665325
426254395 444799123
367815685 220207361
323541567 205399793
231153033 87518111
154249598 105837393
18569511 64310087
4340821 6360
174068908 142630067
1327836071 399426471
257594001 25067957
15836179 32062434
78837725 190243667
2337847 34760406
576481989 56483641
124946836 12597365
399876781 73442074
821819686 132570695
337970489 490701789
51574325 116349721
9715161 3229805
236648435 421057079
26298197 35608953
569645595 276649207
409421626 395819613
1171243775 562442423
11891567 638675
309956656 567764579
347396083 622406655
46417889 447903005
568687053 248378480
294161975 101100654
361434212 308109797
148704113 448727877
834279413 99000668
566271377 503705521
171390073 585278809
954465517 244933749
558587294 92161223
271689053 59702157
421972221 151996585
268870142 278967333
70926452 100875231
166319583 2542486
691475849 60175436
101625703 54915692
174426729 70205528
9363191 120711530
729602866 127978565
120089933 31229556
369393929 321688931
252563097 1725330733
19847291 4837571
70701803 1633823655
7495 3350799
1201359 46123895
74502884 213578141
58041119 159913018
446078219 1004106503
826030559 569888611
582839893 16748617
387687139 83791884
280249563 691342211
561028949 180724068
319939987 45943663
609611289 24113917
37174751 147674623
31571923 337830404
110895934 377148125
467255257 98494745
96169317 797577881
81816513 529585129
11827479 186024005
60397665 335399834
645250221 172952242
396150339 946392191
553804245 285050789
429981 12918163
1406791 2700264
54725970 742924511
120882096 48293567
287680181 308013315
93507251 642062165
295379 439331
108963694 78824779
38735917 91187970
1060432 1438995
47771264 193333593
244709355 248958791
805145527 34427103
54853905 19226323
379930633 58930741
813862075 142006604
63908539 329159743
417572133 18731263
132056666 54400611
497297941 44899353
72522290 85523529
41857008 12935
679892341 286957713
290084997 126796603
672984337 280448429
216385443 1787246
59484663 241012552
88340449 8466869
58809713 28068657
301419473 268020377
267438445 8578348
466770437 80196201
130567483 1484767999
12635093 244118259
26096761 41034177
152136651 538945826
162263883 19039207
25074560 75764517
46638675 13667147
6481581 13241681
26691537 59933957
71578769 5954098
22929675 422439682
8721933 50406365
26126099 14135463
317878589 112227797
135732158 19282575
185886107 35793763
359826047 536430019
1102070405 801149729
344748559 1157806359
94832742 7742837
470783421 444328913
856381119 59611003
160582317 253384937
442077810 104627989
216441549 88080002
28578088 4871271
19695411 29834620
27197105 114386
41803169 689501625
1324377223 74655975
325212319 772088751
759080496 237698071
129062225 1241014501
10315435 46892064
336199657 118452695
21155435 343061
320066445 169233347
10848873 1617001
192749413 754140993
623818360 25786847
35529391 461741571
923034847 569020275
617640329 238701705
8607977 2169873
77538855 93053596
1303849029 522039449
75276609 49402840
82000040 299119539
25978781 96397990
8980627 18628119
119992742 44370387
1188503619 520326259
847797193 159842193
527387803 105899593
57944617 638624488
3863035 18705124
456464699 13154787
278166071 1306601887
182961131 1787272063
299065841 50344460
51894031 56138345
39994696 32794317
12296849 460383464
101403611 213044763
794635972 146385271
58781512 93606521
32469599 102404151
20558168 12487193
268233109 365464975
75672499 15719271
25401197 626954253
1154499669 229139957
3587323 248156551
148216143 263034974
447345223 14250354
705195673 1179354069
57145763 739725987
144726509 194820721
69917727 10217432
213104667 13921685
1160712777 114078229
191912865 505365578
238538 13235163
17667447 204309811
35796305 19568001
110200819 20627730
43160682 62193919
119937790 340198217
47106374 132710997
298226765 534513383
372921073 14586436
464430395 154165551
1516814 830643965
124991889 2744209
15193471 72851836
145084422 848358517
67904717 69766717
3832056 171671585
10691261 35719801
1528258185 128997013
417785235 1129750583
258411867 935475719
57079801 1814347021
81920469 167223253
469820791 192234391
125290069 798845334
930817307 986300615
363297037 279939054
55665622 140926199
277124461 43694838
6007129 33839005
856729396 52571545
17545945 18641058
3139347 81614587
3405016 71774213
16827629 66528989
40301649 36843541
66826321 213828272
29798315 226951191
12471775 20583067
50013725 24314057
4116317 24437317
111958495 197986639
1037744081 844935621
11900517 111940253
537741621 378157049
82758253 3387466
63376233 56476330
13795801 8229227
11120308 777060681
135160527 125444075
137577101 19739365
369933345 369030128
290468449 206936432
137624619 660935483
20850337 275459673
112071662 53907345
62825203 3996523
23334369 33156742
185074353 410642561
58671836 192324675
250485665 23093954
19340183 814871
132074231 407780003
9191261 5252865
581434981 138905425
158279857 413178620
127987936 34047149
180148697 6940398
51994003 346711
587736799 23605615
261505057 339311606
206567473 25676933
19068415 40060644
300897521 85654524
2655768 16070651
68845286 10427925
992182 40659931
59124855 18054413
68939233 84963000
137908697 85446249
297639954 158981783
69567223 121250178
15983551 28197159
858450850 78705257
60338711 191600475
931053609 47671832
101921617 1306130869
411617277 175991669
418084441 17212113
10148100 15203593
484685315 1152748863
293789964 587773297
199989 7928339
57388512 91994321
22649587 54486336
361256482 33843007
187309269 480227
684526525 99626556
219171889 137491738
365979486 286912769
316047433 130065369
35369 328095
958160001 771090817
53232902 51759507
23462792 123470925
714524297 98379617
71527673 37354869
17748439 644939483
46242157 185670
1818521 210155037
40544213 52060629
344900875 458027742
687962997 166735084
89043611 32647118
124051099 4562718
397143042 56931125
193502581 105495568
11397361 189009073
81481341 548794777
230054285 221382178
121330928 19227405
191255711 17982359
524342 101521603
8879281 17300104
368362042 382872657
437194629 937915357
183481828 159518133
163126609 326629755
51783722 24712255
131096061 130480039
172711921 14699244
120194813 237630320
116463135 1534206823
70236519 456132173
59795836 6307603
11035982 802703
28851775 71986663
393299047 65303952
75502283 33046507
521312039 296015675
5504279 64935127
4206373 49312974
43275711 431826944
169067367 167332981
201941541 30631460
8440241 35276045
6138765 1751452
393767807 261542635
40878238 121141387
93625019 394352507
328927007 106981676
33047822 53720249
61324990 58095057
386314179 111492785
1717128521 63909165
285979595 221819331
761185919 11310768
35551728 75665969
5269687 19697487
797611872 11520619
768344131 41590255
184320621 56490574
370685079 4377625
75850787 9536651
26124131 887514227
6469381 41267274
205097197 571484780
176525723 184897556
1066703 20740409
67248319 486984850
18307597 133667885
140029685 93588922
23734476 81853549
266427526 142357485
26712094 199995827
654345523 108958750
91707501 878499445
109517746 228637
269948325 196514189
922639389 181783549
478988556 418844819
153567905 219578537
388867382 80272059
146084905 43222714
96377456 49047349
254842735 476413719
114339605 1484323473
311559491 10458378
326548485 661633937
742537 2191949
61627301 425193743
154772171 635263427
567074441 79592976
870353644 74889069
165780845 413811599
269798435 725109927
55307709 40955707
121227767 762842282
626775829 282701428
1195714629 621070769
185535045 61139704
103415729 40808857
102534473 851020478
300162515 1269840007
332180981 128044593
707507904 163446919
116929437 1510256485
956271156 16507757
2942501 124323641
97852824 672685153
30127128 153308719
448783109 482225053
101045241 115726684
97012325 76804293
218083785 111567737
226600862 316482969
704298709 2020554
1173541225 741650893
126389503 382880203
61933919 36758307
201207665 17376716
245205393 335800949
313737965 138524549
28368567 158601914
165724710 774110323
3980577 6941093
3816321 1883158
19063852 10011359
267346 92050693
183639303 50570164
31748049 3522985
25660749 285999497
273663577 101335107
7253781 648250757
23382933 41200004
12797273 72102566
5163649 90640562
13946472 10087247
86929178 312246107
590701955 1329383631
178476193 884888769
682419718 301220691
31481960 683448063
32391024 39735635
1254406453 67241445
84551542 4309543
13704101 46270085
707924629 57260916
922440 16331269
251327680 196736721
787349555 21913359
139779958 807537935
765157867 703088455
319259724 34695653
29434101 1839278345
116509676 355818989
369401743 30213321
14863308 3597565
856617873 462578981
227775403 27115783
11245805 68859789
889337119 471197863
458511873 127207823
5344645 143640049
334712641 134003671
216178879 701328498
358670811 388024726
151150173 560767499
104886402 25331761
39722893 179029014
226714702 584028375
14818088 6961155
54070705 53315279
18682201 92216185
394788763 185601325
208193369 137619144
3612407 219839768
203141935 28051108
62482435 139982277
71704411 726962688
825054425 312327229
1394795309 428282929
70100301 215932147
483093849 106919731
217523796 243230993
292384504 388482783
4159423 2445013
7271351 146956188
807497815 1091230023
147969313 65741733
57045423 10927466
956813609 864707945
11139602 144333541
4090153 64714777
328452513 158263885
65554543 4318235
159435850 9234537
12122252 36991557
606749935 685673587
903737 1833837
52892207 56894949
252701203 604821845
9247239 398382049
178496604 208507555
58422937 106775521
66396543 993755711
605120657 184447489
403170031 426503640
174757176 84104309
65294501 112334123
1074786983 856955719
174430279 16789545
365027402 162199431
491192964 479417659
223918813 762574305
42092735 79589597
16814619 238249003
4222751 220368363
7597188 22248359
101120996 31860809
663644233 248761605
534487053 899120393
638281229 159706261
5142207 1972892
16297317 350389369
625396357 792429
1076960861 899874285
116879 1073587
101209876 266950881
661907629 47400121
71640569 578616806
7443461 21613473
547939 1600621
68583741 518018453
29341509 77614975
28422539 102303083
72077749 74456925
75462602 206915721
40641 1339489
456537807 1146293111
40969792 80840379
137101742 8272659
81577756 166647541
462780599 401830751
439212591 264365386
2625375 9338221
8747153 16160468
240022648 25330907
222643270 273993973
57405700 158755401
4689803 16244255
