329275070
314449514
257348036
227681460
204519888
337567258
468299416
158955402
84085324
218604590
617662156
784635166
90228426
257116308
305843480
715039438
448935156
553973594
532478956
386648106
505910846
751911366
76066658
234628242
760242347
409093884
660797920
1043034
720738986
104601890
563649044
522808120
107698140
258903306
782702298
207925506
178095630
552501752
423699826
47599524
614235747
629766884
473222786
283874246
265302356
457376096
290766528
348110126
671779043
495625394
648002996
343380166
500228828
80921354
80173410
336901686
556777944
67902000
514144494
700825502
645389838
3046076
302362220
41011980
828797731
1683040
697054966
698216188
824705322
436427358
620899612
511005816
83808860
803096818
371224046
330187378
550787708
794885108
586774202
149548714
35769642
549378278
182971008
242636984
59754560
687430836
837326312
588383198
316084098
500477900
10573526
80598880
336061056
132973930
231846116
508957682
480479932
498199110
322306894
195204976
325716378
195204976
322306894
498199110
480479932
508957682
231846116
132973930
336061056
80598880
10573526
500477900
316084098
588383198
837326312
687430836
59754560
242636984
182971008
549378278
35769642
149548714
586774202
794885108
550787708
330187378
371224046
803096818
83808860
511005816
620899612
436427358
824705322
698216188
697054966
1683040
828797731
41011980
302362220
3046076
645389838
700825502
514144494
67902000
556777944
336901686
80173410
80921354
500228828
343380166
648002996
495625394
671779043
348110126
290766528
457376096
265302356
283874246
473222786
629766884
614235747
47599524
423699826
552501752
178095630
207925506
782702298
258903306
107698140
522808120
563649044
104601890
720738986
1043034
660797920
409093884
760242347
234628242
76066658
751911366
505910846
386648106
532478956
553973594
448935156
715039438
305843480
257116308
90228426
784635166
617662156
218604590
84085324
158955402
468299416
337567258
204519888
227681460
257348036
314449514
