977762156
57354948
57354948
977762156
375224240
330163728
955796304
621879664
305065368
576422600
961309832
91499736
627319696
221949872
532632560
206835280
610031255
528514085
441854325
669851015
108269064
505134232
930740472
290902824
356070380
698112452
934351716
991143116
484158552
396774280
941709416
331312888
117853683
838776121
801438825
955166339
196271872
179969792
398716544
886901120
567283928
745414024
745414024
567283928
886901120
398716544
179969792
196271872
955166339
801438825
838776121
117853683
331312888
941709416
396774280
484158552
991143116
934351716
698112452
356070380
290902824
930740472
505134232
108269064
669851015
441854325
528514085
610031255
206835280
532632560
221949872
627319696
91499736
961309832
576422600
305065368
621879664
955796304
330163728
375224240
