755303539
803156713
916568697
642113543
664129655
845133018
460900389
456338249
33976962
354949848
401839014
945621813
945621813
401839014
354949848
33976962
456338249
460900389
845133018
664129655
642113543
916568697
803156713
755303539
181255500
312639392
399625261
344628197
976295332
684659900
618030991
143200451
132375676
731096042
121645363
763611701
59067602
73534448
463415222
581070229
638515253
181025197
824868226
304806657
623817557
329877191
640238848
258697539
130132828
131353805
102279195
864463505
925147465
658530165
345224464
337086656
591467061
590123543
331178388
425547051
222442745
172738214
130848037
172738214
222442745
425547051
331178388
590123543
591467061
337086656
345224464
658530165
925147465
864463505
102279195
131353805
130132828
258697539
640238848
329877191
623817557
304806657
824868226
181025197
638515253
581070229
463415222
73534448
59067602
763611701
121645363
731096042
132375676
143200451
618030991
684659900
976295332
344628197
399625261
312639392
181255500
