259903589
241678578
528463019
984202072
212407370
902805001
414521618
23116853
834690791
103051494
979918779
523000065
8224286
947582293
242295521
432221551
485149378
137376106
629262326
47425266
348717152
366810448
447781331
246925042
342062763
130043396
90133281
95019988
6005574
560700127
34047146
200996593
197197910
63690991
759744811
462407764
586694045
861634956
482168603
47646690
482168603
861634956
586694045
462407764
759744811
63690991
197197910
200996593
34047146
560700127
6005574
95019988
90133281
130043396
342062763
246925042
447781331
366810448
348717152
47425266
629262326
137376106
485149378
432221551
242295521
947582293
8224286
523000065
979918779
103051494
834690791
23116853
414521618
902805001
212407370
984202072
528463019
241678578
259903589
110439448
149992822
202914733
436031841
428125320
790380948
626885287
685953051
24039974
792217286
557241405
970457075
748596184
712785087
960498651
965497211
913953257
213589852
671118693
614462982
854170870
3459323
396433989
489166860
802140493
461036037
968618189
938349755
902525757
708699572
782122243
508941139
235583397
691565889
260769327
544398127
280408555
242122965
459871804
904547756
610953651
219236766
569888704
745841628
429506861
891734900
871683470
141274980
244940563
204001182
630915075
873149522
73343550
139529985
347798269
26182107
915020106
961726661
916681689
339263743
206569804
339263743
916681689
961726661
915020106
26182107
347798269
139529985
73343550
873149522
630915075
204001182
244940563
141274980
871683470
891734900
429506861
745841628
569888704
219236766
610953651
904547756
459871804
242122965
280408555
544398127
260769327
691565889
235583397
508941139
782122243
708699572
902525757
938349755
968618189
461036037
802140493
489166860
396433989
3459323
854170870
614462982
671118693
213589852
913953257
965497211
960498651
712785087
748596184
970457075
557241405
792217286
24039974
685953051
626885287
790380948
428125320
436031841
202914733
149992822
110439448
