704394532
0
0
0
974609375
200000000
500000000
0
386718750
0
900000000
0
54687500
0
500000000
400000000
693359375
0
0
0
672656250
0
0
0
869140625
46777344
500000000
0
669921875
0
600000000
0
132812500
0
0
200000000
589843750
0
0
0
502734375
0
500000000
0
974609375
600000000
0
0
296875000
0
553222656
0
296875000
0
0
600000000
974609375
0
500000000
0
502734375
0
0
0
589843750
200000000
0
0
132812500
0
600000000
0
669921875
0
500000000
46777344
869140625
0
0
0
672656250
0
0
0
693359375
400000000
500000000
0
54687500
0
900000000
0
386718750
0
500000000
200000000
974609375
0
0
0
