377598827
666309163
372754068
384262129
539813394
973034168
894328105
828484026
222245823
739774871
728497053
434507887
192384856
272834656
114983990
860380723
29580663
859623032
368237962
204247526
845549702
684970295
966512164
503515533
965749619
114596034
752970358
924024785
85418513
595100972
892296470
267126765
493330665
758482275
164637986
669114786
736678694
97236574
396371574
258839075
195533172
727442078
204980475
166995452
123285243
630027978
413882138
326131403
526689344
509898000
191430071
790805962
464810061
196268440
598194685
870972488
628454855
959702126
459343932
461564882
285216853
643996386
162630110
777386856
862609444
917763798
16552108
186820201
96702532
896416429
955878349
837339568
789602790
282106314
93088779
165807659
774345198
491494283
682450534
844490572
967355836
621273074
674309870
710565727
17751503
532647228
745293862
892504196
892504196
745293862
532647228
17751503
710565727
674309870
621273074
967355836
844490572
682450534
491494283
774345198
165807659
93088779
282106314
789602790
837339568
955878349
896416429
96702532
186820201
16552108
917763798
862609444
777386856
162630110
643996386
285216853
461564882
459343932
959702126
628454855
870972488
598194685
196268440
464810061
790805962
191430071
509898000
526689344
326131403
413882138
630027978
123285243
166995452
204980475
727442078
195533172
258839075
396371574
97236574
736678694
669114786
164637986
758482275
493330665
267126765
892296470
595100972
85418513
924024785
752970358
114596034
965749619
503515533
966512164
684970295
845549702
204247526
368237962
859623032
29580663
860380723
114983990
272834656
192384856
434507887
728497053
739774871
222245823
828484026
894328105
973034168
539813394
384262129
372754068
666309163
377598827
71861036
596611023
800618104
209803922
299864807
908442286
878749677
924429472
192214307
78405064
149501844
560816465
76762171
396425805
803131624
98834928
739722420
284082875
863600124
842836830
863600124
284082875
739722420
98834928
803131624
396425805
76762171
560816465
149501844
78405064
192214307
924429472
878749677
908442286
299864807
209803922
800618104
596611023
71861036
