1
99
4851
156849
3764376
71523144
120529256
887031544
200862756
30945644
278510796
526132804
524973896
974825304
702498296
647490344
399324306
537877494
450330806
761936594
47746376
84379224
571889976
88501224
280253876
840761628
623706172
427057428
98147672
447189128
376774632
419272568
140954207
225573693
261407757
199757263
244012912
658724688
127392912
506947888
760421832
874753368
493707032
840495368
524266832
196326128
708730672
799206928
782474172
406248628
406248628
782474172
799206928
708730672
196326128
524266832
840495368
493707032
874753368
760421832
506947888
127392912
658724688
244012912
199757263
261407757
225573693
140954207
419272568
376774632
447189128
98147672
427057428
623706172
840761628
280253876
88501224
571889976
84379224
47746376
761936594
450330806
537877494
399324306
647490344
702498296
974825304
524973896
526132804
278510796
30945644
200862756
887031544
120529256
71523144
3764376
156849
4851
99
1
