200414874
435246881
608771932
837061732
858438409
290112341
294649213
965674642
865612981
557026401
428721750
826704652
295233124
639730824
838769425
736137893
4701157
201326567
110928875
733031325
196157587
678088786
96317129
371183221
125061143
283819504
156157271
784521634
23336214
243880385
1152303
571796490
335563087
10349615
609026795
838950228
20334318
82007258
610372327
823161108
807666576
26863147
407803904
499596536
454735077
868250004
371299121
860611020
568308697
612917388
612917388
568308697
860611020
371299121
868250004
454735077
499596536
407803904
26863147
807666576
823161108
610372327
82007258
20334318
838950228
609026795
10349615
335563087
571796490
1152303
243880385
23336214
784521634
156157271
283819504
125061143
371183221
96317129
678088786
196157587
733031325
110928875
201326567
4701157
736137893
838769425
639730824
295233124
826704652
428721750
557026401
865612981
965674642
294649213
290112341
858438409
837061732
608771932
435246881
200414874
