1344
6800
720
4000
5056
5120
192
640
4000
2912
3600
4336
1932
8080
7760
532
300
7524
6192
5520
1280
400
5240
8880
3600
5104
1920
8128
6284
352
8120
8576
2000
6176
6920
7954
800
3296
9200
7392
6528
9020
8360
1440
3392
3696
1440
2388
1704
4140
6960
3968
8980
9256
8480
736
8880
640
1000
3240
4720
22
9840
770
5888
800
8688
7150
9760
8704
3996
7760
1120
7400
320
1168
432
7024
9472
4960
5632
4708
4492
6580
7216
2528
2436
8056
7504
9712
3488
9494
8864
5952
5784
9760
8448
1200
1888
4060
5040
9200
8560
520
9600
110
6558
8800
3520
8840
4000
2800
5536
936
960
5660
272
9160
978
82
7440
4664
2540
1016
3200
5346
1520
3000
6000
7520
9024
1760
4400
1280
7192
2000
1776
6400
9820
8186
3520
6704
752
4936
7760
2000
1296
2400
3200
2112
9968
8176
8248
192
3200
5920
3792
480
5756
4688
8000
2000
9440
480
1280
2960
6128
240
800
3920
224
7168
6020
8800
4304
7800
7920
7168
6678
3344
5392
5896
7520
1842
7744
4528
6432
2456
7840
9074
9300
7884
4484
288
6720
7674
5142
7744
3600
3680
3010
3296
5440
9952
1296
4576
9936
6648
3088
7596
6944
7200
7952
800
9220
480
968
4688
8504
4720
4896
4800
5920
8016
7200
8120
6800
7800
4544
1360
6922
7610
3456
6160
3600
6000
4360
5346
8540
2720
5680
5432
3354
9408
6976
6160
9240
9360
5456
8400
1072
1520
3120
4560
6840
3776
1920
6600
2768
7120
2100
6960
4348
4672
4576
8448
880
7784
6170
480
652
4660
6640
9200
8800
6320
9280
2000
6400
7592
7440
5680
3664
8240
1680
3744
6944
56
880
3536
9920
3804
6840
7360
960
5114
6134
4016
304
8640
264
2832
1296
7200
2464
776
5680
9280
2672
560
1560
7360
36
320
1480
2560
5344
7920
7680
5792
9584
3440
3160
6590
5840
7984
8104
7424
4160
8480
880
9872
6624
6864
160
5280
960
9306
5260
4040
8400
7200
9200
8320
2448
7024
6576
0
4384
1280
9660
6084
9056
1616
6800
5972
320
7432
4704
8800
8862
8320
7648
7704
5252
1744
5792
9732
4240
4760
4562
9440
6288
1360
3488
5056
4816
2290
8696
1792
5280
9610
9700
6450
1040
8000
4200
2096
8608
4700
9600
5080
4000
5032
6384
8720
870
2938
9644
1568
8752
2632
5664
4720
7040
2944
872
8736
6096
3308
8256
7968
9168
5904
2160
7840
3952
9200
1792
0
9440
9502
9500
6400
8464
5568
958
2848
5392
7024
2416
3760
9184
8960
920
7776
0
6592
9552
1616
7972
4608
9056
6600
1376
640
6560
6000
7776
560
7904
7360
7760
2720
3872
6160
2916
4054
8880
2464
1440
8088
5760
1920
800
8536
5240
6632
1600
4112
5774
6834
544
1648
4576
4982
4112
8884
398
3872
9456
4096
9892
2000
7440
6352
1696
8224
4096
4240
416
2700
8400
1700
9652
6704
2680
4176
8318
4480
3360
8528
3648
208
1140
9802
3440
1440
8560
6960
7152
1632
2314
8336
3060
7600
8240
184
1376
3776
1108
8656
7920
6720
3312
2240
1392
8348
3488
4032
1366
6764
1104
1304
2880
8712
9400
6648
7348
6224
7696
5728
2976
1648
8000
9200
9600
4780
4608
1578
2000
8608
7296
8800
1524
3366
4944
0
4864
9360
4966
8642
1824
7520
1000
6352
2768
8848
8436
704
7280
1920
3480
8068
5192
8016
7360
4960
7600
3004
408
480
1960
4400
4400
8448
5776
4576
304
7904
6240
2160
8208
4608
5528
6544
8444
3200
2160
2720
9600
720
1440
7312
7004
2384
6048
9456
3280
7200
5096
6920
9184
9984
6876
928
9900
8112
8000
7576
4160
6116
7912
2832
5312
3856
2172
5840
9760
336
5182
0
8420
320
112
1136
9328
1280
6560
8224
2056
1520
8816
5200
5200
4880
3920
9776
8080
6360
9264
2720
5254
7188
5724
7376
9264
2828
4592
6800
8240
1968
8460
2384
6880
616
6202
4524
2114
7350
4800
4202
2912
6368
1232
2400
8308
9400
8544
5600
6664
1584
448
8640
2880
160
2768
4174
1772
9630
540
4416
5520
664
7872
1984
4520
1120
9056
1320
4372
6368
9800
8048
1826
1520
5136
8672
5440
736
3792
560
4960
4224
448
9776
9920
6256
150
4314
5600
8280
1600
9288
3136
7856
7536
2032
496
3872
5200
8320
8896
920
1360
1280
1340
2128
6576
5288
4198
9860
5498
4720
4496
8192
5120
8400
3656
1360
5444
860
3584
9440
5020
2224
6592
6112
7090
800
288
2240
6198
6560
108
7600
4240
8560
3752
6528
4484
6400
4112
528
9600
8400
9904
8176
2848
4840
5164
2016
3752
8576
192
4654
3880
7376
5224
4208
5088
8000
2232
6352
1000
0
5200
7200
4400
7328
3840
1146
8832
6800
7320
9970
5200
5536
7868
9712
8560
960
6736
5352
6160
3520
4340
7484
9040
2912
2800
8480
3974
0
9136
6736
2872
9600
3728
3424
4380
880
1040
3940
4720
2688
7936
6800
5790
5882
176
4280
4080
6800
6352
1360
9642
3448
8480
6528
6016
5040
2480
3600
6320
1984
8880
3760
7840
2880
9592
7042
7810
5152
4560
3216
1600
5064
6240
7544
6920
5280
4008
5072
2856
9152
3646
6192
160
9120
1200
5488
4320
6800
4912
4670
7184
5448
2800
6272
3376
6390
678
2768
7920
3408
2096
5756
124
1168
5952
4402
9208
1936
4160
3546
6266
6480
1954
136
2460
4730
3520
480
1672
160
3040
3208
2320
6120
5072
7160
8180
4968
1156
468
9680
5600
3564
516
522
1040
4672
9376
8160
5208
864
5876
5376
5720
416
800
800
1840
400
3720
9328
4320
9460
6816
1040
1336
9924
4440
500
1224
6688
3470
1056
1888
3180
480
6720
5256
1100
4768
2320
1568
6400
4640
9666
8768
120
5716
836
2864
2456
1632
9232
3232
5280
3920
6000
0
3200
7512
1328
7936
2768
9200
1800
5454
2920
8610
1984
9744
6240
8994
5376
6720
