80320
68920
92000
59200
66198
10240
8224
19616
2884
18400
65184
40980
94784
56736
52352
66000
92800
91808
15368
39184
50432
94890
42280
1760
2362
19520
67776
62800
82720
11200
14200
44000
5520
4672
22560
79200
95920
30080
5120
79908
22160
42592
64064
99840
73680
72072
42288
23232
8424
46112
64716
96000
88224
99840
27200
43628
44480
30720
55808
75040
82400
72864
58124
4320
24640
60072
5360
2624
56720
52160
70080
22816
68480
83520
64096
15200
96784
99904
60800
4800
68528
69120
17320
70000
94344
34760
4160
59200
48448
25464
85440
71680
25684
29504
21824
95136
66604
67920
38800
96754
23128
73920
65326
99640
60096
5328
90292
92448
23720
26896
52704
12800
48586
2176
89120
44128
69700
80700
34766
71496
92000
87776
42928
22894
3904
1116
47520
82942
37324
49500
42300
51136
73648
41072
61280
12388
38400
17600
89680
57744
80300
15680
39200
86464
40000
12864
43528
2400
17744
80736
67968
30920
64800
73750
59024
29864
22128
42040
688
19392
92640
53856
19720
55104
93088
88800
61248
60250
48864
48400
83920
49600
94322
24480
51680
95162
50312
65658
65788
88992
68352
59776
71872
95630
88608
4288
98144
24792
36224
21964
35060
3600
95176
7684
33600
60320
50800
15904
24000
63040
9936
88480
25280
38768
87400
38800
84552
38608
33504
91200
92800
82400
51280
88800
46260
13480
27276
87904
76944
90240
8760
33600
44720
77792
12400
38806
65152
27240
22400
72480
14880
45920
1054
7684
55840
25760
32468
63358
15392
64400
30788
96800
7056
91424
93600
87968
23216
9534
31936
70816
48430
49440
2368
21304
94902
40480
69680
41216
99648
72240
52784
83328
51310
30368
45232
60540
12000
39616
48800
4240
91952
43340
16088
62544
68640
2880
75988
23520
59568
99392
2540
2560
92000
66160
94400
87072
18540
82080
39592
2440
79040
33440
46992
82784
46240
57600
77232
82720
68960
82140
89350
52970
32336
55680
13280
20784
7884
98160
34890
10480
69792
87296
56000
92208
98256
21808
47000
77072
61792
77328
31488
76960
23040
42528
84624
29672
36176
71840
35040
98048
25726
63296
6080
17376
86400
43136
83960
71232
85728
13600
90272
87840
69110
4916
81152
38064
8800
54400
14528
29120
61172
99762
11680
53056
91200
41780
52960
86912
51548
87008
34680
39840
48160
92340
30200
12468
39200
70816
51904
48800
9472
86656
94640
37760
45280
73824
24600
10720
64760
31588
99776
82668
66992
9120
46592
39488
69712
10732
35040
16880
4544
88200
96608
73280
61504
5338
15720
72496
92416
9440
52264
78240
64672
95968
15344
19760
78570
83080
55696
17160
66792
43344
23904
6892
31722
6278
63808
44960
95456
6880
48000
35040
75040
88600
60176
99508
45728
40800
66936
1664
26926
20640
56320
54112
11896
28312
11962
56888
24472
32960
13600
77800
85824
83840
28704
95136
77888
14330
73216
448
21700
83548
57760
56928
44000
57420
85136
48620
38956
10204
91616
79316
63200
6288
38240
83216
18240
32608
26710
43678
67552
88992
54400
33904
67024
68226
97280
79208
35200
46952
87188
21632
51220
9118
5100
60800
12568
1120
79776
73672
18592
67780
36832
32640
33832
64360
60000
11320
24498
13712
4184
81744
59000
30432
60320
39580
17904
93088
33600
48544
46432
43680
10752
6560
35360
34560
27712
58328
57744
4024
88938
90000
27936
86264
99686
51544
32224
3316
37280
24260
18080
36688
2624
13072
18656
49856
37600
50480
30368
61020
83760
42760
79792
24800
5632
28032
30752
33452
13520
13608
7840
44122
22984
57560
53440
72458
77760
49584
91104
2830
93824
19302
19456
85760
86368
52170
91008
39072
29248
99200
55744
13572
25312
32480
56192
86510
97432
33696
25360
75200
39136
12000
75344
33436
19232
64000
46384
72992
16960
10240
93344
70560
92384
85136
74440
19104
84064
87728
49470
52998
5728
67934
82160
8480
77056
80736
1056
20000
88320
84904
58400
55428
55680
69716
78864
16400
8012
11200
82688
39240
21344
66408
47648
79360
39360
2944
59648
31504
48824
76896
88100
94720
22808
12994
47552
88600
58568
83290
56544
98422
17584
41600
55136
26288
67932
33120
62336
70880
95680
46528
70016
36096
79200
27676
62160
56800
84528
14496
86720
91200
73920
90400
20368
30944
22656
69960
41952
64448
7480
54880
67360
57408
8912
49088
10888
13960
24848
79992
71728
47824
68512
65488
73832
52480
12548
26160
61968
92800
10240
30720
93600
5888
29496
67200
19100
80160
2784
89880
37676
70080
66880
40288
50256
43460
3000
89480
85696
80960
60944
38720
62400
36000
19816
92100
75360
16400
69908
11488
17360
38194
81240
13904
17376
14656
66560
88512
29712
17600
93800
38108
12000
37312
37256
87200
49920
59084
7500
2560
9536
53856
36640
47696
374
30000
43744
56000
82240
90240
59360
7200
65920
78336
37710
99652
35872
23880
73812
41600
5184
56160
91936
24544
93296
44344
30848
56856
22784
94840
54440
16000
17600
10272
48200
16880
67678
48352
46000
86720
4128
26944
50080
88576
49680
95944
97916
24816
41030
26368
52960
49760
51504
22464
65792
20640
96696
49120
1920
16480
50492
70080
30960
94140
99136
33760
38536
68100
56060
24812
93136
42880
12000
60000
83248
88416
35200
64512
59572
4160
83040
27456
70400
35200
70624
3040
1120
36516
28464
36960
41600
19600
15072
3136
72354
28916
70800
32488
84480
46820
46112
84672
59416
50372
58368
89040
45888
22424
86240
97536
41600
71456
88976
52584
82824
87200
64264
85032
22100
59664
83984
24850
11200
22756
21920
96958
80696
90530
41312
47024
95334
18816
16000
80000
80320
58644
8648
62144
18352
17728
86640
58160
97120
72992
68176
24160
47040
10704
70000
53648
7728
82782
71264
37296
12928
62704
52384
17162
98840
18722
43080
71296
99238
23580
88000
8288
32132
41904
96256
63792
49552
50512
61856
54992
2000
5280
55648
84736
99136
48800
69360
0
55520
33952
71880
47388
23720
96800
37280
19024
76320
36640
81208
99200
6896
29028
94080
21920
3320
93440
41216
74640
38244
10080
25664
90480
336
64324
59984
95920
62520
23584
11440
76800
69824
58048
68810
38048
68000
13856
12800
55020
36160
51232
79648
19696
17792
11428
95872
62868
97972
86832
92060
80032
92416
53424
1120
62272
70752
38816
5424
88320
86620
9280
74544
13200
26720
35776
2812
37360
78854
90200
48960
66662
86040
8456
33170
91360
63200
78728
64676
15728
34914
10864
38944
33920
37916
31520
81408
19740
60800
37940
65694
73836
97920
86400
32200
67704
62080
8000
89040
37760
40320
39282
94154
82856
45664
67520
16480
18352
58720
95200
18752
11200
53952
29760
57566
10876
19726
42144
89184
34336
49640
64800
36004
33888
80640
21824
79824
65184
34152
52808
5560
85200
20000
68664
56512
74240
89328
82400
23840
89600
92832
76256
2560
59920
99552
45680
28576
27440
53400
2112
30032
96992
854
38560
88588
58528
86800
37960
42912
4320
72544
48488
97512
88768
51520
8320
61920
4000
46600
37200
19360
10304
70360
23072
7200
83280
98000
70832
58300
22960
26272
57120
34608
77232
44800
73312
30400
76000
160
9320
15630
41048
83104
60256
68780
1800
41968
55200
30734
88736
58480
36432
43200
52104
84160
1760
11200
91200
72196
37616
6960
70000
88832
31832
80
27712
53200
54620
45672
34976
89672
19088
86964
63680
27216
72032
61376
20096
15936
9840
74400
96880
92400
15360
41600
91936
13920
11136
58144
61200
92264
77440
40256
6848
64488
38400
52464
34448
20704
39200
71030
62442
88800
32062
48032
80416
19920
75760
40820
99504
70880
76928
27280
3226
88200
81280
97444
74464
37760
13584
9316
18568
10176
73944
89600
98760
8480
57728
27456
37462
71976
32336
75680
34616
43416
8592
69784
34464
94848
44320
89408
43200
30848
97040
52640
76436
62272
48416
5824
28160
54072
94272
70560
38752
86800
67840
84640
7168
29760
51000
8776
83232
48672
17280
49878
57960
17248
840
27936
70736
78960
78016
56768
63560
56040
72320
37216
63840
7456
62116
84168
48512
26880
65376
60064
74064
45964
15904
92122
94366
97148
52000
69296
73178
98208
54420
67456
58400
28864
2112
52864
78800
52484
46594
76710
37600
78568
92800
98120
84200
94800
60160
41184
43808
90848
46168
78304
52768
59452
57920
89472
74576
78388
87720
30016
82220
47592
49952
90400
23872
83680
85820
80066
93600
38080
20000
44800
84716
41280
56176
27688
29760
29090
68992
69632
21640
43888
76768
69920
55116
72480
41368
31020
78384
18240
7040
39680
2704
33280
53704
38820
3588
78176
64944
73656
75840
37372
38144
83980
87488
18832
87060
94914
26688
60000
54912
90296
64404
89016
91034
43712
52480
19752
76128
94160
36328
22544
35200
54104
73120
51144
90400
93440
43960
25470
14416
25420
31382
83840
57200
54560
94016
36456
8216
38848
1118
80608
82960
44000
4000
58400
2414
88800
8704
94304
87504
4500
25016
10960
16720
28640
23040
14620
98336
86896
49440
740
90848
54560
88000
75640
20600
15520
83360
32000
84400
36912
50400
54176
36704
9440
29840
38024
88768
83552
1120
55840
38112
13104
80208
67240
57432
1008
13472
26336
82640
40000
88000
37680
928
42400
45472
56160
74880
68280
29760
88240
99904
1088
31120
32236
87640
84820
64126
31680
81920
38176
20800
53216
4800
29104
75420
37120
20800
63680
89584
91968
52160
4608
95748
68240
62880
60004
96200
3040
47368
77972
74368
78312
29920
57376
46968
26848
55680
14130
12770
26800
61600
86694
70240
44898
20800
4480
84800
74880
24000
72506
97506
81456
89744
71892
75840
5640
12048
68656
50406
81896
7520
49824
9440
5440
81440
71216
27376
58960
63296
79720
15296
3456
62528
69498
56960
30600
94966
47000
98880
54560
14800
90464
5568
30016
69188
23040
58036
19040
82560
16352
14976
12576
76144
90480
12608
45234
79232
61280
3100
15936
83040
23680
75520
83840
62080
23200
27840
94288
19680
73952
17456
29600
86616
79872
15840
45544
23680
46260
87546
95040
43782
21216
77440
98720
58656
39784
72710
43280
82870
66688
81600
42304
49212
29024
67200
65320
91760
25568
69920
37600
25760
95328
31840
29602
2688
34256
59256
36544
87520
42880
5888
21760
47520
6494
3216
37728
67584
72508
92244
22368
91600
94896
93568
33680
78520
18508
88494
87760
92160
51340
66016
25180
90360
31608
60496
76400
76512
41176
45200
26920
28800
31920
64220
23232
76492
36800
95248
15200
28160
78268
53854
16288
17016
17850
14808
37952
36046
91190
63780
14400
92792
36992
79600
25024
80150
42048
56176
84704
17952
27600
19564
31520
18040
40128
93336
57132
84640
29984
85012
21496
78640
89184
93040
45440
33680
49732
39840
30880
3020
85536
58936
69568
48640
54312
29454
42016
32288
74752
60000
89110
89800
32412
35728
67520
70048
94496
21010
33024
1600
89158
10400
65760
12086
12704
74240
15120
38048
16292
14496
64912
97632
90800
98120
60000
82688
2720
51640
34816
70208
57566
1344
62600
28160
24828
22240
9600
83040
47064
59488
16560
99872
48960
30628
81120
19808
13136
32820
88800
89200
1280
48800
49120
6840
99074
83360
60824
41574
39476
81460
28640
63312
54624
57724
35378
84128
11100
90552
32392
18848
4032
72480
56000
54624
74400
26176
54904
13792
95712
17600
28768
55714
5008
54608
5296
41824
13920
87100
18864
99840
93560
64992
48488
3680
21112
59778
88704
82080
98000
91200
25488
68148
74480
7152
56512
46128
96052
88896
98760
96312
60352
2296
49060
11784
5296
70304
30224
40672
56000
58612
7408
13600
4816
62800
50080
42400
1528
73888
6640
416
83936
57984
15488
48280
74806
22528
82234
63200
38080
13152
92528
94592
44320
5656
85728
91320
13088
33400
7636
51640
63210
1200
1536
59480
29920
1380
52960
79354
6460
13760
66496
56792
7440
20576
49632
54524
33760
94736
90708
52900
87824
56416
83360
6752
95680
50256
70112
97600
2774
52192
39360
94352
18878
40000
34
7232
31660
30578
11584
78400
71456
34044
81400
15520
6292
65728
30280
83788
11952
56080
38660
10112
55008
88460
94340
87680
45192
58160
55176
58096
45280
52176
43352
27676
17178
27200
26816
52064
50400
22500
56832
8576
30112
35200
56448
98842
18184
3648
3392
12320
11520
40800
27312
98140
71168
3104
85440
11680
10344
41426
94912
27520
84182
6640
37952
7600
15232
46080
35840
59088
19688
27184
6528
91748
74276
90320
31680
99160
4984
82496
81672
36000
6288
91320
78712
41948
37176
13664
64000
64800
59644
11680
960
53440
86200
82080
73840
61868
73640
69420
14104
54544
65472
24800
71274
92288
13600
98592
86068
74400
99576
4864
49200
55776
92184
55768
40064
24952
44320
1920
28448
50704
72672
14740
7296
61152
18560
74472
44192
44352
53600
35520
11884
58382
1992
58634
79760
2512
7400
6560
88640
25514
12980
49600
70160
90800
17664
23152
85312
96696
14544
79488
58480
51344
17976
94556
98512
46400
39648
24470
47696
38760
35934
22720
45240
85160
37000
77760
87362
54440
61000
52200
1776
4768
18944
18080
47328
22632
64640
81650
68800
77888
59488
21056
67500
90480
41712
11838
3344
42720
13600
35680
63000
66416
55600
26724
54392
83200
45640
82080
74480
64256
84464
51760
63176
19200
39360
59656
4000
57792
12704
85200
87320
94656
28058
80048
88944
68848
16160
27232
56848
44000
8672
60620
6720
44320
54480
6720
65888
37200
79530
51680
35484
11840
81408
86528
22760
10720
85344
65000
80280
34688
38092
2732
19822
93920
90400
54840
46970
30400
40008
69424
57342
34688
23422
85768
38640
3936
94024
99040
30400
2656
88256
34848
47968
78210
18944
320
1936
55168
33280
64000
12320
4160
68544
17280
74552
66800
57696
88500
53600
43256
27248
98400
83356
84000
1952
51280
19232
30272
59840
23486
5080
63206
15496
22800
62000
19744
63672
60000
49862
85932
14976
99704
95680
84000
79712
75456
33888
64880
36280
7700
24960
76920
97422
56960
56000
12264
62216
10944
33080
13664
72336
87680
30656
95616
76480
49072
10432
53470
66544
11224
18040
84538
81058
77120
20168
464
21440
34762
48064
87840
82196
35128
54736
14240
81700
26000
5760
63624
87200
81668
72128
20768
84800
5888
5360
29568
39460
45280
53568
25696
5088
2368
42912
98084
90112
12960
91150
25760
12000
11012
88454
93280
95280
19904
64800
81176
21136
91800
31344
88128
42880
74920
83360
42036
97654
96640
76768
82920
20640
23360
60864
24880
75000
48800
56960
89536
60100
80864
99904
70400
55696
58140
34392
70880
46080
32300
6560
39328
76096
64960
45600
70480
20480
3264
11200
63040
44480
63200
68424
50240
66080
74176
59200
60512
37236
73072
50720
2336
16096
16896
4416
44640
36048
6080
73000
83840
32720
31680
99584
66556
53728
42560
20372
2752
87436
88952
14400
41472
38152
40672
63312
8320
40380
4800
58296
42336
17784
4480
12920
28800
58728
36534
17600
22208
5228
53088
12384
61236
95712
10560
3332
38508
36280
91040
68894
89864
91936
99392
77440
83200
62240
31392
15252
96220
80512
85792
75616
56704
41558
47736
56048
32640
86576
24536
84822
24576
38288
54840
82880
39520
78400
71256
89680
77664
64204
4488
86368
76132
3680
66960
86592
41920
59800
8512
69856
40832
54600
43840
60272
81200
78400
16536
92000
5752
96960
23242
35664
35424
58072
2344
12536
66112
35100
38240
53344
65504
81344
77700
50100
24804
80000
32672
27280
98534
48640
80224
40120
18160
13242
10000
56260
76320
66844
29600
12608
17920
82480
12192
38800
83384
18464
57520
58032
69120
39830
31860
672
23520
31104
20840
99368
70300
2464
91136
68800
99628
80160
76608
97600
16136
54624
89800
46070
26560
72960
61600
59692
672
71648
91336
97120
98272
69920
79744
2768
58246
52800
99824
62120
20032
3936
74972
24432
99360
16960
72224
94584
95648
75000
8224
87488
18704
79000
78528
48324
76970
68288
27776
16904
12320
68000
45892
49744
48896
5440
57280
40096
23592
44660
83152
87538
52656
11456
81600
14232
16800
31264
98720
14210
6240
30432
6560
53936
76096
58392
74720
84528
85680
76000
36536
33520
98900
72772
52000
64280
64856
48352
64096
69088
37136
83872
68080
33704
88064
39008
44896
79648
4896
87200
78302
26484
0
71392
95392
11776
47472
86688
52448
90400
81856
67204
51156
56952
86368
59524
5760
93984
32444
176
98682
69542
34240
18880
12960
66490
44160
50120
53200
11120
25528
72640
21600
97920
73616
9720
48784
22224
27592
31168
35280
42432
89344
56832
73640
19630
52192
67148
89040
21680
87168
19952
94560
36160
84736
4800
6584
55744
51160
8994
26344
8112
68600
32320
59424
57152
89728
44028
83924
67860
89280
47280
68064
33600
40880
23960
81120
7360
28320
3648
96728
98400
51584
39072
67020
87072
91680
90640
80480
80160
40960
84800
19680
13168
43200
544
97376
37488
62880
30432
71688
50484
50284
55400
36992
4032
91760
5760
48000
90400
25280
57024
42880
46064
82208
22750
61280
51160
20256
8000
15264
85312
68888
7292
60536
90906
88768
2800
67280
95576
4000
60080
96848
4100
73152
8000
55000
17280
4552
36784
30910
60064
54800
87424
49184
55200
33760
46896
74000
13520
13712
74176
79200
35372
55792
91240
85654
64800
81220
68992
2240
71154
31200
83900
63728
72288
87928
82000
99312
42080
22080
31688
69820
42480
7774
11710
83360
4032
52672
34924
75680
84590
1392
66656
18100
25568
96160
25080
15856
15888
79376
81248
62846
82672
18176
1824
87796
99660
98400
62944
9592
87720
60480
5822
75432
54840
18432
10138
42656
58800
24288
5920
1280
96600
18432
7000
98592
18720
2240
25408
13934
62096
64960
87328
92760
24496
3520
43296
38720
89804
3040
68032
12960
20000
56736
76320
43392
72000
81216
21760
98208
10400
72768
53396
16800
43020
85928
19840
42360
98880
92384
2784
34080
20556
9504
97840
81792
10546
11856
74400
47600
83664
42432
28160
28992
18614
22716
82080
25024
7654
27072
52560
46240
24544
99168
13440
25088
46720
59200
96352
57920
46640
2080
8216
63552
48096
41104
67232
8700
96844
50544
52608
62480
59776
25912
3648
61408
52256
43632
76064
62880
76816
56640
47200
63532
88160
38144
75812
24680
57440
47992
57040
28856
1680
83520
91730
36160
26556
13740
37124
65752
51500
96360
6184
5360
31934
62896
77840
51936
35800
21760
38800
60288
71200
80216
71040
82080
29434
40124
47840
15564
14240
62400
23378
16736
5280
78428
84816
35520
72496
44676
18000
65536
56730
13600
28612
1368
74040
48640
37824
28960
62144
80736
33656
37334
23376
68416
67844
90048
44800
44264
18984
21760
56040
39456
33140
53824
40160
96896
96800
73228
192
21792
4424
88800
94556
59692
25680
10410
62720
37472
22000
70720
33664
96320
88640
41936
6128
8578
52934
40832
76864
9888
34880
1792
36568
75552
90496
9536
90080
97256
30216
84608
65280
41150
99712
24496
61120
3040
24048
82900
13284
49184
51708
13834
1256
9402
47008
2560
11264
840
18752
82592
18176
98688
17680
70760
48000
69136
35296
26240
75088
800
16984
49600
49872
75136
80080
54400
24960
48240
95072
53536
56452
45440
18480
50480
10400
59640
2898
57800
15000
66400
29200
27232
17504
77584
74240
48756
58400
10992
60556
38920
25480
17586
52992
90144
82072
45018
10240
47232
79020
7020
53036
42376
34254
72176
20960
22796
2144
94320
73536
35514
50240
95552
33080
96736
66540
20060
51360
38120
3692
59368
80816
62944
64320
28384
31808
64704
95960
55226
14288
43680
4070
83664
38032
18180
58760
74624
89440
96000
23592
86920
77948
64160
60912
45712
45240
33664
87680
47840
49920
46944
69856
8560
14608
71200
36560
99906
96504
80000
2812
40736
36592
95410
3936
79296
9468
54656
5600
27520
7930
95560
12800
68656
40720
78330
79200
24192
56544
23328
0
68992
65978
68174
93756
29600
42560
20036
3040
75104
34856
95760
87040
23616
22320
64224
14560
48000
77312
75968
75520
74720
67688
43360
16512
8320
83280
69344
20800
95860
17624
30200
46888
76850
78944
63488
15030
62112
68776
24512
33120
3682
72424
64672
66512
71584
91640
456
69440
70160
96072
66936
70154
17440
15316
7700
8032
25520
46048
97600
63520
14400
86560
40656
14416
40240
31942
75200
64736
27296
24728
31290
68000
97040
14176
22624
14040
6800
45888
89780
41160
41984
26400
34336
60000
95792
63192
38912
15360
56560
71216
23200
15200
82964
59220
62958
20772
47838
67840
35200
60496
22240
79000
52000
1600
98300
7536
76880
16172
1440
46432
55104
30020
75912
10208
99300
27320
33472
25408
77920
99340
84800
96120
14560
69584
2416
78176
73520
19712
78000
35776
66752
38550
11552
14624
54496
34528
34720
96224
97474
60910
13888
1552
40220
91472
89600
63040
62416
54400
21056
14560
84448
3040
61728
78544
90752
1776
6240
10640
80000
52320
45768
13970
34004
69088
58272
83896
86112
41640
56980
83072
3200
83520
38928
70336
50270
36400
4800
6920
49520
90864
10144
26880
11264
72560
6692
480
15212
73376
9824
13240
49360
36704
13680
7648
96552
5952
41134
64512
37216
53600
83564
99604
12940
3200
68594
13920
61600
66784
51484
92320
75680
81430
47912
8336
44280
67200
94302
6960
55680
95200
36676
16904
93024
16800
97848
46416
30240
76320
23862
16070
74224
24812
75040
3528
28976
90528
55104
89472
27168
30328
60800
8386
81640
10880
28528
60000
59456
7720
84512
72000
25960
79232
59136
45406
44272
48364
65080
96000
21520
67968
2382
59556
4720
32200
34896
99200
76040
48160
78992
71168
50720
71892
41536
40300
59904
3136
74784
87200
51520
32992
72640
67840
28576
6560
47824
81320
86820
8768
8800
95200
32584
53040
55992
17024
9100
23520
82304
5600
67360
57664
8000
22556
18320
53312
92436
74572
10800
76296
25472
0
6400
31376
76510
8640
88856
65904
66880
8192
6400
72652
90076
41584
48400
48000
93490
70120
5984
71664
60000
47912
39776
73252
4600
75780
35576
39848
26432
26240
41152
12400
48000
47120
81632
72832
20000
86400
800
32338
32112
57568
51868
65208
85888
24016
87846
84992
42400
4952
83008
32370
43600
13440
40576
80320
16256
17280
10140
28412
49344
15616
83632
33680
8856
68992
89840
77504
10872
51200
33912
75968
57872
9284
52176
77200
8000
61626
41432
76064
75368
62336
28994
84352
84192
86240
79672
92800
58128
24960
14752
41448
29312
23152
6640
50080
30092
96472
18644
3008
32960
13204
31120
93160
84540
4344
88592
35328
86080
96400
92064
6976
59632
18016
46336
43040
74112
54138
35120
53056
34608
74400
98944
47920
41504
79504
1278
99640
54368
4
32744
76600
55480
53172
73248
496
70560
40640
16304
32768
34400
57400
30940
8110
89704
61984
19648
10912
98336
49920
16160
36640
13216
94880
57364
2304
49552
18400
352
24164
91152
11920
62048
41600
9600
60252
60860
13440
11328
60096
29480
34448
25344
56200
17772
25692
54000
90400
16832
39480
54300
6304
23236
33990
11504
60448
41704
9640
89724
70252
24800
86016
5160
70960
84820
89100
88416
79680
35042
50080
8160
33568
35368
76384
30080
14400
2900
18640
77472
17468
52468
30304
83680
84000
46464
39952
8320
78624
38808
9304
92992
14150
94768
97510
66756
82176
94474
34928
36064
91920
24800
91040
16864
37120
21200
32624
82080
5200
70020
11600
56160
23620
69600
93728
78240
24696
41746
77120
13292
3392
78920
78194
82176
51252
57664
19920
8672
57176
89400
64192
15456
30970
76032
48992
93474
3888
2700
39732
42720
46400
21850
64840
34080
39080
40402
20640
52320
55840
40592
36576
2880
47060
5456
90212
17824
66240
5280
72144
87750
39040
97104
61216
42690
19200
16960
89856
80184
27440
11360
22048
24064
8000
65160
37920
2400
29600
61880
65056
25640
52832
65240
1568
76364
43744
72000
20960
96000
53440
52960
8640
37800
10812
76960
22040
10092
99328
83424
472
37280
72704
78670
72600
45120
85470
28032
5880
76800
92308
98892
79584
40960
54528
35360
45920
51168
98520
47296
34880
20374
44200
19648
55600
816
26928
10300
51872
984
22828
72190
96798
8080
14740
44000
28252
89536
94240
28368
38032
35160
73520
82400
49536
74480
60412
87840
940
52672
67280
99040
63578
73424
92848
29882
30348
81550
55552
49184
3796
23112
9392
6240
73760
95680
2688
54960
98400
44092
22688
33280
61280
42800
52480
86082
9536
46312
84768
71760
66520
67128
5760
80
83040
37972
3680
79200
56496
71808
9600
51272
54880
21172
27012
65978
94736
95658
13760
14360
63440
28944
76100
37520
16536
31140
20608
28234
74928
47160
68800
68400
74560
32480
87680
89264
70274
95120
57264
38800
79296
96576
91392
0
37200
89056
40880
224
21152
6340
92000
94280
65920
67584
44416
66040
50256
2080
23696
57638
62538
88320
29216
97872
29872
37440
28808
74496
88192
1248
16224
80040
11840
46240
42208
41220
94512
88394
34184
64944
20160
80080
32908
43200
83808
60288
89920
53408
83200
45632
45376
35768
66400
88320
54920
19264
89988
24640
99892
42560
54800
69280
36808
28156
62320
87512
4336
9600
91680
43520
24800
27656
19028
74080
21056
66032
41440
9600
36848
50960
2656
14570
27616
12000
768
29056
800
84928
54062
25640
55492
54336
35456
63680
26580
10688
91448
236
92224
90208
66328
43200
95126
14528
47776
96288
46194
50000
2302
60288
76236
44864
58004
45440
31200
75600
41120
95072
12000
5900
22400
39648
51200
83296
32302
67760
1600
47744
50720
20848
9440
13888
51744
90796
64588
54576
28720
85950
68864
9504
21920
88354
78400
59496
5270
69504
36160
83744
9696
94400
12870
68480
6576
27552
97600
16080
57120
57120
45040
9216
91060
42912
10534
72688
62000
41984
70240
15760
67424
29920
12000
30008
76288
73440
86640
88000
43232
44240
31808
52896
30960
320
35008
34392
9100
6400
96680
54400
87120
92784
45286
92068
66048
13152
94624
84864
38336
27240
96896
61760
6208
60160
28480
80640
22582
6240
52544
71616
32160
1006
90176
84610
35424
18314
16000
50672
91200
77880
38792
49486
1062
55800
33056
31120
94080
32864
90016
97112
48352
0
74184
62792
65544
32640
74720
64480
33408
68768
9568
40064
71990
37408
44494
55960
23700
6760
85208
60566
90336
5296
49536
11360
6432
76092
51840
36870
20288
15700
15520
61088
62490
80760
79040
8544
10360
6112
45952
72864
37256
66720
39520
69248
980
20160
71744
63632
82460
43200
86000
3760
62048
66152
97280
33200
84448
35040
2912
4576
1600
44040
68944
96400
19840
49328
49968
19680
55200
11840
3200
29432
81216
13120
55040
20960
41664
77440
45440
47600
17664
81600
50592
79520
52320
78072
86336
90392
35368
59040
7180
13216
49184
46880
51168
91382
41600
69760
45264
10400
2720
13600
18672
64464
59296
44312
32832
20188
86576
90904
2272
72160
55766
72960
52800
20480
46304
22080
7664
9842
94150
51992
11488
49120
76000
94752
76000
43616
74848
36000
52448
4960
66522
10992
60000
86000
76928
31840
85176
65158
18464
74880
20112
31168
54000
29248
36320
56716
20042
88800
48616
73504
57864
44728
41280
19132
41600
668
28640
7808
22432
58640
58368
87200
98728
1728
75384
84934
16760
92768
28704
79316
65248
43208
78024
70640
84000
18000
99360
3974
55478
25840
32280
63136
2816
38240
26560
76640
7200
49200
61264
56160
79216
76648
77920
42524
79160
6070
58944
39584
35296
1600
38336
56160
16314
59360
5600
85600
65920
35920
34320
93876
78944
74112
62592
83232
68064
48048
92872
1916
28000
52440
16572
24480
26400
49360
18048
33760
81728
42368
80296
99360
78016
46560
11600
38848
43840
57568
48000
7274
99480
49440
73004
3410
56720
71040
48660
78656
1760
45072
56120
18560
44064
52224
47616
83040
88960
82176
3040
35460
26656
16680
96
70400
52090
38592
51680
71808
24880
76000
20000
29440
7600
200
22400
88596
73888
4000
45900
17536
13920
76800
89680
61240
1400
60860
67904
34720
40400
71508
8192
23200
66016
90592
68224
88288
11120
74080
89728
8000
51360
45568
83080
22192
62016
61228
62964
4564
42496
38880
14290
50240
29056
5050
82560
62560
42300
85184
81920
40320
68800
86912
60960
36500
83008
57052
93724
36032
37216
80120
39528
97500
67776
5440
94560
55222
62896
31760
60260
1824
1952
60608
44332
10000
70176
99840
23840
43168
59460
99936
20320
31904
71000
42944
6200
44584
62000
90000
47392
82256
61504
90400
47440
58848
97600
11136
57800
47264
31808
1500
73216
82040
28672
97920
78736
9778
28332
15008
60960
75488
84736
95400
7360
26784
25680
9280
25280
6208
76992
86160
40240
63840
78400
23232
1216
24008
4608
6928
26400
69376
98800
52480
98560
98188
2672
1120
12384
9284
34320
14208
0
24220
23372
86624
32928
70176
96000
65760
44400
9320
75360
69840
76862
3200
34848
45600
38520
33920
80828
81248
32800
21408
79164
81440
11480
28640
42444
27072
30144
72496
3404
86224
20728
7040
28928
61280
50464
12416
71176
39968
41728
78300
53392
40976
78912
3776
20256
64696
65816
34560
31800
25788
3328
16960
94696
83786
36384
26936
71284
1870
64436
34880
85000
77680
14872
72980
33032
43880
79992
23208
54744
26048
65096
48536
20600
96720
80280
96416
83264
91520
95472
21720
47264
21440
1820
30400
38342
84320
93536
55584
82644
49280
65760
49720
9584
65200
60640
22200
52000
86028
2368
86752
88912
85920
55696
29760
45440
22512
50048
30048
7712
37240
89504
960
57472
10400
3600
38560
49404
54688
34600
6560
21474
64446
87200
72800
15200
17396
90896
13120
9632
22720
27360
97440
35936
66448
96000
9000
11200
30240
48960
66020
46772
95288
74040
19920
12800
10072
64608
42574
48168
33314
54348
42770
62106
24128
82720
85580
81920
32256
29280
6240
12632
51120
64352
53536
95368
42784
92032
41600
87200
26560
32432
55592
59008
85432
34960
65440
10840
8960
42880
26960
57872
76864
58932
81440
61504
71920
576
88432
72272
41024
49472
49904
83976
29514
58400
11218
22716
25210
80032
88000
31742
64400
35112
86240
38314
65172
47184
94880
34344
58240
72000
800
90240
7224
25852
43840
87304
69760
69688
70360
9984
74176
64064
20864
62216
98352
5734
60370
11840
7272
18736
61520
54240
47032
40660
13440
14400
18252
50780
45320
50720
24800
39264
21056
68992
5032
12336
38228
90088
90848
22400
11380
2112
38624
7200
51984
10464
85990
99440
87440
92160
11632
40080
69024
36160
96736
53600
64800
71360
2672
39360
59928
77036
68400
76560
86492
31120
81760
59758
64448
89984
80312
33052
46464
45408
43200
28916
50800
92736
49184
38048
30528
14776
22800
53152
41200
59728
35532
70720
73464
10816
37120
84544
37316
98128
70368
32672
89952
70320
97600
60264
72716
39360
13568
5984
88416
94928
5560
82668
35920
95984
82048
2080
97320
75136
37072
11200
15552
84800
99690
2176
55200
76868
81784
39360
58240
52000
22240
39040
31680
26080
15552
18156
51012
61112
22912
41600
26880
59520
6880
18752
16100
18880
54880
37632
30656
40160
56338
81678
98080
67600
55960
14952
40260
86836
87200
36800
52992
83040
94832
96160
45984
33980
68304
66720
77264
70454
71360
59616
26928
42160
3360
62496
10752
46400
59680
78042
88128
50320
56800
3200
64472
69638
91800
77500
68576
20096
36020
39360
11680
53216
70464
98000
49280
49280
6640
93032
32384
78080
15232
10080
39840
2648
30624
23904
42400
43980
63004
38720
16480
83920
79176
640
51040
39360
43136
96200
5362
73520
51648
17600
45088
90696
44128
48640
16160
58016
93600
73600
43728
92000
320
47680
60000
90240
96552
6030
68000
44458
71136
95088
4640
54400
13344
10304
92900
11280
58720
64608
64352
94248
85440
8192
57120
60358
74892
55660
79192
21520
26416
1344
60702
20624
51852
5600
17654
93152
89280
23792
57808
60360
18000
61696
43808
1880
53680
7632
51840
20616
31760
33756
25052
24544
86600
86848
5600
32416
70240
3480
43808
87824
31860
18508
38998
960
74688
55120
13880
66488
13600
79040
89600
85208
35112
84352
88608
78848
28576
34720
16856
86656
81440
78224
69644
73584
55080
21408
80000
79840
56640
3792
33640
70620
21100
87904
57800
73312
35752
97440
63520
60280
60448
23264
1600
94540
85440
65632
1876
3360
32848
48124
7600
11704
86360
4480
10360
5880
19376
75840
68890
54912
16064
20024
6720
50936
8160
19072
47392
26400
59360
8060
85048
4680
83440
45296
9146
8096
28384
59920
84640
49700
74532
64400
1152
97536
80864
40320
49632
53400
75520
12448
10192
43712
60256
32000
34016
52960
56032
37008
25408
85840
3280
25280
46304
8944
62880
79552
13168
49600
13080
7720
92220
30112
168
57504
75040
56448
66128
27968
60000
57440
26878
68000
34624
17760
11834
93760
63000
36640
30720
7040
93416
57046
96800
29098
5620
43552
5212
70600
1388
54100
34176
78900
83040
15776
22400
55000
8730
43268
46224
99620
22880
58496
49600
67200
5280
82072
82688
74000
78926
71840
84960
14342
5760
31760
26496
88800
18940
15012
45696
26840
14656
13240
4720
28304
51776
49280
5056
75360
92400
46620
64728
48960
77536
41600
81012
74072
9376
94400
12160
6786
96160
28800
24160
16480
18080
42932
37120
45126
90400
61264
20608
76400
7652
36818
65440
35700
74952
53280
61120
61120
12104
51152
60224
58034
1600
89632
99120
37760
2560
87840
95360
45344
32328
16136
51136
33280
45504
38380
68920
78140
64800
25978
67080
24800
53600
44416
73600
54540
50976
37600
34960
81248
59520
75648
5520
18880
11008
91568
61212
33600
54144
48960
20000
81952
53440
25504
53840
34240
47072
43610
48928
88760
15880
80192
27138
55220
72832
40352
40648
98592
20186
38780
67064
76512
14592
28000
33504
57000
96224
6416
88950
14400
13328
41152
58464
48200
62496
28880
24560
7800
81694
19472
28992
18160
15584
59872
3200
48544
97256
48120
39638
86080
37280
11168
32186
81056
25360
3648
74400
84008
20240
78614
72576
48000
85752
83136
17764
97016
18976
93752
5120
81600
5474
82968
91072
78720
960
56640
17440
55272
91600
7600
76200
43498
32448
84096
58460
34560
79480
39880
84640
87776
30824
22760
93044
99032
15136
76384
31776
22880
97920
36000
44640
12000
76200
38252
72800
72160
44524
99200
97992
2144
98752
41680
81440
78720
4960
60480
60640
19904
32128
35104
48456
72448
17324
20888
97624
39424
79672
37920
31936
58576
13104
82800
39264
57180
76032
94272
67300
17104
62112
58464
65120
86752
33600
47552
36192
39840
37152
92874
98192
31264
52800
42350
33840
30080
9512
78140
68480
41408
23520
71614
76336
41102
70240
1640
71968
63240
40704
35104
99648
95992
37520
20584
28284
25280
10400
93440
31200
43728
47050
82640
36320
71840
16096
20352
27060
43360
52552
69776
44864
21440
848
768
44640
0
26328
12000
38760
89272
24960
40080
92590
13600
60240
37952
20800
62720
55184
70680
12992
43456
93760
42240
29808
27374
46712
7884
64444
48800
77920
75840
55280
1520
80552
70620
91832
82848
8984
69904
8544
19072
76300
11200
74048
59788
66272
95616
6242
68660
64800
79480
97296
44864
72530
12072
14376
87040
97200
24264
85280
10560
11452
78612
87168
77168
19072
97014
72234
22900
5328
26560
72024
63040
72100
26400
31104
82640
94080
88816
59328
65760
61984
60080
93840
15686
54752
91628
91450
52960
28768
2628
73280
48400
71200
388
29132
56848
7880
19008
25480
90240
74560
92704
25248
87608
80224
98280
48296
5200
70662
32764
94080
19200
24012
7968
34264
58464
40152
62688
63872
69254
12576
64360
66640
27200
61600
21020
40224
3200
40672
64960
70772
16432
98624
62656
20160
17040
48
75680
13936
74672
78176
89808
66568
87888
98928
59296
80480
56320
3200
81472
39752
23088
73848
42244
61600
89664
16672
96112
96544
41120
28000
12400
37888
65108
30710
24928
37984
26996
42720
98000
60640
43584
83720
80400
87432
71040
14784
55712
51872
25600
60592
23332
20000
46720
59200
38430
82560
31520
66016
67834
87280
62080
960
28480
22464
68000
92640
80214
23360
32960
81104
52000
52672
23800
68026
56000
87124
14160
77024
22800
58480
25840
16000
85680
34240
88312
62336
74080
97792
82716
97440
33104
57200
29904
8052
92000
4480
26120
2840
82720
81440
78364
16996
7520
31040
34368
59804
84480
74080
5260
41200
82728
20592
87792
28192
52800
44896
83820
47936
46880
45280
86752
15708
10290
41064
13374
59840
98176
66000
98240
57920
94272
68390
67040
52282
1088
81360
58792
26800
84000
12480
14272
79830
35232
13792
14720
4008
47648
69262
38032
59600
91064
12704
83104
68960
84000
17856
30944
1440
43088
46944
26400
4102
96160
55584
94624
93360
71570
50944
99344
8928
72416
30196
53430
93120
32928
31012
51616
63894
88490
4120
94560
69324
49920
31328
11968
66816
22636
33048
63360
86840
9280
24840
83094
75200
48000
52904
89936
20800
27168
57152
82464
21760
24160
5120
69360
27968
10080
23328
80288
24646
97376
65600
2240
63042
14076
80640
60248
66160
20964
49880
21504
73824
33984
2144
10400
76480
88712
7136
80560
80102
57968
57360
6860
54560
70480
74144
80280
6816
96712
90720
56480
33288
19852
78720
79200
66600
91664
58432
61600
26188
89152
68320
18512
48000
14798
98208
8550
82368
84800
81180
29220
51600
1840
76352
50400
75744
28640
19456
78400
12800
24800
99694
96056
30464
75712
45112
27744
51520
41270
43312
59904
0
98504
67504
46096
79520
25000
54400
67552
18176
91488
37440
77716
26976
90432
59680
45088
31872
10276
83980
11856
38320
18070
93362
48272
47680
35040
39576
54256
78272
19608
53628
85920
5108
55328
75520
26368
15200
42688
71240
74144
69440
62384
41360
55192
33020
92756
20528
77600
21520
16800
88736
86400
54560
71724
24928
64800
93630
67712
18020
5600
93120
57124
12320
49248
2400
65312
12800
16424
3200
83992
21472
85230
61024
96256
27152
17988
7216
79034
55200
97788
1000
42656
63232
34880
99600
66400
58868
34376
67528
70400
24320
28224
81680
34944
37280
36672
84116
38528
27588
81536
69184
5600
48224
9688
15720
43000
23584
71040
16016
76192
95520
65600
42880
56688
81688
88768
24000
37568
89184
59180
34480
8236
49820
9120
55600
68800
11280
93408
98560
79712
59444
59136
57952
59520
20960
8160
75664
84096
47616
14816
27720
30528
8348
59680
93120
65120
16896
25664
77880
13760
54520
31360
99744
67056
35616
61024
21184
31200
57520
3104
77664
20480
90864
87712
47840
43680
10120
26912
44868
15296
32760
74032
93728
7944
48164
29300
52180
33984
57848
73604
30800
26210
85808
34304
23188
86000
61220
10440
98624
88880
70742
38528
36208
81030
73534
14328
74140
3488
83200
16152
82560
89252
19200
89792
384
38688
29088
18480
11580
68546
40864
73184
59322
89624
20320
25856
84370
36136
1520
41260
53800
8000
8800
9280
47856
25136
76832
23584
91292
25856
13328
45432
64448
85760
58000
83100
73824
74312
29520
53984
72736
22592
71680
84576
87200
50784
84496
45564
34160
7656
57840
92000
48832
90784
82608
48128
67268
47542
8010
80736
24160
75840
51392
45760
11840
98200
81688
29032
33344
1378
78080
59200
99102
47264
80936
7372
6400
65962
49120
39176
33600
18016
91700
39520
76160
85232
28000
67416
44250
37160
58846
8320
11632
53662
39972
79520
24176
21664
83392
30880
80528
60160
8044
78492
43520
3040
85540
20000
47184
2392
60064
12160
20640
70048
85680
25400
81928
3296
40634
76600
79224
24320
21760
37698
45200
52016
31720
14336
97248
4800
11780
8640
6524
15212
12928
90320
70962
37440
83368
55840
82720
50176
40600
56240
50656
30472
16968
97128
79648
20096
69248
83360
93600
75060
67680
18880
57224
50400
68288
21600
44480
85080
98660
18800
71888
60544
62072
2720
39864
55200
85056
50412
8160
11592
68384
24896
19712
43680
31600
34048
57696
24440
69760
23984
27568
61888
31936
94880
38880
40896
67728
99060
89600
41184
67058
84128
63508
59040
10400
44000
78432
94272
81668
61056
68328
75816
38030
97108
50384
97536
35400
76138
8274
58096
26816
44880
12536
92096
25320
34560
46592
63200
40416
71408
99582
70848
16160
12720
31636
79840
78256
81600
37952
5600
69088
34000
61440
46688
65692
11380
22704
15824
25494
68142
53504
21808
80000
51200
592
78328
81664
90306
44000
13952
96160
34880
27968
40608
34752
7744
1728
11328
9952
62328
64160
67680
93568
97728
6308
63080
37540
27570
42464
75264
77752
64944
1600
80448
50240
4000
36816
41164
27240
62288
32230
35920
8000
32684
58368
43520
57120
40280
48640
10956
84288
21664
49760
28616
15200
12912
93952
63360
66528
52346
76540
39040
80800
12256
72160
80172
26116
96996
82792
24368
89400
48336
88800
7456
61754
95280
79636
68568
90588
74288
84000
31264
19796
40912
79148
33696
4800
48352
60016
88288
1280
82624
12192
80384
41920
63512
29700
49008
68146
17064
13760
62440
43936
16320
59458
52480
91874
5088
15200
74400
36260
75380
12192
88064
82944
81440
75008
4936
5920
55328
49888
62720
99632
52800
17760
17936
94656
65656
94912
4912
61792
52576
97440
20000
20400
83200
56164
6744
79296
83680
16690
23200
67420
14470
87584
80600
78160
29960
54148
54624
5760
58720
58740
11712
54776
82782
83548
75264
55296
21152
61600
82356
53024
35712
11840
67360
49272
71168
21200
99040
33906
8124
52224
40832
59360
19232
0
12800
32390
86400
50688
10528
23956
15000
8800
56224
98064
14000
73440
66240
26830
42784
30680
3260
64960
20764
15680
71248
31360
50896
77760
47532
47520
90832
64032
72000
68368
86628
77280
23072
25664
47264
59496
93444
2280
98616
47136
4320
18752
40340
12352
3600
95780
48696
68128
54936
12608
50662
57280
61592
15392
12224
3680
57920
50110
46762
24848
73168
71520
62720
52860
26016
92080
5552
81984
57216
45968
39216
84020
84604
94742
55784
66560
10592
68608
85596
0
99040
33360
13888
88640
98336
55200
40800
70364
23816
28188
16492
72224
52532
22240
29980
85344
14208
33520
48160
87300
72800
27780
69880
84160
22800
74240
56960
34880
71680
47544
71184
12800
43120
13600
48680
39520
7548
67520
48730
5156
47920
89624
6662
31760
540
27488
22336
69280
78000
85440
59876
5780
35520
55392
6080
60928
40896
65000
28288
71808
1504
79664
19724
81424
49840
21848
67360
12440
64594
93916
66512
64060
24960
31600
28900
45720
78240
70784
25600
36560
4560
58982
94656
20960
54352
23040
1390
13120
92912
22160
71520
36768
69230
74648
97080
61920
12416
3200
23680
13168
73472
12624
67584
74080
94880
60480
63680
76608
32052
77896
59200
73696
44488
36160
66832
27360
11552
18120
83808
67840
4356
62080
81396
48576
7200
46896
34560
78880
79536
7712
17856
55050
66232
92400
14332
78880
13952
5560
60240
28154
73600
81056
25294
2720
12800
90460
85088
67968
45960
92388
44800
13600
78240
75460
69636
82200
58228
65280
71700
1376
58432
30080
42432
33840
95200
1824
91488
33792
12128
6400
29944
12800
74460
72928
93440
79200
10624
23968
46080
4704
46624
38352
71600
83520
31712
87872
32696
96660
62480
52992
25632
23360
22688
68320
77518
59976
29680
81232
39868
93120
92384
25504
6720
99600
79100
24448
98368
14788
24520
79416
52000
15030
57400
14330
32736
39772
50320
99598
83688
49262
56922
17728
53704
99866
82212
88672
52144
8304
82000
11056
1920
62970
86656
25792
87200
58672
48000
85280
31232
33200
53504
7840
87280
87744
76960
45504
10712
88696
77248
86016
50160
39880
21620
80864
24320
15088
79336
57696
78432
83520
83104
44800
30784
58208
22076
14854
16196
72832
50960
46656
76520
14400
7600
58576
17574
65376
24784
39460
12088
686
40768
95124
84960
42072
24640
5404
88896
86080
50180
73208
97736
67808
91864
34240
88300
73536
82240
41240
20640
33762
69920
18432
83764
5072
51936
20768
93400
11264
91648
28320
72000
61112
37680
93536
33008
40780
61600
32600
92800
48776
87200
7744
75480
80800
23840
58300
75800
51360
78672
64400
73600
95616
26656
41568
29056
60920
64870
49760
70672
56800
70360
4030
14400
63744
79360
41184
15136
96452
63216
94472
89252
5120
9440
1344
46080
64000
42616
71168
86624
54000
47104
37012
40240
85728
96848
95398
34810
10696
43240
32224
75680
90144
18100
85652
60512
25372
32856
41080
24760
70784
37778
47184
20384
16476
26124
13776
66956
59200
83264
31176
95904
36624
37008
7174
75248
28288
66488
48408
26654
19136
1200
7280
84018
55296
23120
12144
91000
67872
55880
33440
94304
14720
8912
44640
47200
51960
81056
17374
41504
74880
31384
53400
19000
13760
30560
6000
50330
46944
89120
49320
9804
4672
76504
46848
87320
30192
60640
88608
36600
80160
44288
16022
5756
84640
70012
7840
88360
48000
54974
62770
61680
9800
67830
8480
65504
17120
78304
85888
12400
47712
49440
4840
11520
74560
3680
76512
80208
52032
61280
23920
28128
31308
57200
364
38960
32992
9006
1984
50440
85900
47968
53120
40800
15488
82760
48336
51328
8610
38994
60080
28760
59918
75216
86656
85176
7840
76200
81120
6960
30660
30400
13368
86080
82528
56668
57760
79880
56128
30000
25008
14196
22704
84960
91968
24928
85080
48624
54400
90240
72220
83168
16788
57748
90680
68000
90520
80288
85180
30752
65032
3680
23184
47168
92960
43264
64476
63510
1168
58112
45240
98400
56800
65120
34000
74976
86720
29496
97312
99008
12800
57920
91136
5408
66160
13456
33600
54400
38776
49872
22240
31760
97416
95648
15808
40692
62876
31848
12192
16532
20760
94752
79200
83376
43376
30552
38984
42864
76060
84592
96344
42804
68312
91680
35760
39264
20128
35200
40276
63040
94912
26784
96736
48800
37280
5628
27024
77048
35360
63040
95920
63246
2240
32800
78400
92000
51240
42710
0
29632
60152
86812
29400
37680
35912
402
74296
81270
49776
71264
61728
96240
2880
61088
25816
3840
71200
496
71932
85120
87200
68272
60500
67200
18496
12968
62040
4400
95600
22534
44400
22028
22720
36534
19280
36854
57792
36800
9024
82464
91216
86652
5744
70752
61280
23976
3574
33696
35300
73138
73218
73000
18796
57920
24784
44400
51904
45696
28384
79904
87536
97440
36000
9632
44640
3168
71408
93504
4448
45440
30080
54400
88688
71520
45516
63200
7860
32000
40576
74080
18752
66612
2320
44848
26560
37664
48000
32868
70400
32192
45260
32000
12058
7264
71382
65600
91424
67648
86160
55456
76200
78444
62400
41764
18342
10080
35200
22468
23286
28160
94240
49600
86896
92604
67296
45000
8000
7056
10016
90584
89688
62080
10464
3410
89068
49080
61000
38336
15214
20160
52276
92204
15748
79424
93200
88320
9060
95200
6944
71640
33248
33708
45200
25120
26130
90888
81056
45312
77004
36948
27080
78750
29040
25520
96220
84000
13000
82640
52944
94260
84160
99808
76320
2832
65920
91520
51680
22272
48264
99136
53440
40672
27744
89472
1344
82816
96576
71488
16132
62200
79680
79520
10800
69576
40080
21940
33192
24000
92320
95296
51144
15712
67000
74752
69284
8960
43200
68096
55584
50400
33920
83840
56672
82640
83184
47356
71600
52440
72736
1036
78222
78680
9910
75424
9500
16160
69900
6000
96000
71200
53888
9552
11424
46208
36000
61232
64708
89600
71904
84160
70210
94976
68384
70862
90662
48576
46592
96896
69488
82880
65120
93780
26400
93600
80160
48352
20992
91560
43200
15926
85024
67424
11808
35396
62080
98188
40800
72800
64976
74850
83488
97480
60800
53184
25862
39200
30000
56408
76656
47500
47016
12208
72288
90184
52064
87696
18788
36080
48800
80280
11008
43200
81600
32200
9424
37196
98384
91264
38752
38370
74560
54272
53600
19840
73140
93112
1920
47850
74080
300
47040
82960
40548
72920
21088
12800
10112
6720
97656
33856
61640
49920
85280
13600
71624
60268
63168
2400
74730
8320
46928
88640
29760
75168
60488
2558
7800
23028
11184
1600
46880
96400
18380
91648
92640
74880
6560
24448
92516
49612
77880
79904
11520
83168
12462
46840
87280
70162
99424
40368
29600
46000
79680
75000
2112
88880
97544
98260
83392
71080
76864
87820
69440
38560
10688
4832
68544
68960
87744
53988
58224
31504
65640
56000
67040
88128
95336
61682
84416
75414
79760
60000
43872
55280
58856
21440
32772
77110
84144
54444
29288
94014
6544
96960
61888
89760
73600
31360
89984
43280
96320
26768
6072
30416
76080
10624
18752
69968
25312
67480
90000
8080
68840
77056
94896
59840
51000
77074
36800
47680
40232
8880
17824
62192
42256
30294
97332
73120
71200
18240
91320
12160
33124
95280
18236
13232
36064
68608
1600
26352
56032
5664
15664
2744
61920
23856
85792
12448
51120
86492
26880
24328
97028
28090
84480
50800
62000
54016
19184
64880
51376
66720
73600
11200
45920
17792
93760
44936
26400
54396
49760
94640
82542
17190
23056
38560
87560
96064
65606
3232
22080
57608
9952
42440
4254
70636
31944
51894
86176
47312
14816
95400
86056
72544
22600
128
97424
44224
49868
63296
57928
96288
68544
25976
30600
21088
24640
76456
35648
69220
13792
18560
45524
87680
47440
28300
84624
17776
18022
35488
28840
38016
41952
68000
43352
12800
98736
21120
4560
61408
31008
38400
34320
49176
7200
99352
25760
3620
61760
20704
7744
90032
26174
60440
49760
13012
34720
87840
84280
91844
47792
96400
16800
30160
78888
92736
42604
52920
77568
23520
18036
4500
48800
36704
50976
51464
98656
18368
83120
93440
46312
27488
38816
76640
8800
69840
20176
17280
37392
40480
73888
39968
11456
94144
5780
44320
36288
89600
60096
47520
68800
58812
79424
10752
55464
83520
48640
13758
45440
80800
99104
49732
3524
76000
96224
59488
8800
73100
58888
23404
5416
30024
25920
45840
60096
11200
28768
58288
17352
73872
86240
83040
64720
21504
17440
14168
83724
40800
83520
92280
31820
17982
18176
63060
60336
83768
29648
45800
18136
78080
52160
64640
65280
96000
51774
89040
26422
99216
23000
13472
4592
55352
79170
97696
83488
37552
75616
80368
78832
48152
33344
19440
38144
78000
53408
77450
67786
63168
20720
79572
76000
23600
25200
23812
64768
8040
64000
32960
34416
90016
91700
39664
65824
79208
93696
1130
64400
67168
6240
55200
11190
17840
20352
40000
20656
9326
55184
39052
87632
94416
89722
68160
29560
81440
66400
88202
95200
4512
14240
33232
12800
4000
41600
24800
55804
83760
53672
73184
33600
72976
59200
2000
38820
20304
87520
89628
74240
87240
87120
84504
12016
3548
51520
30912
71040
10564
84800
88416
72304
4272
36800
30820
12544
90768
65920
28800
85472
53728
42672
78636
17890
13880
92580
75200
15584
92864
11712
38416
112
25280
24818
45728
36620
57120
34720
40160
72468
21280
58884
12320
194
45528
68400
70672
45408
18400
8964
57120
90528
31560
20204
6240
45824
62336
81600
56800
94720
78304
99160
51840
53440
11200
10560
42400
14800
17768
95840
51240
84480
76640
7520
53456
43200
76592
49880
24000
75460
48500
78912
75748
66000
48782
49578
80320
74392
54720
75520
21760
64144
13280
74200
80320
74752
14700
80896
31600
6080
6064
88200
20768
74004
92560
71760
72720
52064
52380
26176
86780
74830
3328
29224
29760
72000
68900
51800
77280
42400
76048
77710
74496
44800
80448
8240
84288
57200
60000
68320
21160
29676
55248
78950
46744
77552
78720
58182
51360
87584
49600
32160
71660
44000
98656
9440
37952
47824
19360
8320
45472
27104
2200
3936
29312
78792
27088
58970
95728
82560
15360
73136
92400
54880
11744
71808
54880
85504
80416
60432
42888
60992
76488
39200
55776
288
33332
24790
32660
93080
38560
40608
9192
41440
87170
57472
27932
7000
67394
71136
41344
77124
57584
23540
57952
29440
54560
36752
85568
48776
75500
21082
74100
29920
77768
72640
29600
19262
80896
61664
70760
41312
77440
63896
83496
29184
87840
4840
24000
88776
90028
28744
47000
18792
68320
5600
1440
31704
47602
76300
46720
63524
76912
76928
21376
39104
96080
43312
85600
7712
17680
76672
6560
79588
23200
40000
22880
83744
79648
67920
24000
48108
80000
21660
66240
92000
87552
55360
90464
34288
272
67712
43072
79766
96800
19104
26400
37440
71008
22112
35840
66608
16200
39564
93100
59616
80124
84800
91872
6240
97600
93920
51720
9600
77600
86950
2652
67804
96800
13580
29520
50416
35656
15348
79580
63936
63040
50600
27800
19392
67136
27072
25780
96184
73640
82192
92540
53920
93344
28000
36928
52580
70432
70048
27280
55872
83040
14400
41682
94768
89376
91568
84576
18800
36440
71136
64720
62592
21780
57600
34208
43584
87744
80320
44480
72896
13504
19632
37504
54312
69876
20800
87214
76480
42720
81376
72384
26000
63520
49632
29076
89280
91664
80544
66976
45360
53152
28960
95680
96320
24640
75296
55476
78580
12500
44416
46880
42400
21920
27264
23378
94902
24024
17820
44224
17968
87200
77536
16000
74704
97844
61952
65280
67100
55248
44456
7088
71280
63200
78304
58240
56992
94382
61280
20224
93440
4400
66400
72384
92432
13280
58400
2838
97148
52520
25632
32304
51584
38320
77480
95712
35520
62888
52044
63712
57200
51926
40000
50816
20896
14200
22808
9920
70400
21456
64192
29440
48156
65456
43728
42560
61536
68342
46360
48480
69570
1600
84800
41440
2720
83360
93038
79680
5600
94208
45648
96000
15024
44488
64612
85440
60144
71000
21120
88000
18476
47600
62800
67056
14496
31374
92288
17632
79040
40000
34752
27888
93360
31680
76000
79424
18720
23040
76720
11438
99808
53516
71700
23232
2880
46080
76000
70440
81252
88000
14528
9280
52672
79200
64864
87208
7072
29200
92480
30440
87936
252
41280
77856
95160
14878
58124
67864
4024
12992
68048
74720
71120
50528
18556
82720
52600
98800
39360
78920
96232
26560
79200
15004
40496
92160
34996
39712
34080
3052
63168
53462
11056
82720
41344
65142
33280
14870
25152
88000
7200
36776
82578
86880
61788
52782
63760
97248
16192
26904
62480
33004
90560
88224
33336
16232
29400
75360
24480
23040
5760
21552
42224
5056
73050
45720
54720
54840
65600
82080
84342
93988
7184
45500
92608
52072
10570
11840
37920
80480
11168
81440
53880
41660
48512
57664
37472
78400
36472
5760
24400
50870
87980
25656
31320
94176
27232
80000
10560
81872
37884
55472
10696
29600
56640
4928
19200
79040
48416
92564
8476
55440
65624
85808
26920
99024
43520
36432
29920
50440
80800
61952
89200
18192
59024
30720
95904
80832
81920
91992
62768
14160
43736
2304
89192
39908
88502
79480
47296
93912
34936
50880
42304
92108
53208
92480
14208
22516
1568
59968
61584
17600
16800
60452
91920
48920
48100
78640
83680
70208
50660
72920
66880
92000
10122
91360
50688
98624
21600
56644
40400
50720
38688
35728
94080
78008
3000
54228
98560
60720
69792
51616
11136
2096
21280
63432
43176
55716
93588
22656
50016
69864
63160
88392
74720
36088
45520
79424
22496
71840
8224
25664
74288
78464
97120
6448
6880
47328
65776
2080
37434
4960
71168
59336
17934
63840
16444
98352
94360
1848
47104
98560
11310
72516
6720
20832
30240
47988
78426
26920
7648
85280
43740
94400
89248
35592
1080
70080
35360
34672
24832
39680
46620
94150
86752
82374
90816
22176
46016
48800
44032
74976
37774
20736
83744
49400
86432
50304
57910
30576
40632
31744
76816
38256
27128
51872
40250
40400
36672
9408
8440
4360
55472
86640
13024
92000
71494
47168
96000
26520
69074
54656
36652
34800
14400
97808
29664
67614
14640
63000
55232
58432
31200
54400
25472
64110
67680
2436
51080
4864
57936
37760
87656
12616
16520
78720
64960
62560
79152
96736
32224
9536
32544
72400
73600
89168
90272
39872
96584
57296
55280
47680
77152
49816
25728
94214
17928
4960
68800
91080
98880
63680
88722
59976
33344
8040
34576
45584
11964
44256
52832
9300
10736
13436
62848
99456
4932
77100
58820
99560
26714
10496
82440
22400
54560
9360
86272
93344
2960
82634
28032
15320
44000
97664
10320
29088
29360
30016
96374
89418
56608
97600
5920
32280
72688
72896
31192
8256
69216
46432
30794
52266
22800
98880
7352
36160
71600
23120
92260
12408
10688
30048
78560
27600
15902
81072
55592
67712
83060
91380
46048
23120
92720
13072
52548
8160
66240
10400
30528
74704
38232
87136
86752
56800
6256
80256
60256
32696
92800
85728
65088
68032
88168
1120
71980
57280
91536
74682
77472
48942
13040
99600
95040
95520
99952
86880
28384
95776
29520
11360
84832
41554
800
22820
96576
41920
8004
12832
50560
16728
50526
40032
56544
26976
31616
67648
58200
91540
43072
30976
11360
16120
68280
65782
1888
91232
41400
80800
63760
20608
51152
10624
57920
544
64384
73672
94720
41932
60174
51792
30520
97120
51424
15232
19552
55728
71248
21536
97984
42510
98696
7586
29324
66412
72432
14752
38160
49984
86960
99592
91872
79840
98272
54852
15520
24794
88598
8832
98016
70880
16168
91200
35168
84040
12240
86016
78176
59380
82610
98240
62880
66560
82200
97410
26780
45824
46700
54840
54440
50560
36592
79856
23040
8416
40768
20000
6088
87280
96960
11136
55840
31840
50816
58520
14528
41080
48240
94400
8532
80800
73920
48056
97280
73408
42392
41296
55784
83896
88264
22384
66880
46000
48928
35600
12512
12480
52672
86840
83504
15356
62448
98076
37792
88256
86912
8754
73920
23136
60616
62822
67830
94240
23200
48364
13280
36320
91114
23240
49120
61008
65464
9352
87808
43884
66368
39792
48032
23360
4360
78132
26976
51352
89344
7840
74912
92000
79840
56800
5724
3514
64000
16800
1270
94940
13824
25888
79712
74976
71296
43200
37504
36000
98176
28330
85440
89340
84780
88260
30608
66400
5572
76868
95128
45280
18462
38272
42096
64704
97320
25600
51920
61248
94496
43664
768
81900
23200
38528
36640
20232
5100
87712
96464
30000
44872
20864
13358
27352
11136
27456
75776
35592
85280
4410
25200
86160
11520
5696
76900
23432
19872
24960
4096
19128
17800
96320
6560
27584
40972
83030
99232
62240
28800
6344
51084
4480
65238
37200
25376
29932
88300
82176
99296
6120
8192
28928
50636
52544
69600
47968
69000
12920
93184
42032
35480
80320
25280
45760
42176
96240
66960
25056
87256
46926
31936
79416
3040
55040
42640
13170
32800
96512
50200
52680
50400
94460
38844
23176
53384
92080
80000
14954
34240
36224
95094
54032
29856
78144
1812
27744
25600
5164
40660
98400
896
58560
37792
98240
45820
59118
99392
15600
10432
26944
67560
23444
4832
89060
89840
10224
6080
88960
38400
96620
45984
49408
30968
79676
90624
3680
10240
92128
6720
61390
17920
76320
2854
7208
73804
84672
68528
69200
43960
65664
28096
30134
47792
81080
67760
14640
91168
78416
22032
92384
73728
79008
58336
84000
72000
50560
98400
27360
80000
37760
48000
65520
78724
21910
36800
41520
10340
95760
81888
85082
63216
26452
11390
43520
23840
44000
37172
48128
89728
23136
19200
61408
91704
10400
5952
1040
36856
33104
49280
43432
91040
41544
25280
94336
17248
79330
16720
46240
51200
79808
14560
58624
25096
17504
2112
23536
99040
47068
25024
75760
62380
95600
58920
31200
5280
81712
42720
58080
94336
98900
24064
6080
14240
4224
45024
7584
8972
56464
42144
33028
86364
84028
34368
75648
33664
80624
28698
82876
96000
28640
96480
29152
90784
26208
56192
41176
5600
66660
97640
67968
99672
49200
21024
8160
74846
93860
17792
31584
93008
70816
61476
67840
70784
62976
65312
90120
31568
99840
51040
70016
20480
74688
43000
96656
50560
76064
31556
58160
31440
98560
9998
82880
4120
14080
59952
48690
89040
74640
320
31360
9280
74240
12160
24488
96816
59186
21376
23648
69024
20640
16128
6528
42720
6400
53680
68704
6592
53072
44188
28064
38720
79776
16448
21608
9528
23648
82928
51712
44704
23136
56800
97156
35536
16600
21616
56500
57184
87040
52672
7920
58400
21856
61964
83392
18952
78216
62784
85776
66316
33160
29568
7120
71396
50456
12776
54616
91360
59840
67040
11080
19696
75840
6262
91712
728
54720
25552
20000
69088
71848
48000
97280
44096
83480
91520
67584
7368
73468
25408
78720
70740
58400
41020
84640
776
81600
24000
58592
54208
12000
63472
34960
95520
53808
17812
44860
22560
56480
31200
87728
78304
74496
2400
88960
41052
34896
55440
34854
86912
26136
56096
94080
42880
84000
3528
91914
26688
39512
23968
39680
47224
47146
9824
83392
46584
32832
88800
24000
9560
91520
58240
64082
21568
76480
24736
84472
65312
98284
85840
36064
7360
79192
39360
47360
21632
11200
76736
29856
88256
24672
74304
51256
23680
93600
34752
56160
28968
27484
51120
78488
18624
73880
45664
78880
14720
6624
95678
25312
928
52160
56682
40198
5200
52960
66240
64
72736
56760
95444
41280
53680
62944
26432
67872
71880
44480
45524
59680
42352
99296
75288
6496
280
16800
11200
12016
64208
30560
43298
29024
48200
10040
52800
41560
95168
72448
14000
8480
60000
24510
85448
8594
91552
12672
76184
68480
40768
21600
52988
71000
2120
22320
96012
18912
45376
20356
28944
4992
12928
68004
77764
67000
28944
28976
81056
17328
15120
77120
70440
79200
23264
31680
64256
85120
40800
9520
34200
23200
72480
27840
71776
41080
87936
72848
95774
84736
24096
62000
7000
74276
92000
50140
87752
64960
43744
33056
2416
92528
160
52992
67344
81248
79936
2592
94850
90432
11936
47640
52480
24768
11424
30528
4808
83680
99200
43360
5192
47096
58080
69498
38144
70848
36496
50736
49200
27000
75780
97538
24336
59840
37488
24800
36000
20544
22416
92000
22400
41680
93676
5460
20032
19480
99728
38220
23984
2432
98528
14400
13280
81400
22080
95392
88256
2976
73120
82880
1860
99526
98016
54240
93304
83504
17920
13216
39520
26080
95024
41824
90400
3540
7680
52960
32352
91360
89600
7848
66636
59136
36992
84832
58560
54310
84796
40800
98512
81440
42144
27488
14816
79456
7040
97024
63404
99096
28000
27232
36992
80160
71984
14960
80128
32536
24688
85120
88320
81840
70416
56000
27698
96640
32384
29056
58230
95780
52024
90000
84696
84224
56848
27220
81824
96
78880
78076
67600
31820
43520
23648
43840
5320
63200
50720
78400
5520
13472
67200
25952
25056
1138
30568
47600
14400
9440
34800
61152
67040
10848
82560
30496
61180
84316
41920
35440
36832
31968
67692
53376
92268
85680
79010
52384
66344
70160
19104
80960
48800
88208
99584
82880
66240
67968
59104
35360
13600
77130
89800
67360
56912
27454
13664
5300
30640
90576
74080
79520
65856
88040
93600
29088
81708
37440
52106
87360
19520
17392
28576
5760
49706
11430
10102
17696
36224
84000
4960
13508
50850
6304
35040
30496
58296
36668
98192
87704
19200
53728
27440
89050
76960
62560
67832
80900
63216
42708
65700
98360
44000
44192
97490
46272
73816
80160
5268
37408
10616
78560
84156
4480
81248
39040
45700
37760
86928
49600
71200
20960
37648
80960
60480
11200
5680
22988
66492
24480
8574
3360
29256
49142
75040
67040
95360
34000
76160
31040
16000
22440
84000
82144
12800
70504
77100
38536
65600
30560
49824
29776
84320
90220
23210
58784
48200
5442
75392
83504
55080
45664
23256
28368
26848
13344
3084
8000
10900
25920
48904
66976
47424
65296
94216
5236
96800
57990
30000
85604
41590
0
30560
66592
34624
8400
31280
96832
81408
28640
73248
3648
72320
44160
39104
38860
55040
77664
2000
81306
53344
38444
37584
22000
91624
48240
2336
66400
22400
71840
35436
51036
67552
31840
32368
68836
80904
19848
94688
75880
76200
36596
76000
28800
45424
91264
71760
45600
75840
68320
91664
82240
10016
51520
12000
81024
59296
9120
90230
34740
52104
61600
82792
32000
40352
28000
3176
92500
36960
75746
96680
83520
62040
86160
51200
94816
66176
71040
77352
41216
20210
34860
55392
6600
68704
32000
70752
40912
74720
32832
81700
36960
99456
20400
48864
37864
95508
18296
43240
99504
48448
74880
24156
61904
11744
66384
57778
40960
54292
17120
3860
82144
3312
99260
32
72896
69184
960
80320
88616
85440
28000
