25336687
24819794
24847287
24863012
25118299
25018044
25018234
25184177
25064202
24880648
25248541
25277539
25077238
25013594
25157230
24852147
25254293
25053639
25131983
24969574
25142956
25005409
25152141
25143346
24804358
25036285
24913084
24923273
25081189
25118233
25248127
24965173
24907308
25017088
25174288
25162248
25015177
25174347
25159208
24926622
25158903
24833917
25141824
25071963
24963446
24843425
24960807
24745529
25007762
25077215
25021750
25166517
25222484
25127563
25022296
24933153
25251225
25304946
25065633
25096550
25097395
25021521
25111948
25074633
25110576
24840744
25159799
25183537
25088303
24935031
24932468
24766317
24770718
24954726
25141551
25048862
25050972
25138548
25039786
25017580
24951736
25544611
25214612
24986224
24916342
25157055
25068327
25056748
24989127
25160985
25033720
24853657
25009948
24931245
24838290
24663621
24955456
25038798
25018504
25047637
