1
1
611501
627396
1705
2047
1379400
0
159027
66
86526
1323652
22275
1
1
3
1
1
10391745
49329280
752752
91
8191
40075035
20912320
66066
1
788970
63436373
5135130
3367
1
10
15
1
25
1
171798901
3281882604
193754990
165620
1
32767
1096190550
2141764053
28936908
6020
7141686
2734926558
820784250
2757118
120
1
350
1
63
140
301
21
1
2798806985
197462483400
37112163803
125854638
9996
131071
28958095545
189036065010
8391004908
8408778
153
64439010
110687251039
106175395755
1256328866
367200
1
1
7770
462
255
6951
36
3025
2646
1
1
45232115901
11143554045652
5917584964655
61068660380
22350954
190
524287
749206090500
15170932662679
1900842429486
6302524580
741285
1
580606446
4306078895384
12011282644725
411016633391
452329200
15675
1
145750
63987
55
1023
246730
11880
1
28501
179487
1155
1
1
1
2532530
5715424
39325
1
4095
7508501
1899612
2431
261625
9321312
359502
78
1
1
7
6
1
42355950
408741333
12662650
4550
16383
210766920
216627840
1479478
105
2375101
420693273
67128490
106470
1
1
65
31
15
90
1
1
694337290
25708104786
2758334150
4910178
136
65535
5652751651
20415995028
512060978
249900
1
21457825
17505749898
9528822303
62022324
7820
1
1701
28
127
1050
1
966
266
1
11259666950
1492924634839
477297033785
2892439160
527136
1
262143
147589284710
1709751003480
129413217791
243577530
12597
193448101
693081601779
1144614626805
23466951300
13916778
171
1
34105
5880
1
511
42525
750
9330
22827
45
