50108504131666161710000644907554788367224758746944404962542889557225551640182799631009661417284127402617322603110999146633762337388599343633842477581500317679504854414602239988282590171794512650794928731498463599533426511701533318004456771030391736597661796147775414947478345238360824098275963280
82644502272702624166613891787677215054318089749276125708035978663878759071019744920931597465112851482991631414385473053518026475557253911213390095964258755970565966086802395890070727996844703065159281583597291971016220091847579378363398175897698778757337742478683782838799364433525185788347751264196233524160
3261219018864506380865714088314025098330360895009884863779575995355558186728720181241324709216759625684153017745043622124794423380530410146740940003660559968225474775645744286785395266686000218954623305779675484809461495620860
4637311849299029266698761475641314998567990277021728098608219280864569361007007537031143459830585260462717968224780130367334422227212674492204206395295220101707738282346185241994380961355027791691771367640476127167680
0
180813552170654125220518320329243469214623694164859564548817364528016495659078524351738892657376165628714101660196728521687307026035680
285586550301479756475466069302217303957570472220
0
615644253079555
6638324856101777531192490071166398047155141791280233470434243867912840251611561247612370261198869955476770268920262505773717054921219615104800
35666446492902988800636175699291027466986276253353286133131111240822228921447740479080840
457392780283981928210501156717278561089892409730796998848701776093330947811371972963119228650101202824058128023328780118358375808194333018336780442020232026232847517072902741450235347961077019613485292945403430436788533346524942766489925079289620668062650363422442036118269894305789483976426776243625
241154937173889861182026011347834939117565937636608219352531881539260029550992869554187159089198642606202246294749038938364253639623092093065744155838357975560340011690236650564647577543909599604437725867205025369541821460861095754970464874980348938838297026300458606336594881246056917405186983405825547716884144044057573570565832522330561146927118566489723894257356588833116
170083429981301042870010639547991606375883158670470555620352849859466592657334644899575983239912812033799692134598085056513920953035308842408464638318118006696098816558237077584898337958698287845532120900594848908440920170521248546059182576542748181448719007885201566650860
4257773902732035861834015120786189875644239775214587663066751183530312381503524413503527046509919355287314833446986506236588402820290507258028843454714017408398766270758186425246288877090243960332938269298505200795745725200
0
4897387308076459277051811474805553631308829797826863249483158672055973471308098127759220826131557171529588127280084767455148826966370396931530115061942364188857083906395012223892154261560909540233139995058586654575245869451930680985208164742155384647909208998532277039633435255797343951656856118554215466780991643974578630260022687593249839652908089375546249674957145451646757784935389509332920976150227000
1714483621304582007857210702827627191656146300911893644114762414570759106982166338914791823348413222636598285136403829148648299093350967642748255080282192111165153088710573364201841969591096863691246672398288906649573252203480743652451936088495647367110581481256620882192066343055216224685075289453978498004872666327207710928428398859022770910089168451154279768313165
0
168791114820150506151231667551448048110621998542489783667567482550605380835078594772415527805425492832868206796704847988088168244315756284454401247210916632588672392663294800103202396813856838284577604014672566883928877453873121204480420044464462597262640402539386967819817480608186696964520965415920564367206169643657852918222632546742029055295887660300214073118868011739101683569675946230058061506628714220706079737942124582537642451253376510032266256480571732378522363040
1511952939087659784351595364568014630023326750665656895297621368003169686676372964476948859806238010848636711531625389261938569106740060055935820886629444794496356924911997834872688216472881273231442775399536150358240329420922541644721775616940342213872744115094202679991614218008738744662705394417676627039510125979769764864681156522445850759721592368656661068165395139295940170612646164
991594485578991359207355941270168795881113273419712502002498514288608
165911714593215245721248112309236631855931224091732037700827817346073571788894669640317295452375774487020309612068414720893622142768330203806497215672922071164803357754517149469094110547807500145751722997537446143982472172865506048804373813885931819999748956125504655114474014301948161190429938929620608575356693043521270111163504848278547081264760200050307697700394691426155800075377802304937547642286062551316131800132709389365501409501742564653270164492383740
82630478940050444583133391708361785016514058793185404358778874345903915634995488145741297899532012310382488616564732257562654942581041424505200115138736537236190893126987939760784202885129095839626038715292161794796955033397225382402516897542868
117357471881623740599567003756721201005892981269348073147042475151400887020237193367502896666288181417609347149000214468481452683644003398844141072711279709006797633884781260595464292800
0
267835575881589775207825329922888580737203884145939200039395613247250206650047894440874303220681748715930883954958071603654509141314584030322303790058707543695257763120252079716994557147686548423652311282466432412486923744427491512077415500
3536634604193555200188233761122232032983163041723463000547235840164481802286766530298528764044138445973070742610883843445004812165886174740997118138391846801487027868574700821798477493218662733097991339669274320
0
1434301050591945618556942761806613408292772210145391739363667401356137754087530825462890304751934543932800102745810076651038402954859736405952620287418379121541636476366824760895240051067469259608763945950808453096254201406850000
1358940630683785363430489566874987712604185977594266588276288920862925127170079650453625364509760749654121102606184659313308726775874577188912094767857975001904114322984964751813176219980982780478795793504211072196590902153950592032492386662867484655595098472932515924566454973881806111364700312221275415119603527285470857770880337703777904852573074461272851217906929815555321513584020687179707421229448095774398553557827256153352287879537372183157939642896836901561029634266515097549867215963200
0
25142825744816858744744014183933310430425120816001070688695839745807328871491217983157193225468336467379981777505854345978791422280044334769283394484136938905612532828507922807578760768620968955230883664568101360574170141915657894250389626575884162473145865971644145435895671146802964472823691144915639461510206684164803503127541150915942147420
29604318326953004319110187001652130224609019416453614618415552337357788815593636255253084574881759963043182353864393772238095346364977678182325961709689663611213961779662619277718348950949409285546789045609625937997251243139780375283396742790884200556568710880293421487377319434262722477000727623110329086241818645159843148078094195599674160364057444920962749790710647854579792694151102448811728673193466360715553530511810164092433717149148541903122834158843728413024
0
20706
0
11225754601946000304208338932035890049077356786407394699605271232255588361565181970176915439025850763051710837936004439714461369817251546294538809888992509471929817849527109724877047118775858397505971905261518783165272278663579030801159933077684091154700685803183523992065812536018755553259508329022727741641634220227721412095043972521860463735337917282027700
276572224257005649212664599494878527808280810262414287726465471951927241293849438352035082616411706374689150727546656880599788900297658483276018542377772797480086508002457030570957780183340678427431891326577039579711786663604114073857364668324798690308704973829794961320312613471578609893771932450706293107633870452915252572863064898208594850344137766905120599413151288702373254983357660435560296313078264525811832163526576092283670428590
32140155124680850062128733427098
243624872920495807769287260126461331038828626530534913828561462525184045833257017905376463321261572708186032324267014646826876979975992309047300416396403564389567735780684320251281204983223503970287779411765489951505609230693339507843587918597732918124912879433699627988395868949346991618706311241221495707525825766757249306267628124439727997958897990793055709505266244299451260800
6665800737417451177265513044490182630559252133976717004184411591197315193256303611314792979257261922442618596898629703673229807480083585100590460920808829197981029558372929873830492952323054176
264970069224357448602917111659176876206471297033528009127057436035563723825371437650455052583985504771234037190019878530298365880
853394931742028493348569401722382360460250907212641388608302
0
264735478016465421911540817759461424096275553033387509999118190283758648923040291629429285372666902369869882583236693701708511740897304841343059001443967946990022635797707111412079940499861659140018432765727694281674535884868
411720948979828865143033713256453379294024512637321264151484745855914862473397319501308455280290196581136238430284758414875401832613753603264056214477574443983155826433790794601905799764039963495319510571495975472897201621874055943595739341175657867570738369765177732903860
10129183233
1933594049880952194732735903919625952419321810112753515495032937291027063613191367276470218970506888290540427584584525912216450011270982029633381123848261512082880970135760847570102437674719402844872750718943461262184906589405265881929697425749310167540245969820040364467336156247695284
754220585429716903378116875277854878912642050529412216946773613922811252875711252925106803750631496696389865828280570143898812331300
71810088637408441320
0
5008446511813882873937933071767759686797772400845823527596249525557457478771281409277480515787230559008192225763025605869472477553165805755396579974014167163880395480195123710479853336965372414858386010944160
91345756189177048858612720898441020910263749107948686632700916722027951856921596732111977611080493212999780301954230271666540541591247434522016702085288942327963389824973361745427615118973170917479563792197809297002259465111664722985261639592370328356664374638018599508956248419206582432332980830649201110304604721659204971952328780374113553390785187950902402724793389952426624296644800139319691077042301810335067140
0
4131628109112810084213338439321953117136604974553910712065712898521445954089356404367003946349408710913047273962285534486471423632238173551485442178309020
1989864107130213190810045696399625140417669731544195210120441875579622758639074771918500305701342568861915483948436402633393508279653755981128820335169314900924336997031916878204176588596803720806896934880502577410235196108598688834928686036008766166552619584683699516518406555269748438558037757531761812156822856955459273059395208357600078714042328077816358642195583991272667841421591682908781317410907083546465031285799
0
46316594058944103948620543795
1032463982942585342486920466396983384752275058934522070212512938101804286481400109681981323713127443806964751010859746610559075535955925212815798708706505014470391861223521957910648769274180007507333577982297806032017482095933000393336082746467412561037452592943603296971371669402615868310043805932947102501822679675595121636064706875015343268554648613565794278924537860
619828104652668009986369106983156749950356939476612859692957807594231535915185797101110308039927906403989861012771420608693669819710726842760906500080495220142357240648001187209338261611913263668212899234402786737520120787023980744611004819065500
0
38899774785861850659434174016563848978814932043029222076080202517834831713409452707233519545986623190003256798371560888904505856
0
196752327332132829308165138886250097405534578121981259288327559315238214603757806416430101208576286548212379651958764845543968248536854831149448038198290977803612915694724887623878614775314823580572245469760337274121361577073505737916901093128342893991966237975415303259271537546449613671886287112961561258573126893440940944618339781978783419131287166944982016
1025051022357133247238636832567144930548536166995253485683646901769737044325273892637452606828028253941793515487487616910440036903039130982015426923704557430872748333569800368127014089140639942099892128623157823610061424296614289934526808804003673560300216805172586694895536431664424863088465853683209956854827415914526815339200
0
871907697174426033872075573804370968307375377873906630207383655564028514604737080824851564662198173265823687425351227405304739644056612489821742266094192199483893390442937358035282322722981555976199127778473923837974628454542121716326531768852681736308403746301813602486250
3612175835992796748687049654862554112823349802915516361854460
463728208173024388914310960606718395534511926694163905923099117824374226468888529963789280707280838790598864960646634832777182997377126351270845290948793828972320885435013873434916908125518775289722258657993025804341980946500548596069611766365977096422320
0
14236851719667314498241515029432234451681871706289005256224721121718996509582235724086932880248000
118599760724384936030732685259128062602204076904498383298059163457806410785125303409090025908269600418014424023790108600954204286318610374736255630506141052389036054892174853617814903255753119018303823463738717373695309930656034709719713283467506149229322525599328502780602560691772616594856300376108296506948959568291770966133730657226581345469788972839369124946919810602055181371350640969671407664945746663809720257793165232254597536131810227
219014767869149439982447401497279731200
184698512940345891980980121891862698859673866638008823610412963658103405287271701698075058078573566723816995860648091513587784768609748592571288131862369480
0
8301089882925127789433510532807665895189306839517554106100922296162792937325036324774662599257428249956872001041931643829779151076248953120536645657724393944292109260004089715422218739334468910596712046255482039567537236639793
40125520782043665300032920540729064803447240034078359383075596641115292246181169224623969434645086497368504838823765050032863708609849298022196980937521349316101648889111522081020002949377687620872079858565345620610157672434285194272415442364523575613260943544955617778469450253026034206865747557918998769713279311940797096010960349050316814470827109491973659519794317396733284850
5727950694482167992729506750850088529673947123113245633839592655120531864436262160275475676748050652
11578584830757934664455826459584075433477359551196817251016956812180111328254592130843006250000
3005296957285041853569817027762183375670287178310945344402520432109281917237519481638784191017988035605773835514730658239397683392264209666708812467690512355078661184650819960747100701529329264843814140713932703479442800
4004941707202486916596234178288697407450986642305170424632307164372594926624795029390831581
50976513288121710264844896536748140655150998579346288681090974347168381830008149839886911070421670343485498825614723072138011609727599858482570352175823020299568752505045652395373390517625806236533053144678571699451526086201085957699979887088801175
0
494652667500623738460624283239586462379709513751738289913724831004628656064488472888608211411328352031718183466156681102736600550373400435844491399422021122725630007006132998099190539701265988574126473086121308734614083786115357673365189381289398359593714693970144385561430133732556223368767900
156509070553794850254207921887130411572347179812761310413252117164559394465435910476693137349206144460822007562795444741385530075349436648572970564752472031033739550832899767258164569883221127313758729684924051872515210259289842187184144531287536352449832208550092768395769682943470294458469419799137655605239158757959921651129006002878421619662192416147338990
0
28470390084825803212562235294936023351059740171707815605651367942089875301436651311433019213472538033035036725187525326692378714054165110068004040740667108046884485058856565339533728910
673188288934771762969296367227810896324753400
70945278112452674362262076107612500000735134399530804285866626674348615418988839424468835990936573877078382996168575925252737591566480275641390429165925965697893131022193034660211235848685164150997319433579003345562861703829206692617527876115866571814944912532894933872406652487248517532161013085890990943548453109580311038025721833610574821600
1545513894055670
21924713128773260237583154323371573397980887343385022273353940227286608274268668226920484195105065612000
49397355998968426648592540175205128692129570608968495757842499782561958936150239005325772953479355681509122252011828269871108721487090201576425981747202296653281126275259057757824177460110922575362160
26028892761123225979927249337958229510775248200454805559163164555186476681111771167171437478125695866525894719401088735766786283078339912404886681691858324549652017426961009646646109047542708454756458178487899951643547034401922911796884127396096118704429327568628486958831131795637559428673863750
0
0
409454466716010371013711045136074641860453252518257411525453570317443436667180159506199398729066445584801936499896394092228052284036629297526022366898178691872002074970869887746008074393575491305971479515075801176072870253164820247086617050531012254286860179568548
0
398347233762889350802027020067766510653842089430705323017452608699296601832842416633973521841501741030966844747219451211589510131385251520890336114399092000707589021252414311847028272520030010932986136245210117765527546680166949011176943798629922052985513493487440281073692232205796760544575
14840280803115207777732995061533655691129381360619452088882803172379305917945314455600704484116025225319868458995477484153430556181425594338098376907754339411569395517740273554487887178338944404333686566334564944010965657931350614394225841537102098034419161896900
0
92430108136018382737298167106554909920222669292774257531726772921823362650812593118096393284500
20247565637198499572995906584876765071409352915316677206007397579803228773634510246370353619698980646639639023245196146385091063594738878156495435600
1545068540264538567055666610812209616979609087303710892246137040783021123964753198968834317858894721867200527438689405079834053907036647001529606028148000
326028725141797870982348548275014675264243663195298263704425376870225777610726797509653056678206691861630020379031119169270079371532
50882907892711709222746855430280865589024551491218309567530817660618399356626560467167627431686484871482592671414457150529722404220690538872899643399070106666956178832670823465835160083832234416186480625562186008517148716906352943459714345024237212090187260952661309640102559970967025900887220054275294156035490024541048681904408634459085450809385500181785108639960304245212392350012995762912160
0
258004324892516332901477320624297752045480352658741974474608680689443577278871568669026677381700099174293031177400753470574899670930939478787357967841270528599053634791076152448857904367522783117331289703105668548802380080569935
5920364173523712480261104058040
0
0
3690423930791643572656956570206934443238878641140574128877096442162662136928070030082574358557234660
1316497538212420940742110565311392926149042385795451109128871705372420286387739185379305162696617419415583609571646686659818575312838622384472275666241452464613008915490507131660739987791356526536529494739312276388383156719767400255570184746203075509546448256575354853634492578564210698693853836346656386737272411036489417183332849791481052421532359698632151231066
14769189982023793488039733119028064653545
1742343625
157752291303492541645378589780633101346906235887687533406611628038682135187100512864957586042569692781796527899183889225222317022028034342038082773016700
50049663781019802323019101922375025454477854899289587449328194070590417138914048553050995087489781699364803544360270693814663065277679080672057260399658562651128274363944718493924154935560335493661276228243772095092814211743499323149579483440945394283975861845675342302170895966881496059223332141586547797934753110004801535305800
22446325830587205694952319200006719452113631156914411981687917854008967454468238451556211510232695695743
50274926249851494957195592871746629646984714060658926585532494722578829424729217856869829558871719679753523122401929096124011818010116889545906298123463472513979207243910037828948066732702118653975513528590228501000
686675336787295620414577460836405987790752085065024487734998934888877549192033682040815328542371197504578993137024723221525678130533452568985645885077008844246617283197035640000
8604640900946276670126531017513336729874423339798168842730197957415826303559532669334500
0
232157561884410152200803930085901566267280257986407548963867200
289106057833704353088
0
1060447573522657020131723536624253575043060886
0
0
110592296643635518793478689769279991656930627597321110841975990309770244987440040028563294700249419147634650
727631642377621915606782895947811579267306497215200124122919347895573894660666403456376430781638503700728384466956708665801107023300039881872462032980899002130823193693143440334156197177550989898912152191033164262518026710421754904057177964017046193676660090898830195830351951423779671035435721450955969800107160818468082076442387818024565877500
432407001716681980012311294636490802918559507288694042998608849490793219317484931594308517540529793964823807211414157917352814468754093313435412274954147121302500
6925137972861881790759767984667503019988516274786303622464672287480470971617934398992221515881217915811768580608398909861292289234240438273331699962743948122874410259098001000325591946819131525370480861453988981279591651124746933876474822765493944571272783855732244206327486832939971021425296437985433128883600846525507571045013370080
12057109186413636456311313633633334133332752228276098206637216426774643918300087126192642319605104009318087212482113983553301821301128931683213653137300836778146546925329458091791511396350754585906876864005547098176798219011642188044075960634859296405276758378033979159109321294837743201492987450
1693583963954676872869907264423919396493299362733930
0
22355665447771613210477213611488385260352406346785110270476097479178438545321353259139397521161004673797235244900975229904456339078172200060047996258119745828166082508599938151088357612771957150518
23696195043090570313269716699763593253862263131017434771743081500425932034754449045564054009002991602163096689181897024996475147403448210816764551746414194983911926646747145650192777212231328065594074083064623426200336067852505372430967083577323867590992113672501070
140
473054811705623606939590956919456002889568186331481640056122064824652931239004467479965988556055504683795892080925184752475688311214829131635432291533240313307120340908133117265026260845
252483492695452441555785569166740164457864654256801505970033347993969776556084638121582598940397543069201337505937936822613222396910757263205846575928348444183735722580294097230207066530840269979322870263043017794807641392703991038263450165450274853613393617809481647170774543090375958633015841546290707620147601440904651859524120512596622273581672229725643961959508
0
7780598285232278240783862318184543437261263879259642730791402358844473701130677270932353455684394474178937848309107779462703944616527519529858545377394983243988064418054745755873075666631910282249820513990630163326467680441247475663317932734405791435181924897955368769078676005048404697252893980449317626895220458843918477151523033543548413217515783084006442476550019308222250
0
73968117976312404924183977606723650010356350241080841174446368124229420656780
1832210027474478577998342614510910284346667372320001333747434920950950434101508192392766728748093086775317337589841681990240
1247845144824272601765177162452688068631694658295659142247539648140368623549577872878762897732630600371527193240996265038117500853622051941111900626369406325014798654179751966051313731677274349136947522899716770252853255866233097103324347949531120576823407632023443257575746173839897991524092563376547371479246447323809021763394072155005111739340397483925383264861625392748483461667520883423580084530044919478626518870600853828543136865601088208076791766024
162866932637798591050046203044497148465734422370402655586414444983087429570970260306115904813444272864407781565562501909785296072065488710793514108247894243930911876371683091698023944463650319275051445350508288702621520675004390284066467775253769809918611184447358759589802224504079436597160520985131205600426897456572807100
0
0
31525262767127125200927552626325090163277209419097700136288738378749552500177875368061925141046572699138566649480845980870075029918944950901590685919115952570949722807493216377019991636601914326296246215842618986202337510212708583087999770552338246725068510182219923858519694596357574550509320589269192218524186444020048613741426191572697070368834794028424
473586789189268457626331933451268974035006243339841962675926878908038320777130654762993135706535706437829610269913202217515332842097803253652541096480659006894538220464108169045799189589880511638949445948774593955736054659927744690511712695857281718744421485321972113566815917168529791032780323749918292553715449219408599115697390984278426809721670919454658793395072152482127182718402870110559637513155216281544009327646480496800
120729811111821765050527447284286597380286864283910280900200361539675678711871618297741085144694287123294750043632000220381530993769728250262865930789182302718281618104371976884844923100180945966001980324923110229732599328469005230915030027857045445887839847205913574136000
18446999935907929283205411885673717520060898992863323015463864104863621381834913112941775993870500
708644466667747515578075954832549855840266106664210605145370187448901923324387134693842390682763271191125284671325097363564882680993581846622048060872687901668528306651186875681686331780959989651884992731820186040691491883119238992277813102517166235365311223893426554692761490511095620110083617891219167944597202425954648747615734054973262195543724822136760760552105785489209617697562730452978280001668885443350
33663278642755465464598291593513550930393387685979754452732618729781548485323560661294563017654870245607540116724304911130644761345175289371170844543208980460363441120553118553642201365025519077945889722981221273144525267735481848272198094802861277518431812491414235577570398800064027092711473472026640893337864766266723799888634127840626986677675702980545987487958108565598827179016115262504794378810645383422610951254779921755734942718585042788831669066556387797193750
0
688307096908141927488712759503192940532337279069508253644778444099115956603422435159284108971769333830528020639591614024132179800801692111965846703180047672556915709049245116089957455493126869832446316825307333238950762419909967905166437040
594481676677307918946844683687704048582800954343808470717366750991634250866321989980822337309410121180
153665494079510105026974561268508682961358917500194864990413717387982220
37387969832595592981832337213686291448664231199217249915708149313777864140726271031173607750825607937509086433198802230397988704945901896972236728235834666825174810263155119776784872548136814327245841830301202429411629316273535357648040452451350467860710280136692073618118944
11406521769559735491763038885675050397491550756776169316218006864011523493133336509355731028941191073169575657216789275483639218828024327296361404625537913925145314500
13108223685586124054384404016667931123986718974966768222911886568600459952407292265929072689166434512822549967240116086160174549851566347046797699053900761883735350735065500310450084301754258722404225496104554934522793594080
55772970688851646796157531476415251754391684880367365593936147883819050391572406370019751199799504730245796445894237289186949732733605957465424518043086858791889938895521067047253715386992803330848450424730001429299476529342285406817745231917885555445003370576694023957682333481176383632697581251849057524949183211692327340
259229471899755629471940622679225502725841615242672321599420965658446221956223309961370241177278147289859850934804466167816975237292521578025855547252019029052571148830511761582115606016864690682368865254182381451004351886629473040041706680074495735353186526315355918788000
8047562004578501378691625470901520025840197130650884473553689228576474220843174217444087972414009603294585751628179326963098103088224678723258138624444773819463469646372796131001991725104616382105433163574241939428055393601669207229894085810945432253263767898560981443587586532164173352912833030027689100970127890774801630064662122271617461747283348078068024194549619050654843435991224947431027383817252279410030342411005998096795648575
0
1490879532330371899175788821620749227431450469085586154508799994195646605682088234138790813760732827730652873901957810491906275256663782695143883929515269947109318915624060205716819839322589134395787830753190594578306189758616926239600
10635181215056699082299840891845498643377077829462441695841522934665911070591164659725147553230419189335889684601129270496266975538287934801332436633031541450072593761977375237949165323341868480569580349901184266183756597983270988322607685336028871113718848610235804183554205385542110325651803012646051430869043814801311195695850335405435955984376086529906363723642380015292386000980408726031659687296940408247
184466061300586296051731856839202714011695011346534066718242715928
193708850670139721039890241121849006764105116472636524444193016038102000191201782982521946845398400461759127254232031060334079627662337981571001343643658554426306568653090892767978540076882493170023828802990595780417546366186438234731338204494667745554824970063471961207396150056446389772062953231586186581939110566726304038827743717267219896125544302406520491932699594343954965465342811657116439371636098445777038360156952999201158919153867384830429878786375895071522121586516793431200
0
4993788111671678215632906041437652121410278345187221919858091622797536277700610631895759148602011217538758489171680142603778240452074498201238562848648513689421277738221629837865493125577114746768630620232659785284751
704738091257581590018629306152671840935541227854128950846684654705693538561970087578628723017565707021907899673690551151360286114972104638099447196225428524050272498928909419674575378893972135095178216229256250718622057063861178300403556639035671022075548278071384316938263410861679406005205343458031864889002506710242317205700
1018149242966959958535497814323268618953920556816084725074735
33002903697662907664852200495709531350905585653050282614870327179053130037985362624307662961803248006264733962669942471159873340189301205856174174936385288627560372967341010225276643302544599231990104851280539414891032322627329974502658064383295041252595811630016970548617555983055564120
0
0
0
0
21936186733763516039996983017980490441520455042235614597624899057406670054074678614059683135873011340370543592349783256265864720650561325739948424774476558310824343
1398780134809818661872057682314227105664198038276202135335305127154351691391911846044746399210683547502283607063822804451243617152734750078425391605729758808419134235221376042197136699240219484585830589007782054875259582548038710629763792827746401968134822940596908345471349008291127055460433033302344881498651875648687308030708777417786270667095923300
3457874954490142666096872317039548431122678246414656752086077570226063130736426573645154430048179765081054749140786317975160488560757555924652223646790024571711680000
47483882484405512206590985156918744439288976840013761711982674035291856795639865582687787868244167229580395809480298128731033505746839574239799502828127717996660617434785020703228763636770332086860405232263745160401111977647330268441395109845600
0
201539240327948891777120029162790400936044639773687127207242787046857256919454077847061189659723240434481839904609039274528785785194453455394248057830539417151443599884845964352741079853785196615754458351613190300
9123759219494688253815584871090925121571638446977089862140747968719322106
0
0
1365678586329920727346998209799677491275163121104778052163543360639473966558225682098985605847428989266231909712444429656664051022842247329817007838586410985192086899671356399097876570634672872094722675186214185572934523137466101259397779118983790532215264340275655428454265369696383047088036482964559222732047110
718193370360776522889452983772191613727605746344113510298262026166439578667683283613647622186244802214827633725565906657300613563307561965527719794295105537494691265351713383856484201774143145452504847781175305942584763114402578173797325446992920606330278928
2305219798209555068201704750987082014153275637553529591553553380232628880436916
4016869718488945447087974407640611561452889117651753365674779612398778699075976185506048034359320372652033843482200588371170628850075548583904432671974234920935598399294105974395759046476731651117785715947559847355494330444847731154105223795182691591626321548092214513837068476742125651612935859195069668282547944679138136030722783457904346029113557490006382659760705085868
3102995109060482960474082043112471128881398791465271380302139335652523462564035640681169523472762866495220047590769944246612325708061320456993488788878763404578649182296734937008462887253584731097949714494054317875599454249002677268390269148465248218590664066818405134244183964540396064601223853072788191106119092624252299193199179476267227484445931112996193161500821847536233880276965321815623090239323901555989806783812538651021183523872795916722712236378491453405201291926517696304400
136391275329005911250549570701118184051007285815862738476575260752722031446255561245813346292800849667304803451507441998376503994194952225123177524505
705178655114081548672257830950931547181975368568
10270898203481663395386584981621315829596697008240197017600
0
1
296885776094400758632400
87469552637592718662925381485779791427052603816727853173600085773546544990843234368967070319412089235867943509791963631861969742880870375003017029015
0
605050274923052162448782660584133568943999854027924282570434864495152154387955804210255343779495288577005578373658507938022474453279553714503043583533572855542408950296026886155348194402735931426508691856202200
7193644998096959873520895937249943625129367257086788436061025972689899928679436272345705011934114312097996996002583385027730625604849765384317029057490568074203671283515904747903782661615963961806649304618135034385971431530313234340679119030456730947743981444991121572247007857861059040712119363568692677160748968112210083442771741034908314292376263166928511946002913539215
0
299090528573771487986831690392365763981262191927202603620597275624789258687658389287546308814686012024055848640017928374905921573471354193407545125356995274959585304803378637388319653559555858453667688973584265429543467963289349932047365866789020480665697882893794833822816881759749730046779367104149848885795636557846087332751768811673944321604004229723985776225426856907097680966291529170797177719317795635093453237460
0
0
0
551703143224977669694852402800767189430227011520909700
119018899681968355963454160726591423909575996378843800891903969462919772424699979147768570127674661308119702616822446862661537450698600555964917299343667927975491339273937456290699080015888736981600916459449868400408948534844729134237706842344486491662871985472767852378758507498181340821369090983222060
1041687513142891861945911546987721334224239187276345075213342977670580614692190384678725766118203530199511619208976794253976593509354816552981883964715496347281923730438360919560651906116524010711882652489520404185084089114684474470690296557563157590255271183871186034457964024250290232735059623468026225531148605956351476553773896726833954272086740347961106011083910287130228934676119084152379923601453815146018403571352563116655204562454135438956556358483694714925070138373984959467071920
0
0
10482361513267271146809839019367153832532330249748648146382396070575685160000
431246500799895036830734279224997281699365236869631293391089205121643736201431513463879616836126530734970190081397595930916391609775196012951363817006213155013791928039694046667957754403823513645355197532778576273246360193632545176400
63464788508666494038387506511854396089180151714817624330897233384993058487020930100771553892790916787395060236667152597619752207175890619607332839502403757368487841036645282919979370224889752654337965264594980322486525550757840581176015688540698867313700
66405514902470710367635745834109031013012573078086628928623677656281787405070648972983736916841807774593367865406087707831841872892941593619364358639051424998179858024000928358182375
2614820800078705396799363178203538115154352602891922090
11020799872027997180122493460170271684189015856430914364956180545723653405056623975257371773994802688
688474624355849492859738823432865849676378385227579545811835450910343894678641406706522355580345
3451228058624905883966893818177743288715620143261883840702095990383789348988855135267199260232291877605297881700568170876644699684505813248629976281825055668432629906554791238422447237250208565489567571646567561315275408032686580377668098531621850686753447153217342736847326607255617303564466036873143708169144
194358600371190308951814762047783541667630
249230021621509488
593398970735305299360765565972184316020324726252800
0
8477906532319422825063797822571506004933089686647701542943915939680211294597457969504615637843018921132513388472904437495627037638024038670171809899288759963950080066708100780978552142925
34428839907249159460723433662476106296647676425707425403007161455346469943192350235797535875024940028386447849535082251124564553293256176890532110802449759029501253227457151531823539290873306142784789843037911423982190891555342557495829270664527403694169529874382578769594559328800
4391822561705367038069121754985771843815665244093991457467204524808461522987717882102912111080555680004905866208067723750423852331875950399590482562582263934457737578516706636717703958523376705914484566180183187668816259269667208676527820748137051310409825204173808049321825629201750
0
0
14101608859743340364520685773494429240163544454514039116589906291716246961529634685749612060623519702169873446657443013859320860482549789564424657754628704552441867837752210398353046014684880609193481901302270041299127322640955565105161022934392641537936130919519530765375048320005069194903961390419944840834743657058615196092742188982005219731249245703374300742684514975906788197011549315442762177652271757915064682755072156478838054383441924436072137523442016473504292897376249288761618973640640
5081409625153614468868583933511407697989624284702838882893014851085815598742359046836425831789529904117122443417769356455826256695667209248124350811995706093374190385864054385235017453541554254912825971464933897299835487823824377054490847344950257310128330511627095054547026203146702683454343533942446224654756392119068311364305514931443995825167918263259572250920655678799155662462312161981864656785289710518309259680949395034146253840699511480790193845602328189263693120
181199746706623082886470962799061466038230584028653318843488241286141025378067793251822255710739453328093723089618874422342663900566799164427160527914221745062753476613580671728077625277023391163031436877774489507027476341335886174737534800219191552308033404444589476069010554000129498441634826380285697772308134285550302550827881883278117177454110224428748478187026639014314274371603425884365448373542611985915735867953435
128814897447726056158391824652594052962809907727109737080410497599726073701856037047451456001571460227965347565389122708071758939788660969922937800885847737569107289997729591310374702441306344375236717863929302330357416820794251326821841400952457154763215242632483557000
4428668736302089923770838770497162194328054142491928565705370253259100060402875894511102767941132249578114400266098741624150370075114431946111337094177397573399053822174272334803808784874335849392893351612878108740447083767605242684689050
26645498401659670322452217772638811092070333572682995830249596645043309550696753017741329489071048989011780162919891863627799090292231533104371364580779463602954698368124660333809981568294337222199674660911418325655323468028164936434567605197779850027346700828560451935355866283519519141310645425674353802550268388683989867254756655695881298717043327236244307670815825794435617884668056562887277890739605158878311349551650041117039
1701634195051172266094156263383578045855103454946097946619830663932125494281144929710861519189179270231021883608013606140497430407857450348289748903937859090393322582607215164773471262969655682188595247562967452990
66358788239567209551606882938150004221895038804789248095410154390845322211150996786666880879599830332442317500
66341884826495908156593901712732723506396931762989450677691009860491658543382278782016584624655936568771489330837030693819156288889216733023191306612036474504706417247490550
560662903165912397454970107491231141496497405674469412770883251525187858234628169200719001104962669643431404179539896110290128263030751494505352949676526797500453728366038855302153094350459836100
11185797703507996520863793293166745862677551409497019338374631957498392777942800029557660174847281510722931502653728566411461068925748377503071644929570316576148693898052547612315179365515302171377045747542488847274253955141925230396175567446598629580893938418813409236326743750228420706995
233733528576684505548207686707930595987545967905398563394360897399121619926571400
485450221858527084526606299030181102877231564022344378905633117294542885937695061758545837097470832156253918365634847516781103773237075788779269827744850901884332041877518144219051168615276405083959569334716746500308657192392943979329127754109735687650628117534472127791380878086926812484636666900053418633255571714509586755516449197602097698105380
1201392585259132736737887165872192605206081007200089821139236506564747580113094536722134399277780184402536935816765136794744070399845780233765193515483826461900463967180691554940565539816310137314007157440
0
0
218886030679741451907485669523920236282071738424519198930476057272836521999147411259708514328862842952102118867074830199699334114746525038341128495367182745797729402114631913209753732156133570828055945306500645200176640892427802183774618014962078482265985098831972939030893051804307455091520966608081819409756270175775589194186611198548996088522934249517767526149998257140465684378316022137428424001850
0
201210707324528983421598395541594294221346478532705784180975363367623863404456666749916169714511213925808633643310087522220121475630815937943933294965573688851413963780102918349298614753963931824856320596478678868791401475406636771882792704761053670062284397625532909952905298519687771522566696695928500809879226294192106235682759110361087658441850509082166312260333547342194062566207696000
0
68122865459794009241430283470403564219831509648382204901211735009990794124246713369856894663013790956438063797978729416507180023302892111073941798385319535129296563522076735932216901194561180537092154717408151824451597819010653395882861152596166608582565590325413686757142450923780307891138860518745627106642580800444391508506068333975643115527376000
15416472554794677582773757362170839175752754538759462726190036135481332118636480092987362525859343243855262731260170582206352569998371567932204430774889660254264247835452725078781126070028288271762053531082587622491141474871149177599737368328220923648377078625954353945968099603361485233675373954523012171550
220011958644913099448376587314549899312302369745662146304069499932058603216258369532246377994235907234079181879112768091916657187701448208808805120241030959016044117177913143362014470760612382874637158764174460897129833375378486007417326807604723971318886150000
570722077883032881266885207566749180997184207773138894021268648487908810619534628836203769356234609977957178256467567113722506169363315005830687799784355795938198745811772145094734824634073004978667974612391322136446399949010673118014046594967381492224128078106547022596663275060461301625873739273203154104240056820533283458132438271928274980561678832147954226404142161470247937976606214149075243559177388778736106531985710827095859127140117972522208282456989699589184
0
6205045313394881517834880463612444169400781674743689702048510579419081677010497929144627815001900124417595573718844478356473659027547944945970149889744108278389651562823916089373047628023684493829831539654159660419479802102400213280432510468869948520599372652147079503490601475916307959873761578863759651249837405189882800179422467007308753288675066749076383
30847073412027954231127922698649738367518059251193976169920995057428271281475842163159689632170297350672416175349120615751930024433593555070907495436437548251445577959668300354154058710
1495785021733008515707193289232551683459881823121290830590850780379522159836660113636123661776
9830549932177741829355874254859697763694317455167250513650559404058430173390073134833864217978911408216429343499259112166673810722899437226878886502336348896155931532955358968192658529315411826651500
311621062958181590752687656445293213780661561705321531947686983463636109299041199865898307535720374461549037591287858701997891691685342004220247654053683688419239594054463399302005897629530589625543806126043210246097566762849400
164886934315403022707001680679764792970376029720292908570328625985282384163431233023485558299660431011935314235178852544327455195305781684282581536228900576714685201805532905
14028814030269675755898146275959451281446840493013113158098724780316615409355076660907168983770215462637923180704544748215065613128776630415196392056327032297272189782
7195333212974571757722396141372313348576575416036069139730870275305612516548859939463313203382290143163836587330122271290434959662365906776572032693324607983108387657028084310737866854373896048313888616616614533492805513179560425216478854
28187998723443710327279568230014299473005216293738963217866002336110936689966408908857997362214607169076536281908701302929035052697022969403823350940200074936496113426493975577725481456714563101532607600113973356091149305269649063679660346318359043069337330984181418875231139490661195897089086764557855000579012991848690626179737944066569080832629354966547576826188969937931273335484966724787262587376593605456815251838382169810859872057337805525868023395374463408173281634311932022230800
1
3452876698412862731144791595204090298558936347821187435023865942050361542528447804433476
0
301328683370493076904008391528147092904885187266951456447802283370661159968578638748888350011464347936177145300286053524028504292755986040155292451511375089822321523087750
59818363889863799179951996209457164557945773254853260930487139603434877157190052958906484111866066515950309888546673276492444131157349993189017449690920193279707664212198737714208554848356614057843023475046600
133634490885620431484920448497851323688419873742971397040011060356560947361661351708840221766841534165369219761871500269624640025943389225968431968510701481573200
140420273648537779770963412223537646914363442633649346090464926375875897332178123870986234327699065494267239458759929336441951424585367271620356916357840059706017845267830330129470308944552170395754062427882636004226894709062168318066189970472039918149979181237123361887031788840217458737708346943973231356113101999363222247733492440072568351957717020178596171706370274031678981608457709329454010880
69050858909917271128499225551723031337513432286573424379199520845931568438531939672688848778749443350150
986114905088819115601565846270064587872812723325089120359180148696747927191463170908054196115420771098720100347418976536402083342765411640044949265931402599812889709917434141368695318382184019616608177240846214873648509052388853500
13793002137650898555096570155126398902122980592758355501589970514085562315261597490530426489309223191376517729417566413351239540
246279201209639543050782541201720439543317842834193408733541696487774478685745642141614726010921717623948355208669828211575958851987366170321556868481177350170237936402445621491329053650889017291395705552018899107075706901554022199169976435619038081130526027847243683591451553012929223029635026367943263323226181109157569815146163996647461506486972316674419749658274538769325083624227997417990691820320202862130947750651668945866257440
0
0
0
0
71812751939019814173540623012922023936436543378
0
0
0
0
1822554133974139370864107913109116409889193028202841638909696735054950701267516662876908418183072802786278977732805572324912645580050058191382922919629459241292393833685156011666420191059773198276418328714370231508130325023917463665453998284916672683187193787246726027439112992267342101168184025564125553204962268909355220404760212043655795846331869081367890982287843542458240
4294274001104347414048645523260384465636615151080347163137106583979765792818069622775292261785188434519926213734673829480903873618120640738065456814783088745170200725450245742817864904980409034436971466833462030337657512887250248527033794400
168701665758311688906226713489170970819218970520258952003928213678960046018983280319025239427257130588108208755953750250934284388246961738645101632076076819663449325505585505921113685285342921622012640591268861303419966786000
2120020840369281828590805503463209266583959254365652531511269780871989702778800297850221109574021183964333027874197793716391176338535049043734909898647348653975
380532372695511116381142646268665338164911111444780775966560485717946298275409619480
467254822109867773928874586666199491290576383536204067084817238101293129246935616899109557836142731476509972586918874975551173878345614592367568454147425492198605494461155381256051230857172660854697323726717626805762600076449696327953965274242447992095117460974477482290818590344830677874084512034238056001131490285310182514544820848155873978521890063417419228321460183256262236789943549096015923918871634092032072182288002248152192370833995791168945433523806119779947121536077456
2613408234934262288095558926326245004113574386927342566625151682249609600
2344295787394494294543733081975914034232134239679845077722532209836115105643343492478310224287663121068745572337080552458454005442012077460504212893306527265886379150921254906230534634211545579249004525745450216893210214799236834625211883327261365350920476869828234906081668995508235407538978494832630462591603799001371361026549840115332419641506304771015458165228169051909844923502055782049000
1266103357533594649921900351092123806967248211973337630844479287015066949939995323596328646648858394060109841454382605547339068711792810929535971095946907670199605704221243522500
918828744319972305584310008859800832371846546251624198568603228079295023985134905498320913566188344598025363293902005447073182728353363870668908184309445753961415609591260776736531826623680413905529045424127220207702918745170917545045119010442277577106864079930328701458818035875295469970667477104476190370014534781345301017181341218464266173604348418120649866590522566005303290058269892625813818787763705315434819935052343881993415578006226
0
191262455905226610577333599327294813457177583649404276073374608998792915597423375096321569888811534132923498406409694413801026979286584821347622659373082497556687591112308178907485650058726377267427791166520901086238482906914389032879549360564008797101702
0
0
151576158353386658437088780237261665641198031741068793694855207017208966403582908106930
0
318491497721919550031100168835890953798012158616363038024127522226130930421339131254490937231425904582619628030846539020309482636353055331417330967583469891599017900560672890526826206500022157246505150412374431236801182539562518318895395859350505819115853988224021999243168096345224838668340517683208827365202876848091839730789648312514150352152904440760897691525
504395845002742299857699137622177070734088544759030588602199796718762742598385500572613233526440500341689520465832564725240502565346871892917579648543076608886989280074861333647892253440
113468260655842278181549313947271983978327412586545943744874847716181772774344530906528812935936717800044741698662212474792745444622455411530560833880639857920564471805320514142883231150
118661992245076963509645690321522392978073531536224516757715591874548393123277550705991021288214902319909492961099862593836017851434101510599613386729176928284304339636230709622682879213237194444867931631680897863514375603127361641894364060494929103849348190959469011268208365620764751540010417546635553432040402972480340213623602616070235308115628199798676756783156865093740781770808936620073953683602770300
1861050090823535989979502012989958303776935306302749208254444101365188758806171658116611651041356407392076767146089144955364724529299506606048024350420155576743199914649373165271382010627928228677789519954057992958220015393403473996333295592954720
6984106064462966170347558243479007912058223422600451423449948360308369159417498
3596324895959111007860589592176593840389355818590559905282032674822693207686059761151336434236189230460681888
0
34179836466521179791822750674931031741572219216659201647172999121299763598447296159837565378700296928144995721122920036435323748645393442825619153209489030569705452400853767685622336288162379445847636800481186872815520523732021964871633243222961658166763600236900104266865290262711450653732689707897206609376171274835922102484150327812490604734997226540810283366626174956797801994814298347801314692106538143972600329614438210060988685493620949135601963979885278302210903227579297616254672874646108585471878555
68178520594859147720531466847414130221719015087841136797141945368211294872949977970879752619582578455913895695877388634609359606990339576358790936850838253301880
411522590747770807867388242045392198313352194022015669872957638973359115123165447179292601691237439510583038219342824288775642520878691276695130733398863423405820911409279984015926667639068815757782944568698708979274285368855765017866320411698877717055866812110371177433593986749998400093454910636629539410811073829634838302070723232930069589007870334631197857966628814566309319259839932447596263094972727219402769075917115727903573625245999563823184436518403070657076468625357180229375568918480
294764797620565347410094668937640458494607507566738603751453994791595789997332046750802168500887250628221476850034291254397604405294599956496541926835921337602697803461544704308343103937693810977564681823857627227787305270566041072952218804853346531104295355544462629787128850580937827907475280
157169550379700702116574443071286179451295203892041253075411653201012816919720082380553317082024717785128807722339749309817967147863446892748430602814103552
30235898391570271939591192376002081412975170953337984407927755608806195977698424952776390078862413761092713812965166249520999116044179754213648129093944599494394228387286716203945406836977657863350020531602308718867532325873829019217933138810011589511514294721164798281681435501231319278098995544703635064170601423939654849869099167116314625962867227093983106684145289987582415097657611543183697279313616000
43464526713133709438139519863751536930738522583583150921456246180808273443733315363412810363099847788627416986657088578530295784969824199217910473901248988213745788431968391937708408861720437762032996817992725523896013233455588663642033737336550137962547923526072189124719361606297933991590770792848039923247132625620487868790086465396994299417435087046594859099229972286490722354106357423179830128126000168097278128970069017459802216483178542400
16732320509875556917764406399490618127286492894260608421782331415166584673962376398778369899770929052006657146632500
644818685833239575772612114427775430315646015694745684243432417590216462945368399878578148466411642654426472854086894493002746580531654741815146601929285860359567400034596713588757760689604628782500
4470064289724396843996727593475234939754844881451177178881927791980538832348271690531328016025815766361490420837292522575441259937871323010566474114992653066144286328503240942017291215371137052778144129382257153410648257747053255017454197416
26330912723347555212591338697203999935037749251283518646540336187147920397130407154372700161140822730775263810417322732560273410961346927259954136455277703448140598703844601901307594047126299304308980692000
0
154226076018926119117056620110509582848972059021137467768213785591357624295138198368083761268294563608240034693307139620470786304688080519693546055835072273693745258704947356194002606694492775
9788462871403195776602669592878273473186882986519666185690048176180741760517502084168245994778617978293171375080852719226078441110347170535422516889753243314611419416259453509301950863999279184681024235512014648415846324104089252456811409947106471444143938176570804521702936413960
3131465665174594766010190652531047814644909187358330469597644266015192224837262940700711854235650232358793930840405778696935363707116397179803134792010387202224141331749513562634867982277489440407114372497569598674130593592719713411082504620798923545304377346306197125690176799446412969950321340233468138748098065056801340435615
248801294529264836240180640068058985716401580410967775871328135464517523465390561665940842624
0
456681113718085516360289268764302846088199589853672501603169016863826531316846027021892433831837670421478072527671897950467774116504765410989738808831060701509880
0
20372060470772141373040873997449799614026583546734684880599095114352971061076919433069548494722137464048148695120622170224893308398080547805258773453270230719623288481611117531869424029176064038654555734936617001331980711517973069591973702478784846994357230327348564306859204711540767763034561180142303353454152473274200942145596187336091301379896228381954801117299948748121858257267197202487271351188309250988639900
1528615061254439995028425010119409804214463416530053888800136589994149091396802710511811586484386990957602575751483303983556012730953760527154541637077278075
420285615237697198069112933600490537698840818459102927011717035971126884217747088166549325960353411818916096588227097248741586992823589873963166285334350643613367377498742078095549633323899805238013195503005682992764717731953147941673291937965218647960649044695736043773816807031987810466285225842738489793135286266719097685128420
94900708484033305979357965199142108504148802043474759150821418573908319323568171545463028688588980251997359007279373016481064750475878011220316051491127738615352800
