269270737474753257526700636996576088181803394215571350941260410275963274735
1088528718174074837742324895065009975841680281729581319130
122764161951852428367551630212009251602937982691206561910886884528644855650425873993996988
5592099180763563611
22781937695974471058242041401558
14114065340353554580170216569280496498580522408952218301570908229252496690954800820585779357368579049347970
179406139659611556320089329136142793528000
16113712251146325016212972354034340740782994247802942982796565
177979707061075333384555
20385135345738739913778479405041209881475256678150708638249875324014813400638032122311144834897618180600
1290984798336537576531151813098231940978
3755338125
684714422507818703
4662583394345453896371402701720942472900
57938296699880751389690
318715238785904293396611068753123483018391498820248578
1947792
1377432098845596059272757345769175454967518987435078556000
2411985268970847209949948240
13087462580
2737200544709958575311126138138037610
993417104111722390102978558564595259514740523961670105729569525930024722159837518
192816930557169593970721397798123545925760458103160762469966545600011519341976923650660
180132607921578352050975080316879868032989792921742492275730424588797757229590938241504510981882440
582994798998119859420122576351264725685894186833630465102498583119369354221329605755
310463973337
656221089939061628255130673335404555767198250224492560
186954124427011518447120396686063706
966
993417104111722390102978558564595259514740523961670105729569525930024722159837518
99804891664752251341277731569085220553551651096662226845538762070000
2148851226576465585339414938878840046682069842521516798996653994736
367640785586911729474731970622587500
347198196075195857350780783067084990734429078872844347876
69050858909917271128499225551723031337513432286573424379199520845931568438531939672688848778749443350150
45372719142330970411535916096837989808537472556951058676187420295
912400181569961005815800074604872825
140880584836935832288402135
49329280
674833416425711522482381379544960
907419629670925377956252927005146765350
41556873123903867883238522902175334082280155140091352808
1097265549952371892906611380457091643854923308398162380823657367104034717318771669160
25643508263514837985349501372143706574850
26826851689001
2891147620715347535585408165884694783878072640
4066878335870480801535222635001723135604995716927168892
6040954016952077957756310340945200
279791366117325409154759392386489270896268432829212189157783589569492645555349397911787701577132510989377326822750
3232330590028634401053980197299674241811754990902708174498336934952446412518582976347375210440295760
835143799377954
9299401346401033978491219869698336015385417060982738303042200379691218063187619166223009093009208527485
142346780312634198741640587436345649743182702
15296007849015684
4560
14661199894168676622355005262450066570359509265
2378317797478519510900
12960465428556507767113437752904843433994875898287968824541
1427346349024100924348160136602251207712265178035716652777944982476045
178633118237698133539862306985077077676279900
355737060873310933429113662990438979081458231456785761891867654106359600
748978659831250277620590088707412312533687276148954365485403
303332389028229583449080789082358779673522592886359840777630955610500
2851211472026357419110514035097357830877466216887454276219564073174363265691522661
88300984248924568770870
13164469700003946384662049775744973556
1219903128455438717508255588519849495591438000
10653756916854098055291058486710172513178510046006261158192972855854777913466123649332136128139980
290622864675
353482524507552333441560969352723058885691101
1351736045935582006659960
29130878549052137345492785679669699509599695630825584302020147660618663683564256035370999102280
789388865400223016642707125018716706685611604982457242194051268988178323781542666010
6238901276275784811492861794826737563889288230
229037956
20867816365997345191284016725
638908258189792574884900500837840
888951701529174283465605686148039119781456889422045
49562478031926771461633121217080
405991291793733168153554966996890185109729884682719577856013859347589843756395217994146711355773893840
429290991225596044766248001372035
2364885369
18002473960044
5600066968053074559320642607778588639699930645008243504256295192432066025658005149760
1601555
492385433499619572025
16202705258629772959482108924680930481151053171188162064621724952464326608233273169911158001391220
215047101560666876619690
28325468883696746133428823488207017801447481066400
216357925293463476541216380
111016932440764226276181916134
27544924171950095732873054317397334800081030480026227414017477122701069496824252176947950
275031516073119928111155007492402587149871305076375778223963161517423748150
316453763486241547299688646
1624131915713631018436531215159992455941721731123372948
4034816445452012618891540052741893824963256623806
1017915159664908450732150
106892908403364928231459486079800317507971474997856070131960762954820951723795372263779918270769800
2927509798608213683175615824174931921756871636793766790441279372068450119113037748562836246599340745480
3103286811766308652454841289942309005143833067458202380660830648
16059767014122646051224554298549980637905341888890432482682888249976628808063005758650
3867229983625119628127071798662014348288991464833029228526410
167094006866222691700909988678863054578670161312440599737688270
11590319148984580035944138838430902124800992557826674693716202507500
676324533863121999140825826
5652751651
351
2097151
465064385667249469274587809226635751121041106110218630894199247581396689265245
3553651450327756684012432787573322692338263591546249215095247455396059802020
2570171172187432936224222132419773737619799364374183732772874651523630322529120
10431439845141607354172167929900
2157580085700
57949254565205940016767152965559252522733179212335465820972392840768721694596148368635675
1
10630058713940966681016277731792289510
13774829014256478300247500
255
32176425207490477338092776073060816972918995054633176280702965
4166744944458155477626644967281646515474008550
833091176987705031151553054843
25583854467931801481987856493813262942000
25306138494081640861553424721500
238704263590751290535414759819485245995460
9561429342677363301101645492283547797690110393530475274
70381551986802853884101936225205
22982258052528294182955639980819773510
106892908403364928231459486079800317507971474997856070131960762954820951723795372263779918270769800
15544762686349750180306311642139830
1042257495940017845872858938221991766423102635790956120878530634036240991399637243390848
3223540520963126949641931903908715413860501571835789360961270777724186551368377685
24747936289681251231681972220800
17495727362791175633991754024872273187593113518800
641760304840190307864751044030939309688440095427390492572530969170252648239313012
270640100955642255825825726831909659023730054633258205
4864251308951100
26237970826225180
192719633643883068684323749698647320904058981537898906297860839819121011040802920
55907177099597762813957265110817435
6960954266178962702816256798298465779507600
16443993651925074352512402220900950019217097000
291170682381005094810026489453216316527803385450290516515
25486637862946918772007445818742783852151377917266727230296476823341780604860581595
2573970712085677431194752226823021671684172
74227937692030704591185079420402647176352700
448321433470990351996350905183693056851537758647463111255677268741333051104369923049478476606020
18341655925367897123794707464
22417189160420596931362154876425856191469115440
1865944386619370037724285083014949548798283133402905826947483890219399740850615892480
29206898819153109600
29020721390067358022412163637619830025000
1826706
111394576340782713702378973006452804304336834481971947045728406152661518248995703170
1
23664765573301137233622960917979537022127600635632797985918783637776
350825049083999747775164933421960431584838718255325200
8120293615575380128880710117651
51580342584781882408202610
297967182332334331179775767725437101675139213758616588422142628313244971768654999572568
1664796765424076408934060364153472391407162
89423762597401373438958101879318688314043487379872334837406090740164593821049038520402501251407378477500517620
18156325475928064410269423458582067100309178266667707211423196410760663788897383
154373010
167757158654784649236285899724423178296080
1023
514028157881591314194988060680890209082480
29211406011120282345758251017085423181100
7
35458057402051616292272
261545905640051250919635235593714003172407805545905722901
1522211605375756106856941274214893974624561585821302577163172586118426361336325773259731960
360313970857700872529508261645062472950479234773116987103409487537663323744339884708832458412744023568681020
58893603215168853964511018537217117212777130933750
13378354355866401250735037922097277891199125443823016200069929020
364495953453600650
35859872255621803491428539542239680
10361880071262421553673965161938606179740500
168290325425485491250455494364162161470183118758579613433914400
6711037873436570425231705610252145140744948356358245330006175264766440883
7107690537042188611553927512149074123700176361465611372737200079455
24171700822696604400643035
111323547487871736218667503176707534129895963702416401898708076224525421156
340753736802695253648554266919712717137460
21087754273237344889012532472939435
29218702112455724011051495749214261725349815519232153941499619944627260079968655100112187616455627692456
17505749898
2812893530362692748989921008576399644811294488494146874050019595190784
7910558758233110221517584797064
1010065969695785862174333839876065278657284131795662877572503000942183584245375
84355786963315997631216
1
233850962961
3203128524922898281846870210747531977384438846729556062098724051960
764967229194147686056003137343951
1112520383746301032291151883493932816
71869208025283074255747611171133575900
676270647323480
2505161956
235953478503245995894395
126019919065189102544703914017218180
16077103043315982348056557955939061558671252745955375650
664086959818486745236325553497914199848925190404047339213309263465095187
22941803140641405016855320949271883649172667887554039501143203134628513158457925284118358646735854371591070
2580017354925584344317633438974160
3407758031716148857195334970441846090597105210099932358603617865324348589548537459000
27366400038894293124101475830504732214327158813857566291617561590920075
11806739827433492039658086114011406711328987223822703657033966235
693081601779
111319316304113801762311641091234470477924325439239878151737221590959817434419482650394239293532862967780
7923484186672251871959935827990716
469973790
131930724163547694
2645787945433626777297697348332331405173178989231334078077388474623493168131484876499562494459026628400
238929405
1049400
22350954
57066383202766743878353331126876477785740533803477534042693644015735
18077067873901359410100777576583053796889922
605542777625121255411401
1096190550
162139539272282278068499327825090519431788848896316480067596510015353038819832
770456904944029298301586490347637512991893707425095370217725820339838965972379784347032
3772925816399941059648446465577957879548611748306632748656395160661938485392802040802504828623620
8391004908
1004400468909616150450078
52304829608372018974064447497551203497205916255099705907403485999915666895763735399
2928195248901240125235246
82501140001502297547502094791512171707908084622829871087361426304318
31987968712053771331473946992372440734856518807968956659330715700
12597
4448773337182813489500
81190406823895132832745575841584428690012817157450
29654780723088923791971898163222945822417170040266
34559048315358253352594346952765431711799794270765
39296775
195820242247080
70410885305860965712836804142077682686226931300537372330914737089867678596399852802074512
7699700316100177002919683804531661402317877456290392857090045661864496194299718979450
52968020022918
702902526342008850
3292621019887948760530412158759071804316427156820
549704072237659865470511521880653308720216813779487584976207
113546144826686901730145470692876
1706421266939590043933328118352166257942418711214693850019320
1144434120302654407734022058321303262961809968401465066491196828192537417185
1504157592236471458261623443250
277139932605951669367107397874836605566989036042217850
96898593801042753676659174689309355425939286509265369172287415620564331535919877358442032827275640
17272205475889564000395592789803303117462
401282560341390
72871059923975126784472757942450391912512472514329065723640
29074868483505631335713101
1099511627775
865382548081988127103611133744890
58882001176878925625573362441191610870796926631139716106215535
448098666542271851677873060
391723730197208901689987735382894584133345853876614069817832884459456577810163348460437456
163305339345225
117016549363142403086839473906175086840
16548245963644
481199603046023337210599214549683291846856444316199619980786467852829104857303
16984397514503345077494406193112636365250
8479446876967508687502658218360365859625872843848627770890284701215297905636083513016521490601592976292206763480
156556562922494749724101860
495305002955683617935712359744131438501509627985278599830730898376168283460599913977392498886232
44649308234960485383880693766716531893622972000628
20995132124681509540800506537294324471759399261009369195096935352334147228929830344766559704591504
1
236795997997922560392792426501
2074800
8477212063614658929053022422157010297607866095450291273821055697104614218353187173051342893795139292223014114400
913293492025488914340
132512107550763706006863858401194344997726289444374373105776419729909109316550166380
1940615305264550838005590284200107838322135
36712766814075515442506497763807811528328176378
2972060
1593066472133020594271397653373090889422395913759933925711700
71895379948182898709259686404820979453927594635354335194685347853211752677798054004592955000
291474436957704
40395560578711137691396224189104747112
31128457725761079318637860
3495471756957123588869119362036694947419970921124486736590829921830329449065581369760
353482524507552333441560969352723058885691101
5050175938008529416879902693346845292170850604122688765952940620481716159175
58259720284165351059041671819648706570970
8384872126078995393458187240966122920013912516520
1693583963954676872869907264423919396493299362733930
96898593801042753676659174689309355425939286509265369172287415620564331535919877358442032827275640
1
255
988335457173212897880659074658497915819235657100670128536788951967175
1
19961813879280
153014958790510184295363629188619504615691805048110615862597440
21344310428664175963698716479780086720085629090184915646282893949330195025165072600
4401956350061758333674101676245993194479435
46886127002784624755400489961727409452133750
5581239506369624691610420950
15976120014243905837899300728920305350608949030106159921183200
293788429707656194513079262958965522625830284040000
17232928453853651783409024343093377150221608651542519705
29221134743494610327818261886828547376004785204748793858230988142615068375516308352450625516800
2745588542672306280199361573688794227212797318806738652200956817109594829761553
1076846979285979069470126
3647281314249305564303956316799288044013091281343614515400
105649810271046418286805866020616612686979480343369024212834076347034686589825
286683895161275387137526364753935892563900
23524942982937388134695696748215548558062349838936967780
92418743908448760149029244221850950192458196086099155187915660227103502523430
1511866818474549550853541233088780905917170161456653658078605292013483
46634897926306278065646115715450692192052327008640955003781754585843092295628815960860268623372118353980
45602956719210985337261674783841817624864651
5371177551894
161296489543613656157366072411340
161015046111006862277788052912354274367489169658579387997667825021284158
512060978
57616148648759976734541782789646854284365019492987862017863923625
632906970518152382922200234528446536
19785280572092256044073184574180137800
1222187381196550309393520388519358787850
7600123131195548880472474004576536574350473057430795126586816237073833730993535500
973557
17110181160972900
10974387708080511
9122365951187231547607863134274693752
1222187381196550309393520388519358787850
430983237009366340421514301547258695943520289614340613912441741131280319058853783145598261659992013900
2680360657302040758682091325238975318293642950794834091880299690885463507630340930932257055232
969050088064750414153378103925556134964026562451509492737
1003962983002773253126755733561942003925145403898909721864505923164791486590199917403323
123136863298192870474868130717278745832069150557345942598671730687565480967507783358394520000
