31401064545500089199763127665349620833152104374337853825597550842513163920187209128651946324024593991645804621754145577908364118621577314606882158860275463397622693494628161912622057347487313154362337313992152513436805914911462742030895313275460
21042675838794167942577965487399153632643264499047756347115693146030555420397345380142552609734248425304114019879570594028327979827303255447873664066828129724433444001830942813276600482113303807969091235585265715030104520638356979659198014087528444199
13470770647131279721771375908824920302393003461945146445245269966421000678057096731
18144516492915302834594010020315794876930095901862817271608642762032825941148100
16988240401259820
3046800403104174024232048574967091682547950536817875057546312870716412958844529722200957006983
1747224966713354356228
363965351859831235262078520699081790035062474217759570626297250
2343030218130910
471373616387878624189494621513273899693993528051884170
558141581596068015932340918711994432304528303054230396775613524367140829435063663967140269643556731060
278781241455927
2321788409346167317005004420596537239459918343066642452060351238524921665200
2122735864841653076866828916606523216930038399138683076676713415689072929613366505997692210598151433641343209582066425472792901766226000136180660481605
1
1997863670644446473633509889464066778090935438238839619585651696013436194363937392703721241522894825201740471300
2377012075760815608963214567059637394868684650143951357091930387013740128108408084883295944430066248565544920771799862792730165510709933633521460145913921025762234163193597486188528460822682011599628527636640
354812139966935726324074633224368583345833967206902838442659969434083039197511927639057177914422125101133478499497765684647837811749707482390653651631842220449039304412002943453400859455586005568154164822141186699656884772800
13853079986128171115894497675696337473367146906029488426955979170642975107253660810900116298734316948585
7425467996435836814854735208086510349577270556294848515987133354964055680306463419989450379237293876217711596577438722237426978841457028592270590445012749191652683271931679950112824994157783858533079971184402143569359006962846638885961978238896628139200
154692076256138393425990540178106764470695923316481030
34240686382228460106881637851855868491731259602474413155719318177972142112767250658301183544715788686508442961802011936473368097450883027242822935
113949234009078182458795819446152254885595897569740156580
1185320647678062309969394725106818683666953407922032140047992003665001579289295833700202147456673988362608550678769331564388590592596627595404911631136832544231480
2332506227945248886191291686615131814026544267704311104272562283526153464573385093209165432509745858873958865556753536729877177506119031423724639962196121586066288486
15765238813615136667910
6579234354401212947038681085
20657008257865333714266073238476496
947862062723168236819781171499853328659699228383272048195984132952700
1332100759156567141602118892808390148580425934684196935847140055925066687606908266672469156399152561286799508188464745428206067657948898799503667011827825518118950239361478899064515990653962317978340472074228392106471795044989703106129103464
124276780493697669116254911
209640076482043183513414418575581219189315905712207290549081064265568169927554755709900007443545265398375298877013042124743518855522051333491619353098830
42655141139795898189469198776257522023770019011954026738298564371819219855139957640629700226314493510272896913852406836042085861770139449448231497545
52744164277358598831711403584434700017782318119528305299639863866297997153559101970715434262031855186376822656650837181007660
31774000092297657121110275000342571248960577167644061365945312099579307562709775459202699038692540300
19121415526151044580186995136803486784232497602564438854890136303214663320044632079275336875580732683736244343872280
20282409603651670423947251286015
174919142527785759265396789759125136225332263107636457777388238234315553470149987924719513093575427842218462898826256841429037389268561829032643494449067656933131836557942141562197401011010328149563468450051141420319271720735203485700082567844335393877732051784
68196282
827555100444409376382608165150117694697814110808328126635656525449285691476309286673112341996848915207711052601230197970327205319136833687573386506907081288989611081865342285066503634745824395701637500
141646798964952805552720887195
1320298887137759063803236123287427475627311142919420656758135715541654350175396604167916482400
106737990305315679787202634709476796423357016726400
1039530039260299809921427090519930191707998305194118469175040673995901701252416792590693089598931240287763417646661403985132278496057337113916284094259651249253698340021459550192980837590527791052875218725373438766937265542635318952422066199006250083654899353400
6963621108376160378995561985198008156800636225859403265365911162655576273683749619483471681984931999955847581306936222039165362693459931115678325489847047370098100
149880098511
21026879187248636561816252477100923283820202518686896003887882695545038281947515433961466797391190302238132849296239903743470536270259045831158109143608619836160
5528927174013829050871666611279472215177967700104610912979202022025953754027419194856166654635343688721911712954024259687254687266641650394517855413198751276950964673434752
2186651829041063564989906020
14399450255016052264922613969549554788106525304301955322052063330133403135441578148796794365123736375523993218301140063458595619082428347241796121225
9310305365862247728967488646506624959425624920066454435550431115606944185071716347381237459933900502998000
64777893836030786918063401781703256105520437562054354405435195999878797214637227160547382826498971593523023020347443250860021706890564665151385942263762201857355375654430647362417128943393180924594476792454776001660400639023008142763209406300
53682291763950575180949580783319372150707927446527595233671636083881655946505773407366043012916318834457845256027543055782181758982483625595351452972915905689974985204059936762684061545371469691769187032109937595956779105405675568432
60488340931469260507199748224026910306060090411783523593787901563193947664604904308696604
103254000570647815700150247273253868463698150965118549538581791877319539131137782255232976583830217648327243151039364319839650530
162863695185449653603863322821526721134427858393705596464704898432829849187755359729699900024824907770170344682852225846370610533750507319745470556550460
3772925816399941059648446465577957879548611748306632748656395160661938485392802040802504828623620
2287461419544983351837946976529350015282150977836099084324725344948754751256821860179736140153832051767728489299132814926794157227867935950634620922162812730246511988023543981
394898835359755845380340233393608306057106614166151009589948903318779934650746985425712079995402894350673197051629846171206530799344526972079543301873125490160861729244507393693659591343747712950159822250538880
18094838207919550081400
5561990419756369669126528569395568069646454414252380689275556932663500428200267727533248160716956204557228897192146994206123533317870626749699764487730799056506402126390762313015602081522519971072348289596898745533536952831616410058429589206455316782248135611318245
4348395655306242322366008395618214613242673554373859687253059502602967358676241461692001766666007285670317159810250444425609528896270862227537923076139547977144336432422761218979859096054354442581737870496
13498734124315981169929742953778638049576356939750364432452592168751367426392269296871858533154182082237962410308385313839171381489242667707954610160884299814300
314930845488776320765254354134134694677941059912685345804408668405035739887146530841989820924117870359807973413190737546715609688105902906978800
75966004293474577355689899996389963712708694457866779524328891811594275
18184402927378588874708178638432925337917238056808383000
362262620784874680
2375101
1134636264892362766095584389870631927170726547846100887270258973892627662200516600535277246272994266445921895615725180867790265071245711830
38779090764889421035165565123365264422266821421279620414844483116514159824054083667371331171512223087942049690909865088243030435359647901825242704487778661288213113560024332076929620025278528520
270668103527082146570967947728277357263392064653431374370201500635565771697092611135164499173333185859271471177294363173431028762211702647360907548050878808387712101106335747051016989506
86853573729575726403884636479907464523668952338042456023053738514753617646517917201318557804332079644820593957877058000
2820255028563506149657952954637813048172723380
1361616574847247318846648363330156983272305012015
170681154344400
16114525371568220192747501119458467021809385720123134898279753874392068735587196875778302195880569055197386352520923237237966021058847847645808013261234618005629425691219643011096672195918836423488401350400
120088146281817535707962340395116042793630247913282800
26095719889709271822089968107293285966556
30169941428824179703815349748481916822604665509664201792217357861139651840
30323533193526458209401706090160438420950176375800116256608118662073582822125377212250
149607680175137436967563605242962171064397052539593032749688375079296972161383052803645394122103716355107787565369673102071590414137347312281074579758005151341474632462200
249002417888150931585790732575912122731276911440970415981925548057789771794642269734335245359031738354702285888293600131217566600
50108619238896315194800919113800046519884932929407787051670693115262794387871290321124353156003235402883658929193847074507625587872917729276738165394225574843923227499544233693629465612439152943645806878562840602078960
37487606944386485094149836488336829765413923194520798578924335445565877532921767217311978177893244888070916637732710609054129906631136541178125406495876719607971836012910232934206648353599589687198270356129998409926497241396
114485073343744260
649643745220370166031086778794818129863816063015736714505959939084372092052579835600
27009461383698657091359290476335117317334362146394835
88086017376
3737656266798088211682370566017545945794416705149130532711106064640192000
2203865539918543194007481935793085624975002900
1310806958293338337123285879673139006578959039106715756580422277191838191618982966508762888115735243449072857629491257637915441070325256285831274339977091853768563769035767009912450196740149005909669280715264748396172057655584652580729300
49677698262347936487035760563712472676129109822136539945614130
80944537176072043577346332421318224567396601019327818392029695766274809537599209901
305257434644880998640035283110173442261464990340846874942321767819158323294228490923948663435596370611122051446140608467350564404981558095068166216876
12415170186753591459208992033211175525276699474
587813379194103504192240749541243007125032535570535573103199793581730442314432997433546606629847837721876890144175891266893590379928287952891586220912550431068214168085
448438455556028535583716410378163707916034539829835629051544909717693183085154090405016471861960733676022319669355418646021745219702787439644534569704477215124419270380004677210523036099921233045115350509359090216973540334040967811741080
195995578832720177919384832786845292047520335336136828359583104209890264987125
66300481895243472826957152800378778439890600142165933914422841497654356951194612478371545934095188087248834831889566871390772372135882703360319628150780844571153244910746804404237280011026692320412145135828816
661069001643678772117558883578259204214974083095912033533881600861740090838862134000745033582681878062715453149881561484305106698832412211627439556913996160
1809586357672649556
262766649765939371968320824927542074811494013058861683638448687323407728164801062856360928794272555994206150850430135356390619981945928296682696225261374076653016179943821125775179348312341977027537430169461413301723043979737704975161478725725
338698321080
26046574004
50053395288642851333548871118501500967118891794875862863574048327701907817158167944161720463758910917842453830529150699664676964766205991928179982460705588642093354421192240115394553698969688361
330025596801480622064162342875516836347852121045562512213730363075316207363722206426812939452262425285371148283201250808203015649450074950005667714483777206719907784371206043912235358013034898781095733430375689248
872963955970866939232716605934483033597686679876791618722009069557116891573798635419878049202010014482422245529510428350924081272588928506658505416593264773046594887778671650778480
3017442731908245523853800422772554573482450331531041190387480248762906598670998923692522173517751193739198757771218272753601874593979987577938248286900
6032160675022810927669896689948943916351896795020251013916114763080962950462714500243455938889594637115214253703616225013417277648919194775821067758975890169583714304992790840
3865699344622057807129931880957657983247117653283158339579292793653889488956338341352236792590123716686014587857016144471862436597568980
17186038887806545329647726712497276841904810454263113842080712774148129216912853936324666949267354439131914360889293942689128438889444835184848121639961439118934956068304494299900074228135845466127608978704748414397716494215596900000
432969362653307617832353973398453346816523782640079307736656917069549922331694083477919354023069735242861496319342927406211169605897164258679541741277381727824722229998716343173699929817807871203536648496000
120106807184137861218694120627259745194008357651913102743387662837110598359157272948017434853249613661314954796338196859398478240825560655802173323408707987702005549889945293156990393653634245433493798144765301236335340250127569965484960315762248327614572
2785056812471177212836727844787711530956125526018271004975060566449490379352201106256923912629337125827487445611651524392785146900657819297414994775605115242837600093200
13853079986128171115894497675696337473367146906029488426955979170642975107253660810900116298734316948585
298640064329657166456916252791014313830632645470783855197303891874620653603609325440791206222741264436097637867329413404667199667454247755390813227354541168302316807140357314606027052368500
846680433270199533101491236801810491868006943103597232060704255682921907180913832689781871485136584686061932043829354464613997087836269072425972042406413701886796045333545815221438495345788547194209833080433336682680420
128236512335611823347425202310531747163091652358757794701276784194689335891213640534564834849514000
14101606731361248759024006435395299639086144619536629601061545043500607019851030832291738738650
13559503597260275744879861824673986385100
20885530191930977715376416219042006456448736322964880563262052
339850186891006764406831637319325866246695526663824599566169673289679906962727560671017039878112094658405041152521999259695356930109742522805113681807744350389696985756045683418843611035391364181735296
1219903128455438717508255588519849495591438000
41521408468563115269431967585219947460
2535301200456458802993406410751
11081484072493409283946375979406099456965260377900245760272053601655570973524628735537201627464487717297045752294934560857262693630645793665916696319131944412018201114032332571715002270968833876989116845616896635
14507580233117715269116939025212509888746225368320757452992523473888707454721217018395003622194806591970539100
408269873123020474228628778765151328498973671055729213480094228692299483913923703406240044311753054042616923834972279055833761061068658832614770396216581690214365678640518997907328870521129390562302852794517168391273015872189620331808
16378003376362746352503097696598929309689943406604551324009543830543249978644599164238552411895863509283826810500962198774350987815959628137497214460890598766194538500489066953370417394673741078292735122668288622160395523904252159734855433120754795054478928007793527380
1920158832708171567335586616942689025757337182951628279240835550513360757662052000
2176371466462283199967377626401874145821273482084336142912779809992533530187239251718360311199630476550535283588176124101901268
5264399169178433546774893783026519320054108773084055584856083718002732167023450258355784814627165971554981059943195
11403796096393345840334664750366298341675680001147364672872617106917532991269889371294888770691901883443575360
68347540232078833125218761432077624928345478541753685523339473412371788654531155233300804054400539369416270574433870185030382902920473455521928528398992740237363797885310032647324261928055942857242056000813336289777054356612796451960
130440271050920730936076972827058642093952159528663252767316972988788128227220087527211984304335360
16467022523612147497239771771455645148410026396023145963925251057438785426665417695587329257270511582199075331826008579672018921090098142676351848886209
8281560476695752782176012542305824905267738503887193594403612531848157602529330899186647624009487380
14947183619463420310591631735716525099663211845196182128530517857923370712429134347943307704027355
6973704601860211520929534663929859180641918553793457851524086820065551594751342040079292717307981793429020259678667521106807846265626298727963974067903823949699657924957428078960832880493997758910802888821742056356
20385135345738739913778479405041209881475256678150708638249875324014813400638032122311144834897618180600
1379740331952492568476157937451358669933416369277241749315489950904226937844497255714609093520479542226124834235397394132915860381743316587706844838348390386160477947527828789337871004136010750539589020608155106390725350489915555585581585149985347103864862355736
78950679721043090287595722413815029832330942010382108781188024380
48125638491952198359314924177718442077384056005926178207001769248786216660842064860541006992945981660902618044
3687282129623415127211332555091396811103500
129089018946734143934307192544482865878739442690851066275
65910853800
75557863725914323419135
17534347602412984774263123028981863569353499783572914746583807277243044356528486246271114436919347791910861235490174869786784573506701425640134608313044705480095711979105543472679380989509935033184763994697441036859734497028714203202759209464438364
1190675364672354313776799259808333703296304597147992926607020759452493856754433765915595925119924671215853756520836334843684300
124414956274836161891615558642950681579399532754594295303366094111375572905313585136136781999179612218450345117914155917017477554824086143530175
83606746184791922580659598373137597992810188292843616090807478564931961432488458990899031170
1279136059523145273185132059873846090181877607631284639356829792672858249591880854400007900
7826914239463191862030406448707672979435701330965616960901542501086812548132292364170629559289257640983747296031069242850650159839323
1127641956317908511471160267095309918345815185230360033248087056332190837431832761928969
1795004170596597882152314971782068495339838910192294316902264577970495
252033185495453069013920279549782371587635704494757963347297260288380598736345928705
107858969040921136385009580665829975866964376989418653992799118469841019464832537162039991838975165000
147589284710
238929629652718622648462241914991577310208
1
2068633221824670433489184542003188452793800519986055120621181057582300558031258262820113743271354304698598676820640005454791876084765949365644187089832644548328341340319401334297328059806420257099272697221982394005462448500
5486585758910362516205143369442476332819882184612657600428685976557297360982453766385922798851868635890519454174729070924803135254698506544475090240971498931699625075421321048121595981472364561240197804557962120678220778377543067602949525178159994655083017196560
3236836007853322471633410352306173996065708663125246569819926544315110918121705
88723462678654213187690144118900
3631622142856031480671650958019719382868256054933474908
7105406
116725353320520128276820501252930
29924696720135622089485408057793671828381778038863780122743767938348516823165349820401666251132609302127464217998823165753985390423306937067414232265391924164674155050945830701119167543425283689128604887391928262722090636
7373627281122788522865079319651902814170649495848007162387301829872472437907409779244975838787392698620233377447449194979977615474227426232167063467479197025940111885052132837316244518591834402193811658179846139684460502085
174165470947333560258980855784147362249287824382791374752949972176180156390210138183326018426313125045984686265786220542859516293995578910255042327225462345931082369562463570420005287390836139593909369962975947710684291726444934187893749218820779479241403
195654863661566858950356374628
1742064907142286430178832484217725148140684490859827842778716042383842957152081500818931636150
1377422804285390461517422131145919061774048806768012423254929805302992311172913038357884495470
3490829017787172970421731090910503792315310340053574707101239072351747813618407820648872389026040100046244968638796976850979446952273586956270923031786080444673359481598050
33215349780812139488605407231332016300
2610516895723221966171633379256064857587637240616032299710417
3912182978825450771567402985172798650968135809288951580631511380598887011325253163506606487477660726016206994800607030071102146254948027144329503419465726384377281213500
134863871003585421452007716216433882461128925315691207851165516401332861402588425745108488660818101607448406028551810151808111446383959822997160
170444528681468650287679823852904763873487914373317853306122307648651083066292879740221974675918544595943224736181439452057496984944444554693035848182257063989185744527784695468625
174695473222796398293577244778875692721421557652391443407650285394611788237859117965862567396420895642456218580315987059073193618425937586094469509342213871085745436175354002960602334911305200
2755525196743183941535410518488278916049318442660453762226956633229318351778971733440833265737932254987830
34123515543957213555526952789427581450363154111942110441433613811263083
742748670531527338472799395717017133658934175184880217282547356137784710746748167989905438335860877563411853703605845857075779721154962340419621397732346662271779439691512804685235425542701701534368343030675030053394894696198674885200
1979781574551307178799462414494890699616109426629972400
1696403304135701184276189962699326308454611431558430680332974959204949600
95780971304118053647396689196894323976171195136475135
178968093442406899499716387517800710774150039806062893809104708567220571768136542432943094575857247127748909714889095909665727121139476155263988824345120709932479327008661495955067826989979778968878406822494869883443306956371607883349185546391600
248536017704931425108498556715589357060524045693802999800983341767138424586589024866544117081773106268633214840
20385135345738739913778479405041209881475256678150708638249875324014813400638032122311144834897618180600
883858486588740872549148357667644516992728258564950378921330151424503532225092342057469099054293084016586304941217547795135161798098150047827418894598055537405922337590895013365678
24300226317066559521218946344733771374728825072197297076006988269975693675501526217862754929416845055258585404708095756147859238838121260380451354811
5076953277188654359325593033726152145431458225525782478006711931292729485060667930027229587680295050
671198884790816838348291805633554300866265545120716619679330027888636106526105455294870828528630394878590252847013520828954648554439934521708584665303501960305186911441734250
50521083842775347450911577623676878444070923030848241635380926227777207931929945875199
679719215416512965269542082317335096013761084477055141772467902243281233418403653142390429862053082187675639475620046442191700
29347923362732097206360786940714116610495809932220620077824652791300295528
228509476854824220817759309119303650
2473814044442150942799343267174303569239349021334015556520298147267949721308545922240463555146815571592773053219822738482000
149968824112199430886343127452377547496154527513205313818199961255121603412014149333503336114825344017028220346116425362556781550107046347942530612952273188
61705940347886126571888896701660176573271293948525864959450589
4153245810871231890865486711575229139589100054057621658193089873917574297026866352683561627106118389664447715589612325917802400
8145062595462750581545860273515377244157158659026662660413150199484971384204418690433892431186678823315996516624868825977531456406705805183198912652300469198613701610454841042693920991804678261132673652242753973348261982696792697705214492585125883940
5769766139541917462377019796949567036400267095880053018852129152135
1381192590520902902844722227750
966954552936639301849884849402952963904803354562034941694449533750055644479513621488476056848975690390705273323119991450491794650232613957851772399339427038646622977379371130939433675810966300
430823220115351116796937164827300807740977114151781622500
943421526809375497484121417619009348160243375868
4275994079280962645159187380019435382398824855141738650795582895017362890745
165528479089730234347180671900255229265591369957725953509330637420403726155153373623284911279329972262798022220270612805964677470518340157114850906842475986019960409404485174310842657894467962949345348319990698199046857725961812442654675
1272689573467325582750713736592225342035989461789786570842731924181482673895318508683041861920101844101729290950281564929286583353478541371881750171237316311573991050
7738641270357930903619818851913465846210893141066794988646654091996197851220517017563577107171651544743933172037425277770927437948746699095913444676767800440958498556497776945431626727858868977929574190574825188895642918992150438804087551200
9513789168651387062012620231083614692884355368559512489332585287641523100668517711308963073557470761085750790516193212572537749897354093742022327004168847425858681325
355737060873310933429113662990438979081458231456785761891867654106359600
24592447253963872157971691351679621242849652070342249812734857992691906824737786449760829259855442827862317512064783962959921518253341602088482507487340380843660775644738399931114249476178097653297577622193350910337336538697640
6175164307246829350243794737969639707328047563481388705760885
168971061132460826577965678840180089463506225066085202873783545036036030237229545628688117398701292184422103795035994373697609321570182636299642213928675524564450634140520896772062648375545
36244853957062485060882434171218653095910969146090309620263500870381374590616060537852161227203205902317367519061607850
145220381499572909347411529763090054761076101989249554523927190090663041411926398048087139409327104854929009883660969598831539636495345277130867435580362025122316770761813399372299674729619917108574517856852075111772328223741382616730108192962
16613178678337935994082819285360486198525228034513334471578172713647548126870427100762389779854285479524290059997108447472516640
264198405954718643309056944628430153932752081068875481525780
361413151045179500109834818760978250923134556105897550449023033529020690638697779675239169040149072289022067312726756486181891974532313991379958246361788390
25404221628065022068500555283058540681103090688882181000
1090640291258464574867735109880355780655339484976527008144971009089767378103447528301334327867539893959705758898903766849267797964308128400
3966375002683819444045516489797002240280
8552372294033585620782954237000941665585743772272518846782483250827108383878246325873052856880042247987026871478726298854583679824125092795609621621025271814654797157077860262163882248124065478712311200
22165463987685789121742456398705598954292720096871221308087923035723122508803804251603200
4289254158281119320828439041585646011242269041145073282975197875183614594443701670804809221904481053753252738361680345463871648856151114658693743822690690920909840
597148569829054919729413749639120769796709296762611599856595074976861273570530865487910142368799487314277136816483226204632984589975156488782712879186461154481370772267173736317598032
2556
819611990885951343069008266266869044521070530971446236021209228792618582890417758922812967594867512552857855818152789125236849992949753898040510772021606987006580954833624915661350024997388584263775845636977497900
5867230561745539988263015670991339623971902822701291803571588746427771078024491708068658805832099396224864623326232538482847419323059395996725
139955595512386214321789337063574448555453114008805644317343493557356911100
185885594419863880089142085921620351443799851762978718699090009898564258168252913184390639040608203369941897844678040320286659917639542136107709491325697271454882254364669210261344434200532419309860417891249182450000
59715251230127958732932508944761343100
700144167259465710890499850827964125350989071305797847866250386665299878
373329092583328
235986794967123407101982289093877440800567591506815086507851935
220883501919910159967506073322717937035161671854045162870372196252536215371319530837681809028432480266802279513602467670290747256130743706692634055570035066333765271836820665887855792525699597793799241721909838624358468526198878362251029026523695741745944121600
145165064812274161274168010540102932058171631454758387973455988230231388695740347826754342836504446763650534384128514295614303592756
24204552907267966544215302685405294
3236881783107121000592277232188970685157189240
2618643258187873137565025415813364042992590159102208
7004887439809082458894024041152347546234979729328218299444786914092372592904461563269621509411370239552815306231977580829344294230886174686071075134479249410238171958247250402077617954905551021654671264341595934362382832268
201439302362121143530161957274535870943553506125544992369514698344053638036920452129340628414519302055054320255383555207602043549254487208200
3930609351345343025796011220089322632221447980992729968717251342868676232
31456487547121896386880756806472206351300918045585803697988446084760522583460400
149545869441705062935194341982482334298704410867275073028751810897408464072548141363175006990
292149004649970937700050395539192144951540879854287920353778102407899105552510173871175406295865436878954591939030228470030787371837625136060725008266000
113949234009078182458795819446152254885595897569740156580
1
10618687128433067783992460456789232029013443659494924359217303903447123558965421565602520977504677853283309844138551485003894155970655599033023228600630695056569914163078162261191498125
37116998094693815647764811520850042241181854488783187999375399762628389830150
35458057402051616292272
43553742208455483166305647625724805949864271215829267098861147977558907536809487562105405037983042335486184479363461821575725013714314759955420786167279371962916
71856817359190056403877842445201815
7502582527401747594930346779321974475773116794424822346921018712287184910779397048763576472032281196404729800375181606573253565432888925
3669443765653856398876820420370598223276108046637813522116413049813627224459624078643810000778279931782618691910111103804120695953140458960219676161790700926635107942130
936271113909566583439409629644716583483407724650215090890251821254518150121821568663958866865420609840678177847571641684043309337278563840797473204235742469683697044144440778457376392985335
2766887841547011784564552657092873638373577627347913341000
35078153967605177811062799176443734537171076269853510950217198824721795320545548691289754543106355894
635819693190091796016760024130803925697436465827572224110
2617148304165306682513558255623808426480034363091561492564819969572417790327479427985489935581741180608814172601993853996107568589709561081812839956980
84806889863594220238808494698211549330512360170734954039407103579118330673886835241883793995355727935233842392538006
471151244955311129066205079923029494570362499047482238186504072560625688210732967919897957162230243691035645589970476339831572262291921955719344182642018165012456753760984417761718598405359988095610431868138695518472289734958739247711124600
1723813721842712883069047808696367481258446830646576978622798479362867990397372929342071125057242809493252153017289954811972693650
4273800221234780897543816975585484937979036219830611468039562840794069417443772809140883587313952125563152226914031511684528934564023759684118316056909559953086328981080980483812234905273951879018116858096
5236311030695463948181599048975159079470264433300216327249729679062418281718876565091510007589991440858456298496519984078322126900
492730366551236787750319639669873011317863805570918870652305031915892223619397198423172242187282474644889738139430826987180700
114136750
18282328821942567040611553643401295741419840270644662550376277595973418364085795931341230276213974557643788282963913657768897559951759155238019247742035099210350534157559050
16910517076696907218165978097304234660935240021657646448369099681422887431600974830124381340440399364216725226227244834956471788414049405024642048572721177350520458644648545161808302742579529705542164771009154412345870500680984065745
669941281248474624001168853291326503692559092655466046217202902344625374972389502932729894588937189169095944863369813897836431320843026991465467760
59202526603876626662614024653422673419582145139105220766576661046112816494433486747146366924981665734192754220211052879222575549300
11688868715918521744021150746
328789954571495656226796068503221811203857680073191243132025643630792225840403856771004200437049624656401314656707551524962877739517803479406338636370133907336184394752334983250065897628577180325335513665496050285
4373867657555399391893753977893403744596
4474624086754754254270223132680712925750
3397733809278863499777846058085642367928062291214202456506386805832078907383613073122536926832255824132762841064998536111606009903754255408444163836575317526315747015006936586207846210529455221079917301430709332159857258999891517743802885
589796390774562028864692273097540315258171609254219957578882636770361021343732961633102800
235897117915980083290060806326780690013599251102664986080651722993411978290988694414781371988050
4472262917044879385899809850033816323441459713129746688134837060755012540348446752410268823541685258539791762493779778
2097151
1145740932686482345936915287364701289677931816884231118811305281
2129222448106992690651985148796209687463642947896001274078069933109008275717607885060567146374705797887481886344889139701529717099333848119458833096576837089426633258236123817
164845630950
16401673978612650
2108114165258886708
400818077332643543773292215399017405479926604925542275992364913766626158167248593200892868631660520309715310
6617790764410888464497495901158711044792702704994976505684637159912994856142771804964538563477585036806759510884706973340379835721798512372705115508256993996593461415631456547826956134879017943360137770623327624960180086551741939264825
1588572977101507021960764944903655626040
328894353155600983719595718232668988996218667099004674833365019929767541929560733167499264608424959803448972022471270669082843342457897839869599419992168660874672756814900935779212720543200667260681264176783442873407158540612079192924650812008306255600
158838386093525528306768463591941517287875680983502479633128597394268779716260199575012166565979426180056725642933291052690101148324101981480152918424371120580216006725035265487917579244540956256344480
25801540030351874099720126719656601127352294613361251021574936134793926093156346738244659905319795449235774229163441165135651583824704780
11097570631257204997731046085010033685650513060095851846278966375
87874767
297967182332334331179775767725437101675139213758616588422142628313244971768654999572568
1159343660704382818778539966410217909951687591205287505604105090984181926222517146595491916636400135758238201887606870942972207788989132094537426783079593761
32907366703826690029153658117902574835297697500253691440194402422906816889922937997961422000
71823880393200
5097746201512812895410852807536869659475718068993023783431773068623838654159884885183683594733769648116477724696
898042763394524176524850581844672569419247600
62039386279828034814
66545689657054872091770048271168898844006000
26800941980586243803318705414534720614523690968984456892611874985105119115337839826476013927267428847500
454728016672574401537747200
693532962422953854685351890411916571641949660957288085414963550880294185581376294604123260603630
890250421323882714525591156398988675399047049283926340833989098687527529021357544131006461032569227800538178877559731194305224926345728691154295018831755820695662507504336597097021160
1
2610516895723221966171633379256064857587637240616032299710417
13435991487161522927705273781041195373864245988480366167557560092427432303819627600
77638244527853261672628623338353318110832090485693397852926541
1537005939926331388114553543661585630609535817404639020937521011231409169042081912476334962332925459714771861583309365830091686404933363638258206580532768150662263329987561440311379472034178483905834604863846400
8535654867014108726621372491028231537309822038225701249971870458783998884645785777186166509960957115509948884678364751066643665329435292795097570335824337880196259558831505165086358996237594845200316609471684949030828588154360687412185132180578635400089460
811785616876784890844837284048049549426197374694804076056021001215559613506679495447766553590810589369842699692792438449297606757284958508361551858888601813024992095213274550934681095377030718539938870360
20115977958336737005599514665174470345523137019331552132072786050571240704781399818064482716918271056419077364073739984128968379948966621319709198802933543420751940862521646216853468935219384463648836698400
28453877
1381740720258253085860373495990313498254848163890643162605822875269841902674243260901854262877727183312280248000
2009319868591638712442389488815836001097120
4878922519578785668544140001088271095203943069660659573908501732550776022271938773204562511663633206212164165920655068896625915351538545208899012115010840903295969651144575650795415576479816489000
24247645611755002919944233858576460909506813467347644386543149598102166613284708603482732324949663570561403826127116851662600
2724502977055498768949288453825346592722380603321528570077316430129613826973169401788799516349453043984920395804218030039886325950079114245310725300
34083859575408843495025520606337278407439072803528606288479960153837099770799453724401322526570409641801674781630743633363437999996214978307339913869874384390
1632164115633563635112684616295950988249895086174264738038834625137351134576825923610225580
181509070050
12909704879058248838287302187606661956941391639647663372953735836642569425781006473750312538545440458359737616535910884274218270366570634265175844384009030273971705399362839775
37352231963430393054397473
556757983009899718126407151886553128820
1919486571836019446592892990630712891713124377125
10397002819328588800043161826838935008928413772026407284813658545686788018785060110365123913222926812350300210512151180823549200
9531406223095810014925874061918826071437107297251250178681152567710297852897168678215932712548532525647888057700557349964715953331137670438696789823859967357869593962789975724578103545342692571387011743067124908
9602958266648390921220195557150649390045514435319766319737607641956345715300
