1218556 79
166455 18
1450495 99
436530 32
912466 61
120782 12
1176179 72
814481 61
460714 38
33720 4
126157 12
382299 32
959986 65
33737 4
1251899 86
82512 9
668645 44
1240654 89
1528113 97
1095757 77
438557 39
961655 65
1175260 80
333938 33
282736 23
624376 44
1131039 77
1435403 94
563663 42
21259 2
133338 15
189859 15
1292857 75
981621 76
197950 20
1316179 85
744273 54
1370302 91
513132 47
119177 16
1145304 83
332057 23
996375 71
1078104 74
890681 59
436738 34
101059 9
1427157 91
362294 29
544297 46
182510 18
344178 26
612863 48
1286551 88
1505942 97
815636 60
717186 46
162917 17
1063849 75
1243306 78
1382486 94
1242220 78
507693 38
1324473 84
1314951 82
1253472 84
170117 14
223052 17
382625 37
808171 63
1201741 82
50472 7
780489 55
1085719 70
1066228 66
1104704 84
590064 45
887247 62
835592 56
573760 43
308944 20
917521 63
656688 53
263583 22
978298 75
491186 39
740216 60
262000 27
651757 50
676949 47
160996 14
310920 29
612274 46
366068 32
58246 7
315487 27
1168928 85
449950 39
211135 22
976616 61
62158 6
1595826 97
889145 69
1490294 93
597199 46
993361 64
59335 6
1230826 74
919699 69
1147797 77
519611 37
304420 28
427298 37
192336 21
1396410 99
972564 70
62332 6
116524 12
257067 22
18921 4
119305 14
675064 50
1126521 82
1091001 73
100471 13
240904 24
1279629 92
173883 17
248770 21
1303029 97
167821 15
1349101 85
51889 4
864641 61
438952 33
1232348 82
1004405 73
252533 22
1531960 102
124674 13
251106 25
647451 50
890005 67
404064 34
445138 40
27319 4
28792 3
579786 44
700986 65
292027 31
591859 41
62097 8
1100641 75
160736 18
119078 14
1444801 94
327355 25
1034932 71
940571 70
689250 58
732684 53
719098 56
707531 53
843423 64
1467268 97
891588 59
497633 38
744235 55
658056 49
943709 73
318284 27
1483962 97
653917 50
1157946 87
125266 8
472239 40
236782 22
919114 66
1150408 81
1100349 80
141551 15
70049 8
430185 38
532452 40
93904 10
1235300 74
830762 62
543350 47
1465169 90
561607 47
23758 2
403348 33
113378 11
824550 61
19278 2
513244 43
1484689 95
421595 35
1097723 83
392350 32
816468 55
755196 68
849503 65
1043415 76
401098 35
452439 37
1589836 96
1105098 77
1129817 74
992841 70
75901 10
1579338 93
903562 63
1337893 92
1817 0
1200631 77
1038324 71
750238 53
260206 22
318138 25
1205166 81
118340 12
212393 19
959036 78
757284 60
738584 50
373095 34
838426 67
1236956 91
1197576 71
481690 38
936966 68
82543 7
776665 64
828319 49
758613 58
1277600 83
1430453 91
359671 29
512437 39
960644 68
1033408 70
796923 57
808397 54
1185658 80
17779 2
434229 35
702939 55
213072 18
709854 51
1258611 90
968361 63
1150711 79
463823 45
97630 10
501785 42
239495 19
1053034 71
562451 38
1073478 77
45564 4
930347 65
1172612 81
994844 67
24449 4
634966 49
805198 57
33598 4
608659 53
1151466 69
56718 7
1117800 87
265312 21
982641 59
18127 1
214276 16
1277519 81
1097859 77
301878 29
1145856 84
1393712 94
1432369 97
624213 43
1369859 93
1261170 79
311729 28
1058456 74
463649 32
909235 66
779520 53
1145555 86
887434 68
152253 14
464766 37
728557 47
225344 20
290375 21
794042 54
77790 6
1323554 90
453350 34
577643 41
1189741 91
717927 51
320441 27
624812 49
508183 40
457183 31
982711 63
8972 1
100083 8
1300522 95
788211 62
329252 29
602413 38
54384 7
233099 26
1110882 84
1001366 73
1395610 106
290356 27
101894 12
78675 10
1093557 77
1161271 73
185510 20
472081 34
1329467 89
741190 56
963436 70
1283465 86
1039609 69
710233 48
367349 27
949749 73
438445 34
1410329 84
1195110 85
254022 20
1236290 89
552024 39
117412 11
6215 0
1033629 77
217677 16
1127640 77
87326 6
805453 62
806770 67
344476 27
813912 56
246265 24
580241 45
236393 20
1291837 90
569935 42
717539 55
168632 17
1123936 79
1202664 88
1499389 107
24106 3
446361 32
68508 7
1560514 95
103486 10
233635 23
1320167 97
1475832 99
15329 1
706061 52
135413 15
268044 20
1150164 82
1260585 92
521592 44
1422920 97
396919 32
954337 70
94519 12
308200 28
504375 38
460482 36
1076035 74
1430557 89
363232 27
1214284 92
609611 47
540409 44
623556 45
1050561 65
1280427 91
887184 64
443978 32
1236513 89
482989 38
121685 10
1398133 95
876834 64
1477903 92
577347 45
507275 35
748662 54
778173 61
322644 27
20095 3
1542636 102
853954 64
326085 30
274582 27
836131 56
787341 58
7520 0
435346 36
202953 18
525104 41
1133905 70
551676 46
1104588 78
541079 42
780316 53
185934 17
157130 19
31114 4
194246 19
136270 13
738549 58
605540 48
1275450 78
1345725 87
301922 29
35734 5
1153400 85
1422629 87
1271835 83
643030 44
1128061 72
1315182 88
666625 46
866396 62
299415 21
1007190 72
8788 2
670254 49
1407533 87
1095109 70
1509422 90
611398 47
748296 55
77651 8
57941 6
834321 59
666729 45
138085 11
22184 5
690667 46
1142825 76
1030781 73
373451 36
34021 4
36290 6
1079739 73
510818 42
353819 33
351080 31
295639 27
855406 63
541595 41
953070 59
1088212 73
1239527 92
695350 51
784568 61
659568 48
381689 34
690661 46
711316 51
369797 32
728580 57
108412 12
902357 63
1342330 92
443526 32
185831 20
44524 5
798739 58
103311 8
676839 42
534988 46
1500586 93
1437389 86
189156 19
824796 54
507908 38
926849 63
43611 6
213736 16
424903 37
11034 2
321299 30
52157 7
523955 36
612074 47
56536 6
452791 42
1234741 80
1292140 92
236306 17
782694 57
1014480 72
1454870 96
483202 39
618152 54
61709 6
1064664 74
958629 70
371978 37
530626 40
666657 52
951244 66
1376281 92
4851 1
578456 41
1308939 83
1145969 78
488924 40
359128 26
231537 22
265634 20
442294 30
1369274 92
1266770 82
185390 16
1261598 79
1347948 85
349133 28
84885 10
421706 32
570966 41
714502 61
707038 50
14565 2
933892 67
181304 13
1286195 87
1473307 97
66009 7
43519 5
1050588 77
1323519 97
1245759 78
1020528 79
419041 35
631627 50
926881 66
1153403 79
1193254 82
985815 74
145593 14
537440 40
349633 28
424031 32
275396 29
853158 59
1052698 66
10654 1
8764 1
138085 12
459697 38
1091899 80
543331 45
55724 7
747620 51
874256 64
188057 20
66113 5
651635 55
450045 32
89158 13
297390 31
92597 9
135418 15
137561 13
15840 2
1080908 77
640337 43
596925 54
891534 59
1023378 71
1257334 89
1079725 73
319369 22
937836 66
509412 41
410090 32
1445433 96
253963 26
946053 77
635660 50
1037727 75
372831 30
200721 18
1437465 105
204581 26
945543 65
1464379 88
157593 15
884801 65
947351 72
487219 43
729050 53
650007 54
731942 48
304868 29
13484 1
326634 25
340928 29
972867 67
955207 66
1039664 75
773557 59
196010 18
971504 60
719855 53
843996 63
140736 13
802032 63
334889 26
883995 66
1381856 91
211424 23
499492 41
369749 36
575830 47
739531 58
583701 45
116758 10
241478 20
1381088 90
1130 0
1174954 77
481175 34
832242 62
1212388 80
169458 14
882806 64
229396 24
1278991 87
15323 2
176335 15
55873 7
240441 19
343710 34
672558 53
1362582 83
327536 26
1332686 93
450574 36
4236 1
567465 49
662011 51
613274 48
438293 37
824233 56
361413 32
403785 34
1322232 93
631317 49
683002 44
559170 41
1101241 80
1111242 79
1294400 89
242831 23
43309 6
14696 1
956871 74
1012938 70
40271 5
257176 21
464329 39
1103871 82
598421 43
917727 67
514587 44
825789 53
278667 22
140676 13
1139500 79
1508940 96
447031 34
1360024 101
1343501 90
643517 47
1352156 87
1275117 88
1113038 81
170406 18
290986 25
41173 4
436240 31
1399878 99
904940 67
895553 65
904793 72
638921 45
1585212 101
871402 62
798353 57
576018 52
84597 12
1139158 76
200021 18
459891 34
685141 46
774144 54
381857 28
218287 21
1373238 79
948106 68
557113 41
1023733 68
822973 60
2205 0
287928 26
124881 14
905184 66
108128 12
1120465 80
1031548 67
1348566 97
95838 13
945095 70
302418 22
1172778 82
608482 48
681321 49
208887 21
568431 45
200126 22
408111 33
1272420 97
878387 64
1116945 85
842869 61
376344 30
365768 34
907525 63
1060474 78
1326488 91
1371535 87
134889 12
1276670 83
247475 25
506782 43
454384 34
287348 24
318973 26
1137231 77
1196464 79
689792 52
52377 6
1246714 96
1340865 89
783777 51
485337 38
263051 22
948375 61
1475989 91
1041742 66
843825 67
499622 36
992494 69
323937 23
629762 49
118580 11
504579 38
563623 44
346978 29
1091655 68
1142087 76
1152530 84
1169141 80
10548 1
231880 27
692387 56
312920 26
1216058 87
763010 57
623816 46
855962 62
929998 66
1036873 76
845410 56
429689 38
523290 39
343158 29
1267591 88
630379 51
395052 36
83028 9
4397 0
687394 50
701362 59
1378213 101
99421 10
541206 37
958172 71
410441 34
113032 12
713324 53
968816 67
753060 67
401411 30
151958 12
671688 59
612793 44
1123663 80
1373681 95
511770 42
544023 44
263184 25
919594 63
967584 66
200854 15
161048 16
144752 16
742291 53
1189714 78
350935 33
1420346 90
828446 59
1296684 84
590274 49
924498 57
296034 20
1304406 91
362618 33
202048 18
23825 4
190802 18
1158668 82
785513 58
1150108 74
822505 54
67019 8
958710 59
581697 42
1652389 106
1429680 96
1450786 89
1245099 76
471072 37
1121128 75
1139728 76
1244744 85
227436 23
1024678 72
4145 0
589185 47
492489 42
240181 17
1473942 93
1159015 84
388377 29
975679 65
215922 19
775583 59
1374547 91
1158527 75
264407 27
358119 36
985128 68
628218 43
1313509 85
1397748 89
1520173 96
878692 67
22436 2
107171 11
1003993 73
26683 5
1250448 86
27143 3
434003 39
717245 56
579540 45
712115 52
171488 17
34970 4
168743 17
190716 17
970878 70
452751 37
1134154 86
802472 56
646964 47
1066771 83
1012823 73
1392870 96
733766 56
1479026 97
154529 14
509751 36
764058 51
1135464 81
36977 3
27088 4
1309564 83
396529 30
881544 68
149756 15
228299 21
189668 19
379168 31
191456 15
119443 12
390636 32
721510 57
843020 59
1403429 98
1318871 88
1135902 82
1365256 93
21852 4
671566 62
166821 15
209212 21
890615 62
166205 15
1444315 98
937395 77
1266753 89
184662 15
964052 66
115107 12
104469 13
827287 58
190983 19
270704 22
872732 62
448565 38
125786 12
256965 27
1184007 81
6331 0
1469528 92
685509 58
660581 49
1344195 97
90392 7
1347410 83
84805 8
926720 66
1109482 76
1338374 87
878851 70
659821 57
609321 41
102461 11
690441 57
1063777 72
1063383 76
181361 16
597111 46
858625 58
360365 34
1309919 88
6673 1
106164 11
1239915 96
1119824 78
123469 12
1102620 74
745706 55
1436154 95
1373877 98
1262007 92
12375 2
1326775 92
780777 56
82345 10
1467726 98
730018 54
279777 23
836542 69
1375359 93
1506735 88
438242 33
1038783 70
1450367 96
55664 6
841011 59
1417643 96
360982 34
609642 51
140504 17
568065 39
526633 39
1473097 99
