138763 14
466387 30
109845 13
138785 13
347527 31
492962 38
45382 4
1534895 98
43094 6
354188 30
172507 16
347553 33
594242 40
1168649 79
253971 27
615420 45
863785 58
1284005 83
765852 60
8970 2
86316 9
374498 32
1342413 88
672229 53
1131806 76
321828 25
4866 1
42612 7
1062236 70
1024915 77
552574 44
1114452 76
585581 49
873260 71
695548 50
290393 21
209186 14
446614 35
1145718 79
753204 53
731804 53
595633 43
1234473 84
644183 46
671903 50
359891 29
1303723 90
1047573 84
177883 18
1213418 77
1089943 75
717314 49
1374576 91
1050146 75
659926 52
456456 36
520314 39
836026 63
62717 8
1461780 101
466335 36
547216 42
283913 21
1363578 84
1291008 79
183930 19
1065088 81
779169 55
55330 8
212226 24
1396673 97
121428 12
1172006 81
75060 8
827394 62
77101 9
270162 25
30280 3
701444 52
1214807 82
1194346 78
699687 49
484863 32
50391 6
410533 39
713779 49
1005592 72
1149162 69
159949 15
75088 7
1454674 88
1292747 81
399833 36
129777 15
46313 6
1607843 94
1130101 74
1326330 89
153383 18
681382 50
561858 44
862586 57
1121424 74
798427 56
357017 30
1100845 77
29483 5
282990 22
4796 1
1156743 78
10117 1
710288 55
99649 11
1394866 90
1016945 71
35629 5
826524 60
1267632 81
527119 44
556459 42
1316640 95
391190 29
759850 45
360616 27
233566 22
1121323 74
885743 65
1067745 80
292761 30
1080895 79
1241674 93
151887 15
698912 55
1439229 89
112969 11
483818 37
177854 14
197726 22
10190 1
134943 15
443730 34
6107 0
667260 52
132564 13
1158204 76
240221 20
157824 14
50119 6
1111301 75
1107426 76
957971 76
773302 59
843268 58
559034 43
24395 2
883882 66
1384724 100
71496 7
1297991 83
333034 28
155867 13
1060843 69
1083368 88
325836 32
603187 44
512987 43
1345676 88
1285575 88
728142 49
885229 63
116985 16
92230 12
84458 10
545649 39
449040 33
407764 38
1184011 81
966714 68
40078 5
314076 25
171843 20
450553 40
197824 21
978434 68
793087 61
368492 28
1082142 72
609392 50
855636 73
315661 28
638501 54
1042379 76
798258 55
679797 57
1239138 89
28755 3
829358 62
6614 1
919456 60
1159687 78
70337 8
1336641 82
407478 34
626507 50
598945 51
1083994 75
1106693 79
266690 25
1344620 82
549232 43
106521 11
1000807 75
1391070 100
1057310 72
135124 14
757486 61
97205 9
305347 27
625560 49
1302599 81
1224874 80
1070354 64
572469 38
779792 53
177953 14
820736 56
68691 6
894606 65
1082260 81
744696 53
111908 10
428465 35
136307 17
1000418 72
1195148 83
35910 4
1436957 91
465131 44
82834 12
221419 22
448194 37
134669 14
1459285 95
219549 24
1243494 87
37463 5
119879 10
1337737 88
11254 1
128060 13
1228435 82
876492 65
612043 47
785042 62
459814 33
1423736 87
1012487 66
115946 16
390573 30
494326 45
873447 67
1227743 88
1496 0
399587 31
1198644 74
250388 22
297229 23
377562 30
419890 40
1335501 85
1198221 83
6860 1
803119 55
643338 48
962637 67
176011 14
437164 34
1071962 78
39634 9
713088 54
1077647 71
342400 34
1288776 91
217041 22
765366 55
210487 19
386210 37
16813 3
15525 4
557804 47
1012590 66
124115 14
771754 53
337693 31
1124804 79
1384410 91
878320 66
1181425 72
718023 60
289989 23
1334288 90
568871 51
1024158 81
43691 6
480064 32
937917 70
453181 34
1183576 84
548564 40
148004 15
678694 53
836111 57
220671 19
1246797 89
599537 43
152695 20
1129531 83
14949 2
195477 22
1296733 90
627228 55
177245 17
13319 2
722014 46
1213776 82
476907 41
663936 52
1091975 74
114854 14
1508754 95
645159 50
543176 45
309032 29
1003330 76
976431 66
114759 11
1206544 82
1162477 79
574858 41
213667 19
364213 29
1239345 87
1074451 81
476956 36
47893 8
107732 15
921229 68
1417159 98
888108 61
79430 11
40795 5
698700 53
214743 19
204101 20
866865 60
278135 25
644407 53
1438244 91
1122304 86
689017 50
1081928 79
280817 23
117733 14
1144292 81
903319 57
576883 41
863753 58
504129 41
228479 21
542902 40
698266 49
1326549 93
500799 44
1120631 76
622469 45
37148 3
1331330 89
602241 46
1557027 103
581182 43
984835 62
788526 58
573753 45
549096 41
1374065 90
118558 16
814712 60
1131676 78
1413621 90
382772 29
1480637 96
259864 21
981011 71
1292451 89
1323583 92
554473 44
933867 68
212945 23
365154 26
464785 38
1095934 73
1301276 88
931301 56
1286770 84
1236136 82
835958 54
742499 52
50001 6
71619 9
1497609 94
970413 71
1169864 78
906774 66
313249 25
1039766 66
236929 21
1059286 75
15080 3
1077668 74
1363362 90
950794 73
1373176 92
1320402 96
1198384 82
562142 43
209215 24
32675 5
926899 70
186471 23
1194683 94
312644 29
1103846 76
295340 23
120816 16
1009054 73
157640 13
1368272 89
405741 37
418951 34
1025680 78
88373 8
775190 55
304023 31
1034241 71
232920 22
541289 38
64841 5
1037796 60
342874 24
390270 38
1362118 90
792473 52
1517799 90
1091176 73
1149408 70
2622 0
25748 6
420345 33
1142082 78
1145279 76
436806 34
1486776 97
150398 15
271440 22
307349 29
52817 5
1287582 84
767879 63
346247 25
1194996 79
91396 10
721952 53
81370 9
831333 62
288775 24
1421024 97
90510 12
1539780 90
973722 72
955003 69
525224 43
806752 52
713337 56
755887 53
1013906 79
241069 21
1051165 79
634763 46
1151833 81
688859 47
221741 18
468278 41
1379912 95
142134 11
95782 11
1484487 97
939214 70
1207467 90
495949 42
1489004 97
1385442 93
608220 44
62221 7
713618 57
75973 10
977555 73
610204 48
164939 13
1548853 100
701585 50
755129 61
1136554 77
135154 13
817243 69
604318 42
745958 59
1344325 89
462997 46
151003 15
252005 22
326241 24
583658 43
503648 38
1081940 74
1382569 97
424507 40
1304186 91
58515 7
509949 36
139861 12
941164 62
698018 49
1490947 87
1244727 88
1219351 76
357794 27
890490 58
834974 63
860148 61
145160 13
1568003 95
510368 44
424182 30
346365 24
1467553 93
1049392 70
151958 16
248532 18
1345152 87
152509 22
117991 11
616033 41
633515 44
50129 5
251819 22
1366006 93
1338176 87
774298 58
578366 42
772208 57
176865 15
687501 52
95747 13
656124 54
1475043 95
382925 32
190254 14
1030347 70
1219113 85
1183412 76
304646 26
957859 62
491303 38
682783 53
987617 62
1341947 87
999838 72
324107 23
479683 38
550648 40
460743 33
1515696 104
702410 52
1188039 74
857829 57
938731 61
212501 20
1204540 84
1050317 65
933124 74
109581 8
179810 15
120580 12
453823 36
58597 6
222366 21
793816 57
1523605 102
1027919 72
1142674 73
1293378 86
88932 8
1302781 83
199132 19
744049 53
412603 30
1112204 79
987047 64
279993 26
147195 14
637914 39
349505 31
556359 41
612564 47
284419 17
1404982 96
138685 14
1467596 96
913100 64
1113159 76
443667 34
1448320 102
969494 67
13209 2
971261 64
447081 38
1143161 74
516860 39
319654 30
1521160 101
6685 2
310704 27
392313 33
1309274 86
407264 34
1236204 84
1400593 91
73720 11
118301 14
1041722 74
1288508 83
846716 70
1009927 67
829779 61
883088 58
137608 14
222869 22
1091464 73
207344 17
1081109 74
1212437 81
735861 53
586350 45
318895 28
1426720 87
1301271 86
375127 26
1037537 67
1032817 68
1023172 71
734669 61
44931 6
267422 19
1164711 82
209320 20
1083561 75
186382 18
1422585 97
166786 15
688477 50
1217489 86
1011444 77
659436 54
862585 65
1264156 85
331864 34
553263 45
213058 26
103438 10
571109 48
984008 61
256413 21
744919 58
278201 23
15541 2
1423992 95
168858 17
1124078 77
1145084 80
651376 48
167229 22
463931 34
380012 29
673441 52
596171 45
406330 34
1242371 83
1260904 93
750066 60
166958 17
1041182 74
1049778 80
621893 49
624566 53
454189 34
722105 57
1246579 83
944605 73
1344049 92
632763 50
168341 16
347995 32
224761 24
980309 71
1019604 75
1423953 96
1183325 77
1134572 79
165757 14
1390246 97
123451 13
274725 27
659793 46
1555291 101
616477 42
972183 55
719626 55
2073 1
983690 76
450588 40
582856 43
1027352 79
692772 50
559173 38
1096469 71
473274 40
950204 65
923160 60
1164688 84
1318212 82
1291715 85
517300 48
28759 3
917720 70
606309 51
1190926 76
1463708 99
566948 43
1115581 73
1000467 65
248688 21
1231262 77
936403 74
1266012 81
442687 34
1125672 80
134240 14
1223365 70
183041 14
492974 42
1594347 95
1149157 89
241131 20
548460 46
798996 61
34372 3
1011933 68
454982 34
989596 75
611604 40
646508 43
861502 60
1379427 91
1377380 95
654414 51
283784 25
11076 1
592543 47
603823 52
412975 31
167585 15
1302547 82
365890 28
318987 29
21936 4
802159 54
1374315 96
75841 6
1082238 69
660171 48
945891 81
516271 42
798932 64
1549860 94
694063 48
1125736 79
117875 12
1095705 72
247295 20
825131 60
407702 32
476704 42
603218 42
31120 4
512001 40
85252 11
550381 44
335594 26
869229 69
273806 21
317507 24
1210575 77
193304 20
1092672 75
1332393 88
796431 53
808360 54
3441 0
44165 8
913202 64
1407933 93
1351354 89
1549919 100
883739 61
54952 8
358790 31
166667 15
543100 44
84097 7
1143822 81
640268 51
26993 4
250889 25
385877 29
938984 64
648844 46
1048132 68
367896 32
58591 4
243402 18
1125427 79
1468216 94
675351 47
239457 20
127824 12
544713 44
665981 43
1387288 89
838945 73
1051651 77
675021 53
1044562 66
1456578 96
615153 41
788843 55
240008 21
1450178 89
1037320 74
1129897 80
494144 33
21972 3
505393 35
923981 68
529103 42
1250576 82
24549 4
182396 15
354610 29
1497752 93
1835 0
1163998 78
864764 62
862824 61
1119118 72
15119 2
1447942 100
794954 60
43148 5
660021 57
763929 55
692210 52
116769 11
1149655 79
1113271 87
506038 41
1218098 81
50507 6
17978 1
364771 33
1076797 74
493120 45
225772 23
697094 57
773671 56
553794 44
235929 21
760296 58
1469005 94
82257 12
1172651 77
1149075 83
597609 42
934706 65
485278 43
160992 16
170994 17
802318 57
1426320 95
418728 35
16042 2
418607 36
4792 1
238819 22
20799 2
964258 70
634957 50
476653 38
637303 45
231636 20
773913 54
775016 62
694765 58
429808 37
1153163 82
880903 61
873554 59
809681 66
158830 19
166583 19
344269 33
1148477 86
992173 68
110432 14
148629 17
202794 19
1302994 85
1191894 72
347227 28
820414 60
878569 68
909803 72
1175456 77
153866 17
711925 59
806219 63
504537 37
1266012 82
537725 40
15673 1
511830 41
74299 8
1482150 97
1485968 97
699670 63
1096300 79
865082 64
195962 24
867888 55
68885 7
857614 59
593954 43
95117 8
252812 24
1215614 75
52427 6
405315 33
58031 6
788907 59
729087 55
1072027 77
268497 25
1270495 87
773020 61
746126 62
570291 42
991153 75
508907 38
599453 45
848403 62
1284282 81
535961 40
220458 19
300788 27
924648 60
764658 56
1075377 74
614706 45
823392 60
61092 8
18637 2
1009546 69
1102205 72
1198669 86
853297 58
1103885 71
300633 21
650272 51
468135 42
477723 38
664931 56
