Kalop Mada
, ale coz to cos go zjada,
biada mu biada.
Moze toz to jego wada
Przydac tu sie by dobra rada.
Ktos kto by dobrze obada.
Czy to Kleczek? .. - NIE!
Czy to Kinia? .. - NIE!
, alez ktoz to
to cien czlowieka
odbitego w lustrze
tak to on, ona, to
nie wiem znika
, ale coz to zostal obraz w pamieci - w komputerze
, bo tEN choc mial glowe
w druga strone od tego .. widzial
co prawda - obraz, a nie jadro macierzy
, lecz ktorz w tych czasch uwierzy
w zapis komputerowy lub w co kto cos w oczach mial
predzej sie bedzie bal
, lecz prawda zostanie prawda chocby przez wode
, i ten kto to zmieni biada mu biada
, bo go zniszczy Kalop Mada

Lecz tak widac na nie zmienionym
bo ten co nie klamie temu uwierza
chocby sie dobrze uwiarygadnial

choc te
